SLURM_JOBID=6842751
SLURM_JOB_NODELIST=dt-cpu-01
Submitted batch job 6842753
Submitted batch job 6843054
Submitted batch job 6843293
Submitted batch job 6843433
Submitted batch job 6843653
Submitted batch job 6843793
Submitted batch job 6844098
Submitted batch job 6844254
Submitted batch job 6844528
Submitted batch job 6844616
Submitted batch job 6844935
Submitted batch job 6844995
Submitted batch job 6845267
Submitted batch job 6845336
Submitted batch job 6845536
Submitted batch job 6845576
Submitted batch job 6845776
Submitted batch job 6845816
Submitted batch job 6846016
Submitted batch job 6846036
Submitted batch job 6846136
Submitted batch job 6846156
Submitted batch job 6846258
Submitted batch job 6846278
Submitted batch job 6846379
Submitted batch job 6846399
Submitted batch job 6846499
Submitted batch job 6846520
Submitted batch job 6846620
Submitted batch job 6846640
Submitted batch job 6846740
Submitted batch job 6846760
Submitted batch job 6846892
Submitted batch job 6846913
Submitted batch job 6847047
Submitted batch job 6847092
Submitted batch job 6847245
Submitted batch job 6847273
Submitted batch job 6847434
Submitted batch job 6847455
Submitted batch job 6847570
Submitted batch job 6847596
Submitted batch job 6847710
Submitted batch job 6847731
Submitted batch job 6847852
Submitted batch job 6847889
Submitted batch job 6848042
Submitted batch job 6848085
Submitted batch job 6848532
Submitted batch job 6848656
Submitted batch job 6848822
Submitted batch job 6848894
Submitted batch job 6849048
Submitted batch job 6849431
Submitted batch job 6849655
Submitted batch job 6849676
Submitted batch job 6849817
Submitted batch job 6849839
Submitted batch job 6849940
Submitted batch job 6849964
Submitted batch job 6850066
Submitted batch job 6850087
Submitted batch job 6850204
Submitted batch job 6850224
Submitted batch job 6850326
Submitted batch job 6850557
Submitted batch job 6850706
Submitted batch job 6850732
Submitted batch job 6850848
Submitted batch job 6850879
Submitted batch job 6850986
Submitted batch job 6851011
Submitted batch job 6851114
Submitted batch job 6851135
Submitted batch job 6851237
Submitted batch job 6851257
Submitted batch job 6851359
Submitted batch job 6851380
Submitted batch job 6851486
Submitted batch job 6851510
Submitted batch job 6851675
Submitted batch job 6851708
Submitted batch job 6851834
Submitted batch job 6851877
Submitted batch job 6851994
Submitted batch job 6852029
Submitted batch job 6852158
Submitted batch job 6852220
Submitted batch job 6852361
Submitted batch job 6852454
Submitted batch job 6852651
Submitted batch job 6852879
Submitted batch job 6853245
Submitted batch job 6853308
Submitted batch job 6853419
Submitted batch job 6853466
Submitted batch job 6853596
Submitted batch job 6853654
Submitted batch job 6853799
Submitted batch job 6853824
Submitted batch job 6853927
Submitted batch job 6853949
Submitted batch job 6854051
Submitted batch job 6854072
Submitted batch job 6854174
Submitted batch job 6854197
Submitted batch job 6854303
Submitted batch job 6854327
Submitted batch job 6854430
Submitted batch job 6854451
Submitted batch job 6854555
Submitted batch job 6854576
Submitted batch job 6854681
Submitted batch job 6854703
Submitted batch job 6854806
Submitted batch job 6854828
Submitted batch job 6854934
Submitted batch job 6854955
Submitted batch job 6855060
Submitted batch job 6855086
Submitted batch job 6855191
Submitted batch job 6855212
Submitted batch job 6855321
Submitted batch job 6855380
Submitted batch job 6855500
Submitted batch job 6855543
Submitted batch job 6855660
Submitted batch job 6855711
Submitted batch job 6855839
Submitted batch job 6855881
Submitted batch job 6855993
Submitted batch job 6856039
Submitted batch job 6856168
Submitted batch job 6856206
Submitted batch job 6856331
Submitted batch job 6856375
Submitted batch job 6856504
Submitted batch job 6856567
Submitted batch job 6856690
Submitted batch job 6856710
Submitted batch job 6856812
Submitted batch job 6856832
Submitted batch job 6856932
Submitted batch job 6856952
Submitted batch job 6857052
Submitted batch job 6857072
Submitted batch job 6857173
Submitted batch job 6857194
Submitted batch job 6857297
Submitted batch job 6857317
Submitted batch job 6857418
Submitted batch job 6857439
Submitted batch job 6857539
Submitted batch job 6857559
Submitted batch job 6857664
Submitted batch job 6857684
Submitted batch job 6857789
Submitted batch job 6857814
Submitted batch job 6857926
Submitted batch job 6857946
Submitted batch job 6858051
Submitted batch job 6858075
Submitted batch job 6858201
Submitted batch job 6858242
Submitted batch job 6858362
Submitted batch job 6858403
Submitted batch job 6858530
Submitted batch job 6858584
Submitted batch job 6858707
Submitted batch job 6858751
Submitted batch job 6858872
Submitted batch job 6858919
Submitted batch job 6859046
Submitted batch job 6859092
Submitted batch job 6859220
Submitted batch job 6859276
Submitted batch job 6859414
Submitted batch job 6859455
Submitted batch job 6859561
Submitted batch job 6859581
Submitted batch job 6859683
Submitted batch job 6859705
Submitted batch job 6859808
Submitted batch job 6859828
Submitted batch job 6859930
Submitted batch job 6859950
Submitted batch job 6860050
Submitted batch job 6860070
Submitted batch job 6860173
Submitted batch job 6860193
Submitted batch job 6860296
Submitted batch job 6860318
Submitted batch job 6860428
Submitted batch job 6860451
Submitted batch job 6860554
Submitted batch job 6860577
Submitted batch job 6860679
Submitted batch job 6860701
Submitted batch job 6860803
Submitted batch job 6860826
Submitted batch job 6860929
Submitted batch job 6860951
Submitted batch job 6861062
Submitted batch job 6861092
Submitted batch job 6861205
Submitted batch job 6861267
Submitted batch job 6861407
Submitted batch job 6861457
Submitted batch job 6861592
Submitted batch job 6861656
Submitted batch job 6861806
Submitted batch job 6861864
Submitted batch job 6861991
Submitted batch job 6862033
Submitted batch job 6862169
Submitted batch job 6862213
Submitted batch job 6862321
Submitted batch job 6862343
Submitted batch job 6862446
Submitted batch job 6862466
Submitted batch job 6862568
Submitted batch job 6862589
Submitted batch job 6862692
Submitted batch job 6862713
Submitted batch job 6862815
Submitted batch job 6862837
Submitted batch job 6862942
Submitted batch job 6862965
Submitted batch job 6863074
Submitted batch job 6863101
Submitted batch job 6863227
Submitted batch job 6863263
Submitted batch job 6863374
Submitted batch job 6863419
Submitted batch job 6863550
Submitted batch job 6863609
Submitted batch job 6863750
Submitted batch job 6863797
Submitted batch job 6863936
Submitted batch job 6863996
Submitted batch job 6864132
Submitted batch job 6864192
Submitted batch job 6864338
Submitted batch job 6864363
Submitted batch job 6864463
Submitted batch job 6864486
Submitted batch job 6864589
Submitted batch job 6864611
Submitted batch job 6864712
Submitted batch job 6864732
Submitted batch job 6864836
Submitted batch job 6864858
Submitted batch job 6864961
Submitted batch job 6864985
Submitted batch job 6865087
Submitted batch job 6865108
Submitted batch job 6865217
Submitted batch job 6865246
Submitted batch job 6865361
Submitted batch job 6865398
Submitted batch job 6865534
Submitted batch job 6865612
Submitted batch job 6865788
Submitted batch job 6865871
Submitted batch job 6866013
Submitted batch job 6866061
Submitted batch job 6866185
Submitted batch job 6866258
Submitted batch job 6866363
Submitted batch job 6866386
Submitted batch job 6866495
Submitted batch job 6866528
Submitted batch job 6866656
Submitted batch job 6866722
Submitted batch job 6866880
Submitted batch job 6866946
Submitted batch job 6867090
Submitted batch job 6867156
Submitted batch job 6867297
Submitted batch job 6867372
Submitted batch job 6867528
Submitted batch job 6867556
Submitted batch job 6867665
Submitted batch job 6867689
Submitted batch job 6867797
Submitted batch job 6867820
Submitted batch job 6867930
Submitted batch job 6867957
Submitted batch job 6868070
Submitted batch job 6868103
Submitted batch job 6868220
Submitted batch job 6868262
Submitted batch job 6868387
Submitted batch job 6868442
Submitted batch job 6868578
Submitted batch job 6868623
Submitted batch job 6868767
Submitted batch job 6868819
Submitted batch job 6868959
Submitted batch job 6869061
Submitted batch job 6869201
Submitted batch job 6869231
Submitted batch job 6869337
Submitted batch job 6869363
Submitted batch job 6869473
Submitted batch job 6869522
Submitted batch job 6869642
Submitted batch job 6869685
Submitted batch job 6869824
Submitted batch job 6869883
Submitted batch job 6870006
Submitted batch job 6870060
Submitted batch job 6870184
Submitted batch job 6870242
Submitted batch job 6870375
Submitted batch job 6870444
Submitted batch job 6870587
Submitted batch job 6870653
Submitted batch job 6870774
Submitted batch job 6870801
Submitted batch job 6870921
Submitted batch job 6870946
Submitted batch job 6871073
Submitted batch job 6871129
Submitted batch job 6871265
Submitted batch job 6871314
Submitted batch job 6871442
Submitted batch job 6871491
Submitted batch job 6871625
Submitted batch job 6871685
Submitted batch job 6871834
Submitted batch job 6871895
Submitted batch job 6872041
Submitted batch job 6872104
Submitted batch job 6872221
Submitted batch job 6872244
Submitted batch job 6872414
Submitted batch job 6872563
Submitted batch job 6872769
Submitted batch job 6872938
Submitted batch job 6873056
Submitted batch job 6873126
Submitted batch job 6873286
Submitted batch job 6873386
Submitted batch job 6873652
Submitted batch job 6873764
Submitted batch job 6873959
Submitted batch job 6874137
Submitted batch job 6874412
Submitted batch job 6874458
Submitted batch job 6874591
Submitted batch job 6874643
Submitted batch job 6874845
Submitted batch job 6874930
Submitted batch job 6875077
Submitted batch job 6875170
Submitted batch job 6875362
Submitted batch job 6875541
Submitted batch job 6875817
Submitted batch job 6875941
Submitted batch job 6876053
Submitted batch job 6876082
Submitted batch job 6876201
Submitted batch job 6876223
Submitted batch job 6876333
Submitted batch job 6876354
Submitted batch job 6876454
Submitted batch job 6876684
Submitted batch job 6876784
Submitted batch job 6876804
Submitted batch job 6876905
Submitted batch job 6876925
Submitted batch job 6877025
Submitted batch job 6877046
Submitted batch job 6877147
Submitted batch job 6877168
Submitted batch job 6877270
Submitted batch job 6877290
Submitted batch job 6877390
Submitted batch job 6877410
Submitted batch job 6877510
Submitted batch job 6877530
Submitted batch job 6877630
Submitted batch job 6877650
Submitted batch job 6877752
Submitted batch job 6877772
Submitted batch job 6877873
Submitted batch job 6877893
Submitted batch job 6877993
Submitted batch job 6878013
Submitted batch job 6878114
Submitted batch job 6878135
Submitted batch job 6878235
Submitted batch job 6878255
Submitted batch job 6878355
Submitted batch job 6878376
Submitted batch job 6878476
Submitted batch job 6878497
Submitted batch job 6878597
Submitted batch job 6878617
/sise/home/itaitz/EC-KitY/approx_statistics.py:131: UserWarning: Matplotlib is currently using agg, which is a non-GUI backend, so cannot show the figure.
  plt.show()
debug: random seed = 1685873235.968303
Job cpu/6842751/23_1 timed out. error: Command '['sbatch', 'jobs/cpu/6842751/sbatch_23_1.sh']' timed out after 3600 seconds
Job cpu/6842751/25_1 timed out. error: Command '['sbatch', 'jobs/cpu/6842751/sbatch_25_1.sh']' timed out after 3600 seconds
[1.0, 1.0, 1.0, 1.0, 1.0, 0.0, 1.0, 1.0, 1.0, 0.0, 0.0, 1.0, 1.0, 1.0, 1.0, 1.0, 1.0, 1.0, 1.0, 1.0, 1.0, 0.0, 0.0, 1.0, 1.0, 1.0, 0.0, 1.0, 1.0, 1.0, 1.0, 1.0, 1.0, 1.0, 1.0, 1.0, 1.0, 0.0, 1.0, 1.0, 1.0, 1.0, 1.0, 1.0, 0.0, 1.0, 1.0, 1.0, 1.0, 1.0, 1.0, 1.0, 1.0, 1.0, 1.0, 1.0, 1.0, 1.0, 1.0, 1.0, 1.0, 1.0, 1.0, 1.0, 1.0, 1.0, 1.0, 1.0, 1.0, 1.0, 1.0, 0.0, 1.0, 1.0, 1.0, 1.0, 1.0, 1.0, 1.0, 1.0, 1.0, 1.0, 1.0, 0.0, 1.0, 1.0, 1.0, 1.0, 1.0, 1.0, 1.0, 1.0, 1.0, 1.0, 1.0, 1.0, 1.0, 1.0, 1.0, 1.0, 1.0, 1.0, 1.0, 0.0, 1.0, 1.0, 1.0, 1.0, 1.0, 1.0, 1.0, 1.0, 1.0, 1.0, 1.0, 1.0, 1.0, 1.0, 1.0, 1.0, 1.0, 1.0, 1.0, 1.0, 1.0, 1.0, 0.0, 0.0, 1.0, 1.0, 1.0, 1.0, 1.0, 1.0, 1.0, 1.0, 1.0, 1.0, 1.0, 1.0, 1.0, 0.0, 1.0, 0.0, 0.0, 1.0, 0.0, 1.0, 0.0, 0.0, 1.0, 1.0, 1.0, 1.0, 1.0, 1.0, 0.0, 1.0, 1.0, 1.0, 1.0, 1.0, 1.0, 1.0, 1.0, 1.0, 1.0, 1.0, 0.0, 1.0, 0.0, 1.0, 1.0, 1.0, 1.0, 1.0, 1.0, 1.0, 1.0, 1.0, 0.0, 1.0, 0.0, 1.0, 0.0, 1.0, 0.0, 1.0, 0.0, 1.0, 1.0, 1.0, 1.0, 1.0, 1.0, 1.0, 1.0, 1.0, 0.0, 1.0, 0.0, 1.0, 0.0, 1.0, 0.0, 1.0, 0.0, 1.0, 1.0, 1.0, 1.0, 1.0, 1.0, 1.0, 1.0, 1.0, 0.0, 1.0, 0.0, 1.0, 0.0, 1.0, 0.0, 1.0, 0.0, 0.0, 0.0, 1.0, 0.0, 1.0, 0.0, 1.0, 1.0, 0.0, 0.0, 0.0, 0.0, 1.0, 0.0, 1.0, 0.0, 1.0, 0.0, 1.0, 0.0, 0.0, 0.0, 1.0, 0.0, 1.0, 0.0, 0.0, 0.0, 0.0, 0.0, 0.0, 0.0, 0.0, 0.0, 0.0, 0.0, 0.0, 0.0, 0.0, 0.0, 1.0, 0.0, 1.0, 0.0, 1.0, 0.0, 0.0, 0.0, 0.0, 0.0, 0.0, 0.0, 0.0, 0.0, 0.0, 0.0, 0.0, 0.0, 0.0, 0.0, 0.0, 0.0, 0.0, 0.0, 0.0, 0.0, 0.0, 0.0, 0.0, 0.0, 0.0, 0.0, 0.0, 0.0, 0.0, 0.0, 0.0, 0.0, 0.0, 0.0, 0.0, 0.0, 0.0, 0.0, 0.0, 0.0, 0.0, 0.0, 0.0, 0.0, 0.0, 0.0, 0.0, 0.0, 0.0, 0.0, 0.0, 0.0, 0.0]
Approximations: 0.995
Total time: 1592.754844329
mean_approx_fitnesses = [-10103.89, -8692.865106300333, -8418.8661976247, -8990.324432144183, -8844.874520658519, -8852.759264268703, -9283.783413176534, -8904.132189989692, -9320.931305253502, -9006.544304913943, -8319.243699458271, -8134.662187157067, -7882.280102006982, -8197.443619630369, -9197.83346792305, -8618.968518533642, -8892.097260605238, -8351.630174799378, -7970.525620794934, -7794.265042349855, -8098.986431157467, -7398.084925635511, -8048.315197733031, -8181.773309456415, -7845.837270242517, -7479.236434499833, -8591.734534869996, -7406.870209346712, -7905.197323656243, -7649.140308013203, -7901.111917314031, -7594.838275298348, -7076.456330276086, -7771.2163917008975, -7650.655766105838, -8205.108279568762, -7093.099485666658, -7707.097263155417, -7467.236972966573, -7500.945785403453, -6960.460757079338, -7795.1587814096, -7116.271317010492, -7387.450982609885, -7424.012469774976, -7607.361354337622, -6776.703112994112, -7436.161398614336, -7144.298249848976, -8130.1325389259355, -7653.456876206722, -6859.378219950117, -7150.101464265472, -7397.670974104009, -7394.482081931859, -7791.527557924582, -7280.110953346492, -7392.366504683599, -7764.772865963348, -7346.678891121901, -7363.813280764665, -7144.0892692402, -7741.871921296826, -7996.69414681282, -7684.837546713904, -7763.650928621385, -7568.383393755462, -7709.02061888909, -7629.917845673543, -7875.206240259295, -7768.216250156768, -7051.56476816993, -7859.220001167409, -7355.209588978792, -7435.389494967609, -7331.535368615838, -8473.541188038302, -8020.366417669223, -7882.643605421768, -7511.632390397547, -7669.852642158487, -7650.544204901866, -7747.589914554945, -7935.174036389293, -7956.171608292802, -7497.981318301093, -7281.494724622741, -7727.54413276811, -8666.204986513521, -8004.063206374583, -7496.98956987201, -8095.359137456131, -7630.456831902152, -7764.952738454161, -7393.588163754351, -7035.152621746799, -7911.92259732581, -7477.945497956534, -7805.120572192613, -7194.763182811309, -7659.7771279805, -7463.56589520582, -8150.219814430237, -7383.5865074462035, -7197.023040643507, -7315.015142402883, -7839.0447824931425, -7430.545663637237, -6876.785540509379, -8436.788910633002, -7452.297520971828, -7564.879031631939, -7485.272750632504, -7401.932763468609, -7816.589257578944, -7850.004750243653, -8330.409963820006, -7459.464270056915, -8102.462664511537, -7850.707260430147, -7735.818354679339, -7863.52243592119, -8208.5785676203, -8035.625900256939, -8124.216690495431, -7489.0854037592535, -7598.132597591326, -7694.017283696453, -8210.85486386439, -7939.315320174556, -8018.990551243655, -7901.933917302718, -7699.917465987543, -7628.075733304357, -7593.000377760976, -8029.11290633475, -7823.001970184818, -7921.990021182801, -7750.545488440273, -7824.42019953412, -7785.644421802459, -7667.497120882651, -7881.132321229549, -7435.803152755477, -7923.3302227107315, -7833.969515667077, -7800.750911809665, -7801.952344156227, -7028.604652801284, -8474.18281951358, -7270.782045004772, -7834.138689931021, -7511.184968934135, -7949.878507333389, -7556.9685415199, -7769.646740661675, -8289.433950653285, -7669.34369137417, -7092.541040476325, -7324.9386880357, -7744.996082253126, -7393.451842855065, -7662.943851327744, -7259.961820776601, -7314.434717537068, -7410.9336831234905, -7549.04577006228, -7261.154960346998, -7811.853329331492, -7799.88919576329, -7881.962841007546, -7609.553258921098, -7898.649698305797, -7440.867791508616, -8053.097260067074, -7327.598740196791, -7614.99411101947, -7203.431641886913, -7580.425226998201, -8037.3505649815515, -7998.845490795893, -7734.984654995273, -7628.805522769211, -8003.798014303707, -7320.736984907964, -7599.496892663589, -6895.954635817916, -7821.906438625433, -6919.456321355982, -7562.955282187922, -7911.2983009551335, -7341.81694755326, -7290.799989701609, -7150.23646804559, -7066.44862639745, -7576.546634327916, -7712.3466969611045, -7918.840611861257, -7603.708163850002, -6883.205332699765]
median_approx_fitnesses = [-9914.0, -8651.977683929037, -8021.895656553171, -7764.745414470875, -7746.0504559243, -7895.677817527783, -7797.679619365435, -7611.112675522309, -7456.738407871997, -7117.642057184858, -6721.468707714997, -6476.286578157333, -6039.920234573787, -6632.078254447606, -6188.1811710163565, -6514.94644306364, -6376.649222764176, -6305.491105279293, -6027.4082461539965, -6031.240215746551, -6028.186089827173, -6078.877735179303, -5955.864773575808, -6091.6362976422315, -5924.000224881515, -5819.812446114314, -5725.791254052721, -5718.300490709496, -5746.1761957034705, -5925.913656172352, -5830.099116681003, -5900.8982402678475, -5669.954891636004, -6204.88667840259, -5789.8915864769415, -5896.907441209856, -5542.856778895282, -5424.143674956558, -5563.792711729642, -5586.3165487781735, -5509.804060423152, -5624.472921585981, -5605.296121912332, -5524.770320317546, -5571.551680629278, -5645.6021906691185, -5566.257785394728, -5392.092369320337, -5578.860413581688, -5570.89717496905, -5540.284540919516, -5619.620308794256, -5526.216406273661, -5422.204920681954, -5586.540273833525, -5480.700616704784, -5439.608473812679, -5511.2928269160675, -5501.256916703467, -5545.065102182518, -5642.786734402764, -5324.612399619549, -5540.292580420868, -5695.510037909118, -5711.662130004475, -5419.046101849395, -5625.862484337136, -5580.679110276182, -5531.49290399934, -5638.733134432139, -5616.731867020781, -5634.2493712360465, -5639.437663647292, -5494.004686657627, -5530.8059997943965, -5729.048168305046, -5653.720674050361, -5641.983845050203, -5723.732406398831, -5670.258594229741, -5657.192661847948, -5701.625653358886, -5565.332583032847, -5599.9028243673165, -5620.536826126936, -5549.7727701041385, -5561.019569430104, -5631.859392766597, -5652.126603206552, -5664.4791488474275, -5607.953146447653, -5610.368306305143, -5621.365973039987, -5598.438227170758, -5613.590976526251, -5527.157768085868, -5662.007413108353, -5737.641831864992, -5668.257075482037, -5667.172374949532, -5783.216632900825, -5692.87699451785, -5780.498865887548, -5638.079511970907, -5706.1760480006305, -5453.95741710623, -5566.694843584497, -5505.196922777413, -5608.881738252365, -5778.483361832283, -5769.8834558725775, -5759.929727878618, -5800.295318596063, -5762.931644121994, -5801.263801342826, -5903.116597456517, -5864.922767323276, -5785.4397781065145, -5854.525775112143, -5765.201794587365, -5766.3706857465095, -5778.609319683303, -5794.137644131057, -5803.3252535700685, -5752.177500683983, -5743.338057824187, -5808.639962670013, -5763.717837871689, -5695.8742032470545, -5635.715789474631, -5705.636106610529, -5676.211039437754, -5644.020352159554, -5716.965929224911, -5706.83606202497, -5700.987055175832, -5685.651754233038, -5706.774480701761, -5722.614935068359, -5696.073008377183, -5671.059430677618, -5694.608951548515, -5722.524888549271, -5710.529294368091, -5660.628610159893, -5694.130591236286, -5683.388518525051, -5701.198574412136, -5707.006016406143, -5711.176631247743, -5682.180285627004, -5695.356692003059, -5712.5651190256685, -5651.3588548783155, -5666.714042812811, -5639.91366085984, -5675.180813481242, -5701.418780885702, -5691.013854395747, -5626.443949745535, -5694.136533333869, -5671.673675792634, -5608.597435069329, -5607.399873058563, -5706.899462640593, -5673.434819324648, -5670.714165385274, -5708.731962046746, -5660.508504225907, -5634.006653298391, -5685.641858620727, -5654.945866321143, -5676.012724769071, -5666.913040955851, -5716.855885009405, -5607.39991313294, -5624.909693279536, -5806.295023131351, -5708.647461617351, -5697.5781618821275, -5684.220548322337, -5650.259947750994, -5667.494620505615, -5648.173358253484, -5627.840803850213, -5629.249062239809, -5554.111134091434, -5490.37195823667, -5572.83536329036, -5533.793189693841, -5614.8848515274, -5521.658816222272, -5570.413525003867, -5556.679941371218, -5578.105154457804, -5571.298341343114, -5513.315926166244, -5517.115415568191, -5562.131570841375, -5557.163869994818]
max_approx_fitnesses = [-6878.0, -5905.930082317965, -4540.053495976339, -5463.588044513006, -4838.246463090072, -5629.384228143714, -5053.804453601682, -4858.039278747296, -4848.702473943842, -4897.386326079937, -5474.156609793154, -5142.642949606652, -4675.566369427026, -5098.89982393997, -5385.7119541338725, -5239.592395434389, -5177.114164189672, -5420.918476652561, -5179.63271408085, -5079.967370272549, -4999.608250381847, -4544.89866139631, -4803.443227341333, -5504.269577004223, -5475.874776021839, -5509.791564248777, -5310.074260555844, -4600.605382064228, -4756.454282034578, -4466.34785638287, -4995.684306763858, -4847.342797609255, -4930.915305122395, -5007.7604329294445, -5326.970623686822, -5430.918482173265, -5248.648407557637, -5232.302043944339, -5485.757426405164, -5480.598783351059, -5375.6874342492265, -5525.674998421036, -5494.616742595792, -5205.66879918089, -5568.678439935553, -5422.794456119831, -5342.782622138857, -5392.092369320337, -5578.860413581688, -5570.89717496905, -5540.284540919516, -5619.620308794256, -5526.216406273661, -5422.204920681954, -5586.540273833525, -5480.700616704784, -5439.608473812679, -5394.454749617025, -5256.2040190388725, -5282.915679141874, -5417.4337421898545, -5281.566758962568, -5418.835846939703, -5695.510037909118, -5678.781859348732, -5419.046101849395, -5625.862484337136, -5580.679110276182, -5531.49290399934, -5638.733134432139, -5616.731867020781, -5634.2493712360465, -5639.437663647292, -5494.004686657627, -5530.8059997943965, -5729.048168305046, -5653.720674050361, -5641.983845050203, -5539.757010037292, -5670.258594229741, -5657.192661847948, -5701.625653358886, -5565.332583032847, -5599.9028243673165, -5620.536826126936, -5549.7727701041385, -5561.019569430104, -5631.859392766597, -5652.126603206552, -5664.4791488474275, -5607.953146447653, -5610.368306305143, -5621.365973039987, -5560.205563597086, -5469.791756500548, -5396.421858150796, -5431.095639910478, -5475.6410416670715, -5482.688494094706, -5479.630375265046, -5559.929520237765, -5463.558087718309, -5559.2785009258805, -5478.985857127005, -5471.7259808440795, -5397.078427880233, -5484.956397986296, -5345.243031710037, -5450.48166112043, -5778.483361832283, -5586.621581289952, -5759.929727878618, -5760.735083734007, -5573.323345902078, -5801.263801342826, -5903.116597456517, -5864.922767323276, -5785.4397781065145, -5854.525775112143, -5765.201794587365, -5766.3706857465095, -5778.609319683303, -5734.665085964338, -5727.280576174782, -5682.719801085514, -5697.7775747397245, -5773.545707177544, -5740.388177048602, -5695.8742032470545, -5635.715789474631, -5705.636106610529, -5676.211039437754, -5644.020352159554, -5716.965929224911, -5706.83606202497, -5700.987055175832, -5685.651754233038, -5706.774480701761, -5722.614935068359, -5696.073008377183, -5671.059430677618, -5694.608951548515, -5722.524888549271, -5710.529294368091, -5660.628610159893, -5694.130591236286, -5683.388518525051, -5701.198574412136, -5707.006016406143, -5711.176631247743, -5682.180285627004, -5695.356692003059, -5712.5651190256685, -5651.3588548783155, -5666.714042812811, -5639.91366085984, -5675.180813481242, -5701.418780885702, -5691.013854395747, -5626.443949745535, -5694.136533333869, -5671.673675792634, -5608.597435069329, -5607.399873058563, -5706.899462640593, -5673.434819324648, -5670.714165385274, -5708.731962046746, -5660.508504225907, -5480.308191989883, -5554.9733235367785, -5546.553230093086, -5448.776547120031, -5506.6238292594335, -5575.324984133149, -5548.635320111964, -5550.552065486017, -5597.8490415707365, -5601.26334371427, -5607.217960838638, -5591.075448294498, -5463.645373280349, -5514.022589116006, -5478.875058268744, -5508.105939124471, -5515.616903638311, -5554.111134091434, -5490.37195823667, -5572.83536329036, -5533.793189693841, -5614.8848515274, -5521.658816222272, -5570.413525003867, -5556.679941371218, -5578.105154457804, -5571.298341343114, -5513.315926166244, -5517.115415568191, -5562.131570841375, -5557.163869994818]
min_approx_fitnesses = [-14307.0, -11872.868964876223, -14192.408464247923, -16703.14940060272, -18660.735930079456, -15074.82318112884, -19989.730296656147, -17129.706036570235, -21751.905283080712, -17986.130624069476, -19199.02182368093, -17378.206527488073, -21352.2233562065, -19351.60331962874, -26851.959712671418, -19416.35139118938, -23054.421130144437, -22357.53670432972, -23035.254790540603, -22847.84391207911, -22811.283413596553, -21087.755742123252, -19679.49073950133, -20023.989444473325, -23829.591443400284, -20727.442945568786, -19875.76749813299, -20661.29448899145, -21996.41886157115, -20674.114292472426, -22112.247731268104, -25344.239449562032, -17475.21496091391, -24760.216257969318, -21748.707649170952, -20174.318413306508, -19415.95978840302, -19152.893134648228, -19692.17826951537, -16318.688251686164, -18456.83413911781, -20894.86931447996, -15318.112740984097, -24649.576393334377, -18843.949106381937, -22323.31247351676, -22683.47124272039, -19889.316709838156, -20512.256270880098, -22546.088260575692, -16954.08599278354, -19761.294957853213, -15923.532323281694, -19724.849126705194, -19451.87995136234, -19597.814460111098, -19014.34326421811, -18272.251518320845, -21115.12680920933, -17936.576258330482, -18989.27879741677, -20383.124162818913, -26422.106080867816, -17627.16409777189, -24213.642864925758, -20610.285618842834, -27258.708486982603, -18592.86469674196, -21811.550214481154, -20780.534076541866, -20991.80843345182, -19748.996841842873, -22423.282700294127, -25160.192889673937, -20916.97806333295, -19876.86719024664, -24983.93442988063, -20759.131092648087, -23586.641500490194, -17232.2708987775, -19042.540803797714, -19820.411433225505, -20595.155445916425, -20438.897496315225, -21562.758651419717, -21765.125038773425, -16362.280148191423, -24266.64692270953, -23965.951517347894, -23574.677492388517, -23054.014882077623, -18394.866615415216, -18655.934085370027, -18828.419287586446, -19259.37852752256, -16203.450342528355, -21640.30164144676, -16098.418845011798, -20025.499651998754, -21404.78168162794, -20564.63631181686, -20364.71272815026, -22463.72805594987, -20732.637935156978, -16513.113211830474, -19148.759447953416, -23049.704040020348, -20439.821788376026, -15820.707901020585, -21445.704521098385, -22631.984092353217, -19456.697438271713, -20541.571990836423, -16793.483203356867, -24363.371745786633, -21107.2075849979, -20407.707715295972, -20461.729193805484, -20746.371417081875, -20618.58568878236, -18028.799392362787, -21862.624609685343, -24662.482578595762, -18808.639345902702, -19906.721511895557, -22881.14036467157, -22979.819233655395, -22403.674883151725, -22519.39873827743, -21705.961328474, -19622.543506727652, -25160.115731911366, -23774.93265760907, -20246.835694085024, -22396.447493811997, -24444.773838515328, -19543.403311473914, -20824.742180410078, -17188.270706486324, -17801.994461158727, -20768.28431408492, -18331.435402528678, -18989.802645839067, -20294.84116374491, -20056.071343756128, -19780.142736816568, -19844.015215298623, -17955.478604529817, -16909.39517159354, -23531.232925143988, -17518.92472538151, -18464.99290587721, -18627.528754586685, -17454.029665147216, -23871.589323600867, -24429.210826127663, -19687.48968303952, -21194.1261401231, -16371.691128081613, -16695.209096815626, -21893.83944483251, -18639.674785539606, -21116.498193813895, -21644.62911440126, -20564.824242948787, -17875.323773112752, -19918.74699980934, -17459.80052252342, -18904.34982447976, -24693.021675688466, -21519.607645688728, -17502.091779779832, -21309.229312622738, -17797.623091936435, -21574.860758284427, -18584.627945472814, -22973.045476646384, -20906.52788409921, -18321.75220206517, -22076.638067456934, -23194.567803985112, -21382.23575036662, -18393.839194324908, -19310.37046860522, -21382.633648521394, -20267.350514797858, -19857.107865555357, -20302.617019337657, -20102.765150745403, -25929.109060291616, -21167.94150888652, -22286.363793276683, -18650.4717543499, -25552.400813982105, -19920.92655280292, -22093.615981095347, -19955.129649046932, -22614.318450694213, -20334.62085415924, -17785.38014350808]
mean_fitnesses = [-10103.89, -8798.74, -7947.58, -7306.89, -6878.7, -6497.14, -6169.47, -6106.01, -5879.24, -5807.88, -5866.01, -5710.25, -5778.81, -5745.26, -5619.32, -5685.82, -5571.53, -5717.14, -5700.68, -5634.1, -5751.14, -5566.74, -inf, -5781.46, -inf, -5803.56, -5584.81, -5459.97, -5463.67, -5344.6, -5508.61, -5417.64, -5393.3, -5395.41, -5414.58, -5481.38, -5406.74, -5286.21, -5415.37, -5414.07, -5344.43, -5470.93, -5343.18, -5316.28, -5477.06, -5369.94, -5466.27, -5514.66, -5439.72, -5428.76, -5263.22, -5436.04, -5333.33, -5428.74, -5275.05, -5250.09, -5499.71, -5353.94, -5363.44, -5241.92, -5308.93, -5310.1, -5355.71, -5302.46, -5285.16, -5370.57, -5436.25, -5401.88, -5368.77, -5414.24, -5257.3, -5298.75, -5234.63, -5365.24, -5296.46, -5322.66, -5339.4, -5307.84, -5344.69, -5315.84, -5396.65, -5367.29, -5416.45, -5270.99, -5382.58, -5228.48, -5388.3, -5331.02, -5368.96, -5218.73, -5329.3, -5267.26, -5251.17, -5370.46, -5333.83, -5207.97, -5309.23, -5245.13, -5405.72, -5220.81, -5205.86, -5166.1, -5064.95, -5031.91, -5057.79, -5176.15, -5111.76, -5193.93, -5044.86, -5065.94, -5171.97, -4995.55, -5152.57, -5184.56, -5062.16, -5090.89, -5159.14, -5125.11, -5236.65, -5092.76, -5055.3, -5012.96, -5048.84, -5027.34, -5001.5, -5059.73, -4985.49, -4988.76, -5074.8, -5121.55, -5102.61, -5004.36, -5132.94, -5178.11, -5030.1, -5125.85, -5031.36, -5132.69, -5083.34, -5239.29, -4972.89, -5240.36, -5003.59, -5027.59, -5097.33, -5052.43, -5167.34, -4961.63, -5168.97, -5032.35, -5111.38, -4934.47, -5092.03, -5173.42, -5009.75, -5013.36, -4965.54, -5001.25, -5065.56, -4957.42, -5004.66, -4992.08, -5000.55, -5156.32, -5040.61, -5299.92, -4928.86, -5020.02, -4931.29, -5115.4, -4970.88, -5079.49, -5041.43, -5203.7, -5106.21, -4959.95, -4910.08, -5103.69, -4924.68, -4907.82, -4963.29, -5076.0, -5030.44, -4998.1, -4996.65, -4909.88, -5040.87, -4881.72, -4953.32, -4944.69, -5063.66, -4967.74, -4977.59, -4941.17, -5008.62, -4968.87, -4925.26, -4978.9, -5092.2, -4935.34]
median_fitnesses = [-9914.0, -8685.5, -7806.0, -7209.5, -6660.5, -6438.0, -6071.5, -5987.5, -5789.0, -5701.0, -5757.5, -5665.5, -5629.0, -5645.5, -5514.5, -5539.0, -5528.0, -5510.0, -5546.0, -5521.5, -5516.0, -5451.5, -inf, -5565.0, -inf, -5592.5, -5397.0, -5336.5, -5329.0, -5260.0, -5387.5, -5368.5, -5272.0, -5236.0, -5294.5, -5353.5, -5298.5, -5197.5, -5325.5, -5331.5, -5226.0, -5342.0, -5309.0, -5224.5, -5382.0, -5239.5, -5240.5, -5348.5, -5297.0, -5258.5, -5197.5, -5209.0, -5232.5, -5261.0, -5178.5, -5213.0, -5198.0, -5153.5, -5256.0, -5173.0, -5151.5, -5184.5, -5265.0, -5151.5, -5187.5, -5193.5, -5229.0, -5239.0, -5252.0, -5356.5, -5206.5, -5182.0, -5164.5, -5236.5, -5215.0, -5247.0, -5256.5, -5224.5, -5199.0, -5228.5, -5282.0, -5215.0, -5300.5, -5236.0, -5264.0, -5165.5, -5272.5, -5192.5, -5251.0, -5111.0, -5200.5, -5159.5, -5152.0, -5309.5, -5236.0, -5134.5, -5204.5, -5177.5, -5158.0, -5153.5, -5146.5, -5083.0, -5064.5, -4982.5, -4942.0, -5022.0, -5001.0, -5116.5, -4942.0, -4946.0, -4990.5, -4923.0, -4999.5, -5050.0, -4978.0, -5021.5, -5071.0, -5009.0, -5007.5, -5022.0, -4910.5, -4959.0, -4937.0, -4995.5, -4966.5, -4995.5, -4881.5, -4950.5, -4966.5, -4942.5, -4979.5, -4906.5, -4945.0, -4965.0, -4981.0, -5028.5, -4886.5, -4909.5, -5041.0, -5069.5, -4933.0, -5023.0, -4850.0, -4959.5, -4979.5, -4913.5, -4983.5, -4947.0, -4947.5, -4982.0, -5081.5, -4896.0, -4935.0, -4948.0, -4910.0, -4835.5, -4852.5, -4962.0, -4982.0, -4892.5, -4942.5, -4936.0, -4923.0, -4961.5, -4900.5, -4942.0, -4851.5, -4833.0, -4816.5, -5014.5, -4880.0, -4926.5, -4905.5, -4875.5, -4933.0, -4867.0, -4871.0, -4865.5, -4850.0, -4823.5, -4831.5, -4966.0, -4896.0, -4887.5, -4824.0, -4846.5, -4837.5, -4813.0, -4861.0, -4856.0, -4959.5, -4835.0, -4894.0, -4808.5, -4872.0, -4846.5, -4919.5, -4857.0, -4926.0, -4813.0]
max_fitnesses = [-6878.0, -6498.0, -5701.0, -5186.0, -5341.0, -5162.0, -4995.0, -5183.0, -4991.0, -4840.0, -4762.0, -4858.0, -4571.0, -4346.0, -4579.0, -4690.0, -4712.0, -4458.0, -4695.0, -4755.0, -4785.0, -4698.0, -inf, -4497.0, -inf, -4598.0, -4610.0, -4623.0, -4661.0, -4573.0, -4544.0, -4551.0, -4363.0, -4612.0, -4379.0, -4533.0, -4492.0, -4238.0, -4410.0, -4390.0, -4446.0, -4518.0, -4477.0, -4108.0, -4308.0, -4247.0, -4383.0, -4537.0, -4284.0, -4391.0, -4185.0, -4404.0, -4324.0, -4482.0, -4416.0, -4555.0, -4397.0, -4166.0, -4398.0, -4229.0, -4441.0, -4596.0, -4645.0, -4492.0, -4276.0, -4566.0, -4377.0, -4527.0, -4272.0, -4168.0, -4434.0, -4065.0, -4362.0, -4410.0, -4520.0, -4295.0, -4496.0, -4328.0, -4365.0, -4390.0, -4474.0, -4388.0, -4453.0, -4089.0, -4314.0, -4418.0, -4616.0, -4465.0, -4339.0, -4101.0, -4363.0, -4296.0, -4181.0, -4502.0, -4358.0, -4373.0, -4346.0, -4121.0, -4053.0, -4443.0, -4346.0, -4325.0, -4233.0, -4012.0, -4098.0, -4266.0, -3873.0, -4285.0, -3950.0, -4030.0, -3871.0, -4113.0, -4104.0, -4220.0, -3892.0, -4114.0, -3923.0, -4181.0, -4372.0, -4074.0, -4170.0, -3975.0, -4234.0, -4040.0, -4154.0, -4046.0, -4068.0, -4154.0, -4147.0, -4099.0, -4282.0, -4060.0, -4279.0, -4160.0, -4078.0, -4203.0, -4300.0, -4065.0, -4194.0, -4210.0, -4068.0, -4326.0, -3909.0, -4106.0, -4201.0, -4129.0, -4072.0, -3817.0, -4016.0, -4149.0, -4191.0, -4102.0, -3874.0, -4078.0, -4265.0, -4241.0, -4001.0, -3956.0, -3907.0, -4252.0, -4106.0, -4184.0, -3871.0, -3789.0, -4184.0, -4099.0, -4054.0, -4190.0, -4151.0, -3924.0, -3969.0, -4166.0, -4020.0, -4161.0, -4243.0, -4233.0, -3987.0, -4181.0, -3992.0, -3928.0, -4004.0, -3949.0, -4108.0, -4015.0, -4081.0, -4041.0, -4121.0, -4056.0, -3933.0, -3998.0, -4190.0, -3912.0, -4045.0, -3952.0, -3977.0, -4153.0, -3808.0, -3681.0, -3776.0, -3982.0]
min_fitnesses = [-14307.0, -14638.0, -15714.0, -9877.0, -9998.0, -10458.0, -8320.0, -9450.0, -8279.0, -9417.0, -8481.0, -7788.0, -9253.0, -9217.0, -8733.0, -8321.0, -7322.0, -8803.0, -8245.0, -12960.0, -16978.0, -9438.0, -inf, -8514.0, -inf, -8862.0, -11483.0, -8119.0, -8192.0, -8955.0, -9511.0, -8947.0, -7320.0, -7943.0, -8386.0, -9152.0, -8709.0, -7854.0, -8487.0, -7065.0, -7561.0, -9568.0, -7567.0, -7643.0, -9934.0, -7575.0, -13778.0, -10237.0, -12787.0, -12682.0, -7502.0, -12599.0, -7645.0, -9436.0, -7589.0, -6487.0, -10170.0, -11120.0, -7628.0, -7370.0, -11412.0, -7270.0, -7904.0, -13382.0, -7901.0, -8622.0, -9504.0, -10650.0, -8263.0, -8134.0, -8193.0, -8344.0, -9230.0, -9422.0, -7872.0, -7181.0, -7471.0, -7739.0, -8977.0, -7287.0, -8073.0, -10495.0, -8567.0, -7441.0, -8207.0, -7096.0, -7767.0, -10860.0, -7634.0, -6633.0, -7659.0, -8742.0, -7766.0, -8771.0, -9032.0, -7351.0, -8732.0, -7544.0, -13668.0, -7209.0, -7136.0, -8333.0, -6577.0, -6173.0, -9557.0, -8572.0, -9023.0, -8662.0, -10632.0, -8673.0, -14904.0, -6724.0, -8373.0, -7697.0, -7224.0, -6888.0, -7748.0, -8267.0, -12782.0, -7247.0, -7175.0, -8785.0, -6825.0, -7160.0, -7819.0, -7466.0, -6895.0, -7644.0, -7160.0, -9047.0, -12131.0, -6831.0, -7112.0, -8277.0, -7601.0, -7915.0, -7869.0, -11595.0, -7709.0, -10895.0, -7722.0, -8730.0, -9133.0, -6662.0, -7797.0, -11639.0, -14013.0, -7820.0, -12144.0, -7338.0, -7982.0, -6005.0, -11232.0, -14344.0, -7504.0, -12472.0, -7093.0, -7145.0, -12323.0, -6917.0, -6970.0, -7037.0, -7555.0, -9430.0, -8673.0, -12850.0, -6718.0, -13385.0, -7380.0, -8010.0, -7336.0, -12571.0, -8426.0, -12430.0, -12223.0, -6943.0, -6460.0, -13111.0, -6887.0, -8108.0, -9230.0, -8293.0, -7830.0, -10174.0, -7838.0, -6784.0, -7498.0, -6646.0, -8027.0, -6875.0, -7951.0, -8424.0, -7228.0, -7561.0, -8950.0, -10020.0, -6943.0, -7953.0, -9443.0, -8097.0]
approx_errors = [1427.2173846876449, 1255.8739336849785, 1439.150861566887, 1446.3254031701715, 1285.939434210858, 1379.8205854744626, 1207.94662200256, 1205.4904268651553, 1155.815240486545, 1212.550119838207, 1202.0683703046968, 1263.6278999298113, 1248.3342290619355, 1184.0551713292093, 1249.172017786704, 1170.700312597755, 1137.7631457425457, 1222.562592762123, 1262.5400801600638, 1142.536258988511, 1111.0333646703846, 1037.840112620382, 974.9695139037161, 1087.3326012214295, 973.9146483662375, 971.7131437508127, 1027.033114433502, 1078.9692524710347, 1100.1881533970777, 1030.8652424748218, 1056.310621755825, 1039.7541597685508, 1065.7116110561622, 985.1437813799083, 966.4542421128398, 971.9534153973865, 1019.1646917832387, 931.6438142282303, 980.3674024992389, 1030.0950998190349, 1003.0752761407658, 990.590881516867, 944.6487396630083, 890.2216796782722, 944.0998115269068, 966.76790079664, 1023.2907058584016, 849.3435063049052, 908.6975358511469, 919.4311548481496, 939.7305920852635, 858.8779063924113, 950.763961131155, 899.61339743878, 862.9598794984221, 978.2996409895164, 931.162145334711, 828.5960224329123, 794.9982451961287, 896.0496187305857, 760.3802679440496, 860.2956609603542, 922.9958341539614, 875.3859797686237, 876.149072449551, 841.496509023288, 816.3574549264767, 844.9364083337906, 832.0330522634696, 776.7940149334413, 820.2161991788071, 789.7133958226783, 787.3721212211518, 794.4565635457014, 738.4436359623033, 750.1094453014149, 764.9647012504844, 816.8412908379722, 764.7384454472334, 763.2290606932934, 789.6985060247966, 784.2083721212363, 712.8665133182864, 696.7730036071207, 760.4821686061632, 692.9762206704454, 712.7486325461579, 718.9671415713118, 711.6517445726901, 718.2777300482279, 688.6621843029869, 738.0168172736239, 706.8922860424167, 722.8532883882358, 689.2425020149475, 657.9668628307471, 676.1281340245961, 665.642169106159, 722.0836779605715, 717.302542544885, 732.5723583938938, 724.9012491890895, 671.177542638522, 633.9450091146131, 649.8464629243721, 647.212525107349, 647.8651643965806, 670.5517069093095, 686.222892769199, 692.3093817112641, 685.4783222240725, 663.6505919670993, 679.2683743584005, 677.1514348876982, 701.6115901541169, 705.5845067158563, 719.6254040810458, 704.6710322292689, 719.0740125926758, 686.0174268695027, 696.472895819502, 695.8495246004528, 640.7343649997357, 658.4325062471831, 703.528722046695, 666.5634767654869, 678.7841020746545, 628.9020658569717, 689.1666583165446, 674.8184623922383, 635.8677730138116, 661.5109225541851, 646.0352648837705, 627.3921491510841, 648.0452333092194, 644.3098706455686, 646.5294120071411, 606.6471712227537, 597.2454070149603, 651.5024638732904, 625.6743799366092, 609.8887530432834, 600.5177772305809, 604.8012482708249, 606.0497373603404, 578.469004786581, 606.5222559814029, 554.0033285053486, 610.3546331217555, 579.01569952419, 585.3081819809069, 597.8711112825854, 576.8060464581241, 571.6034296412694, 585.684417360597, 573.8795527694648, 567.1751779303872, 537.1275895407058, 547.5787603815714, 574.7053004899158, 554.4817551407499, 538.5393116754798, 551.5231556397517, 536.3637689429557, 531.1099075018809, 560.7401869969416, 543.8620708239732, 535.6973740694133, 543.5345001755143, 529.1277508261072, 541.5864478771415, 533.5991049161568, 541.523140464556, 515.285064527944, 521.8208216114814, 532.5147606009517, 514.5727451201702, 510.1588562127886, 546.0482916101695, 530.546485489131, 504.8207809332371, 533.4958812919123, 528.6644770397637, 527.4752202480848, 523.2360017904516, 514.0665178103724, 513.2112384975095, 504.1844395303088, 487.84540273091574, 528.117613433063, 509.6632244882259, 516.3281663509259, 507.7189028554398, 527.0729679155389, 517.9091649085402, 485.600008024993, 509.537696297986, 507.90711607542784, 504.1119060392407, 487.34360885571544]
