SLURM_JOBID=6651487
SLURM_JOB_NODELIST=cs-cpu-05
Submitted batch job 6651528
Submitted batch job 6651700
Submitted batch job 6651976
Submitted batch job 6652275
Submitted batch job 6652502
Submitted batch job 6652795
Submitted batch job 6653073
Submitted batch job 6653316
Submitted batch job 6653616
Submitted batch job 6653827
Submitted batch job 6654138
Submitted batch job 6654326
Submitted batch job 6654695
Submitted batch job 6654998
Submitted batch job 6655229
Submitted batch job 6655518
Submitted batch job 6655764
Submitted batch job 6656007
Submitted batch job 6656338
Submitted batch job 6656541
Submitted batch job 6656790
Submitted batch job 6657042
Submitted batch job 6657348
Submitted batch job 6657580
Submitted batch job 6657920
Submitted batch job 6658141
Submitted batch job 6658420
Submitted batch job 6658540
Submitted batch job 6658840
Submitted batch job 6659053
Submitted batch job 6659362
Submitted batch job 6659640
Submitted batch job 6659902
Submitted batch job 6660204
Submitted batch job 6660405
Submitted batch job 6660545
Submitted batch job 6660846
Submitted batch job 6661068
Submitted batch job 6661369
Submitted batch job 6661593
Submitted batch job 6661911
Submitted batch job 6662116
Submitted batch job 6662353
Submitted batch job 6662573
Submitted batch job 6662770
Submitted batch job 6663081
Submitted batch job 6663367
Submitted batch job 6663553
Submitted batch job 6663839
Submitted batch job 6664099
Submitted batch job 6664355
Submitted batch job 6664588
Submitted batch job 6664785
Submitted batch job 6665113
Submitted batch job 6665335
Submitted batch job 6665592
Submitted batch job 6665762
Submitted batch job 6666032
Submitted batch job 6666216
Submitted batch job 6666473
Submitted batch job 6666756
Submitted batch job 6666980
Submitted batch job 6667195
Submitted batch job 6667396
Submitted batch job 6667671
Submitted batch job 6667890
Submitted batch job 6668108
Submitted batch job 6668314
Submitted batch job 6668946
Submitted batch job 6669376
Submitted batch job 6669585
Submitted batch job 6669808
Submitted batch job 6670025
Submitted batch job 6670233
Submitted batch job 6670503
Submitted batch job 6670719
Submitted batch job 6670938
Submitted batch job 6671157
Submitted batch job 6671365
Submitted batch job 6671587
Submitted batch job 6671801
Submitted batch job 6672013
Submitted batch job 6672224
Submitted batch job 6672442
Submitted batch job 6672664
Submitted batch job 6672877
Submitted batch job 6673088
Submitted batch job 6673319
Submitted batch job 6673531
Submitted batch job 6673689
Submitted batch job 6673848
Submitted batch job 6674030
Submitted batch job 6674290
Submitted batch job 6674595
Submitted batch job 6674809
Submitted batch job 6675025
Submitted batch job 6675240
Submitted batch job 6675461
Submitted batch job 6675676
Submitted batch job 6675883
Submitted batch job 6676094
Submitted batch job 6676372
Submitted batch job 6676585
Submitted batch job 6676801
Submitted batch job 6677020
Submitted batch job 6677236
Submitted batch job 6677453
Submitted batch job 6677682
Submitted batch job 6677902
Submitted batch job 6678112
Submitted batch job 6678339
Submitted batch job 6678565
Submitted batch job 6678775
Submitted batch job 6679002
Submitted batch job 6679220
Submitted batch job 6679324
Submitted batch job 6679582
Submitted batch job 6679685
Submitted batch job 6679936
Submitted batch job 6680143
Submitted batch job 6680350
Submitted batch job 6680563
Submitted batch job 6680774
Submitted batch job 6681045
Submitted batch job 6681257
Submitted batch job 6681375
Submitted batch job 6681597
Submitted batch job 6681856
Submitted batch job 6682076
Submitted batch job 6682290
Submitted batch job 6682505
Submitted batch job 6682718
Submitted batch job 6682933
Submitted batch job 6683173
Submitted batch job 6683382
Submitted batch job 6683600
Submitted batch job 6683819
Submitted batch job 6684032
Submitted batch job 6684255
Submitted batch job 6684521
Submitted batch job 6684741
Submitted batch job 6684961
Submitted batch job 6685182
Submitted batch job 6685402
Submitted batch job 6685600
Submitted batch job 6685842
Submitted batch job 6686043
Submitted batch job 6686282
Submitted batch job 6686487
Submitted batch job 6686722
Submitted batch job 6686932
Submitted batch job 6687045
Submitted batch job 6687298
Submitted batch job 6687504
Submitted batch job 6687689
Submitted batch job 6687903
Submitted batch job 6688110
Submitted batch job 6688372
Submitted batch job 6688567
Submitted batch job 6688796
Submitted batch job 6689028
Submitted batch job 6689262
Submitted batch job 6689493
Submitted batch job 6689724
Submitted batch job 6689949
Submitted batch job 6689989
Submitted batch job 6690157
Submitted batch job 6690431
Submitted batch job 6690650
Submitted batch job 6690919
Submitted batch job 6691160
Submitted batch job 6691405
Submitted batch job 6691577
Submitted batch job 6691805
Submitted batch job 6692035
Submitted batch job 6692290
Submitted batch job 6692490
Submitted batch job 6692672
Submitted batch job 6692905
Submitted batch job 6693148
Submitted batch job 6693351
Submitted batch job 6693557
Submitted batch job 6693813
Submitted batch job 6694003
Submitted batch job 6694258
Submitted batch job 6694378
Submitted batch job 6694632
Submitted batch job 6694826
Submitted batch job 6695020
Submitted batch job 6695268
Submitted batch job 6695464
Submitted batch job 6695557
Submitted batch job 6695704
Submitted batch job 6695997
Submitted batch job 6696174
Submitted batch job 6696438
Submitted batch job 6696615
Submitted batch job 6696878
Submitted batch job 6697115
Submitted batch job 6697318
Submitted batch job 6697496
Submitted batch job 6697758
Submitted batch job 6697942
Submitted batch job 6698198
Submitted batch job 6698374
Submitted batch job 6698638
Submitted batch job 6698819
Submitted batch job 6699134
Submitted batch job 6699340
Submitted batch job 6699619
Submitted batch job 6699839
Submitted batch job 6700020
Submitted batch job 6700239
Submitted batch job 6700450
Submitted batch job 6700666
Submitted batch job 6700793
Submitted batch job 6701056
Submitted batch job 6701182
Submitted batch job 6701398
Submitted batch job 6701513
Submitted batch job 6701774
Submitted batch job 6701921
Submitted batch job 6702134
Submitted batch job 6702321
Submitted batch job 6702550
Submitted batch job 6702681
Submitted batch job 6702841
Submitted batch job 6703121
Submitted batch job 6703353
Submitted batch job 6703561
Submitted batch job 6703742
Submitted batch job 6704001
Submitted batch job 6704185
Submitted batch job 6704441
Submitted batch job 6704632
Submitted batch job 6704881
Submitted batch job 6705081
Submitted batch job 6705321
Submitted batch job 6705520
Submitted batch job 6705761
Submitted batch job 6705961
Submitted batch job 6706202
Submitted batch job 6706397
Submitted batch job 6706645
Submitted batch job 6706834
Submitted batch job 6707087
Submitted batch job 6707268
Submitted batch job 6707528
Submitted batch job 6707719
Submitted batch job 6707970
Submitted batch job 6708208
Submitted batch job 6708415
Submitted batch job 6708597
Submitted batch job 6708857
Submitted batch job 6709032
Submitted batch job 6709217
Submitted batch job 6709394
Submitted batch job 6709558
Submitted batch job 6709733
Submitted batch job 6709873
Submitted batch job 6710081
Submitted batch job 6710180
Submitted batch job 6710345
Submitted batch job 6710573
Submitted batch job 6710843
Submitted batch job 6710964
Submitted batch job 6711175
Submitted batch job 6711392
Submitted batch job 6711659
Submitted batch job 6711875
Submitted batch job 6712122
Submitted batch job 6712304
Submitted batch job 6712564
Submitted batch job 6712746
Submitted batch job 6713005
Submitted batch job 6713182
Submitted batch job 6713497
Submitted batch job 6713633
Submitted batch job 6713805
Submitted batch job 6714054
Submitted batch job 6714299
Submitted batch job 6714512
Submitted batch job 6714786
Submitted batch job 6715007
Submitted batch job 6715227
Submitted batch job 6715447
Submitted batch job 6715667
Submitted batch job 6715887
Submitted batch job 6716107
Submitted batch job 6716328
Submitted batch job 6716545
Submitted batch job 6716768
Submitted batch job 6716985
Submitted batch job 6717210
Submitted batch job 6717430
Submitted batch job 6717529
Submitted batch job 6717691
Submitted batch job 6717800
Submitted batch job 6718051
Submitted batch job 6718228
Submitted batch job 6718492
Submitted batch job 6718671
Submitted batch job 6718932
Submitted batch job 6719111
Submitted batch job 6719372
Submitted batch job 6719596
Submitted batch job 6719812
Submitted batch job 6719988
Submitted batch job 6720252
Submitted batch job 6720482
Submitted batch job 6720692
Submitted batch job 6720796
Submitted batch job 6721053
Submitted batch job 6721127
/sise/home/itaitz/EC-KitY/approx_statistics.py:121: UserWarning: Matplotlib is currently using agg, which is a non-GUI backend, so cannot show the figure.
  plt.show()
debug: random seed = 1685722471.4718297
[1.0, 0.0, 1.0, 1.0, 1.0, 1.0, 1.0, 1.0, 1.0, 1.0, 0.0, 1.0, 0.0, 1.0, 1.0, 1.0, 1.0, 1.0, 1.0, 1.0, 1.0, 1.0, 1.0, 1.0, 0.0, 1.0, 0.0, 1.0, 1.0, 1.0, 1.0, 1.0, 0.0, 0.0, 1.0, 1.0, 1.0, 1.0, 1.0, 1.0, 1.0, 1.0, 0.0, 1.0, 1.0, 0.0, 1.0, 0.0, 1.0, 1.0, 1.0, 1.0, 1.0, 1.0, 1.0, 1.0, 1.0, 0.0, 1.0, 0.0, 1.0, 0.0, 1.0, 1.0, 1.0, 1.0, 1.0, 1.0, 1.0, 1.0, 1.0, 1.0, 1.0, 0.0, 1.0, 1.0, 1.0, 0.0, 1.0, 0.0, 1.0, 1.0, 1.0, 1.0, 1.0, 1.0, 1.0, 0.0, 1.0, 1.0, 1.0, 1.0, 1.0, 1.0, 1.0, 1.0, 1.0, 0.0, 1.0, 1.0, 1.0, 1.0, 1.0, 1.0, 1.0, 0.0, 1.0, 0.0, 1.0, 0.0, 1.0, 1.0, 1.0, 1.0, 1.0, 1.0, 1.0, 1.0, 1.0, 0.0, 1.0, 0.0, 1.0, 1.0, 1.0, 1.0, 1.0, 1.0, 1.0, 1.0, 1.0, 1.0, 1.0, 1.0, 1.0, 1.0, 1.0, 1.0, 1.0, 1.0, 1.0, 1.0, 1.0, 1.0, 0.0, 0.0, 0.0, 1.0, 0.0, 1.0, 1.0, 0.0, 1.0, 1.0, 1.0, 1.0, 1.0, 1.0, 1.0, 1.0, 1.0, 1.0, 1.0, 1.0, 1.0, 1.0, 0.0, 1.0, 0.0, 1.0, 0.0, 1.0, 1.0, 1.0, 1.0, 1.0, 1.0, 1.0, 1.0, 1.0, 0.0, 1.0, 0.0, 1.0, 0.0, 1.0, 0.0, 1.0, 0.0, 1.0, 1.0, 1.0, 1.0, 1.0, 1.0, 1.0, 1.0, 1.0, 0.0, 1.0, 0.0, 1.0, 0.0, 1.0, 0.0, 1.0, 0.0, 1.0, 1.0, 1.0, 1.0, 1.0, 1.0, 1.0, 1.0, 1.0, 0.0, 1.0, 0.0, 1.0, 0.0, 1.0, 0.0, 1.0, 0.0, 1.0, 0.0, 1.0, 1.0, 1.0, 0.0, 1.0, 1.0, 1.0, 0.0, 0.0, 0.0, 1.0, 0.0, 1.0, 0.0, 1.0, 0.0, 0.0, 0.0, 0.0, 0.0, 1.0, 0.0, 1.0, 0.0, 1.0, 0.0, 0.0, 0.0, 0.0, 0.0, 0.0, 0.0, 0.0, 0.0, 0.0, 0.0, 0.0, 0.0, 0.0, 0.0, 0.0, 0.0, 1.0, 0.0, 0.0, 0.0, 0.0, 0.0, 0.0, 0.0, 0.0, 0.0, 0.0, 0.0, 0.0, 0.0, 0.0, 0.0, 0.0, 0.0, 0.0, 0.0, 0.0, 0.0, 0.0, 0.0, 0.0, 0.0, 0.0, 0.0, 0.0, 0.0, 0.0, 0.0, 0.0, 0.0, 0.0, 0.0, 0.0, 0.0, 0.0, 0.0, 0.0, 0.0, 0.0, 0.0, 0.0, 0.0, 0.0, 0.0, 0.0, 0.0, 0.0, 0.0, 0.0, 0.0, 0.0]
Approximations: 0.125
Total time: 402.881772451
mean_approx_fitnesses = [-9599.0, -8286.47, -7639.57, -7171.95, -6766.19, -6563.85, -6217.8, -6070.63, -5999.45, -5795.4, -5718.91, -5916.93, -5753.62, -5604.34, -5635.82, -5622.77, -5613.16, -5473.17, -5441.13, -5347.43, -5403.67, -5381.65, -5353.19, -5528.22, -5364.91, -5429.79, -5367.68, -5369.9, -5321.54, -5535.24, -5272.61, -5329.11, -5353.89, -5320.51, -5470.96, -5277.12, -5314.52, -5270.08, -5275.18, -5391.26, -5187.22, -5272.52, -5151.86, -5345.31, -5331.78, -5378.69, -5325.52, -5347.14, -5338.96, -5359.47, -5241.44, -5338.69, -5311.02, -5181.61, -5338.1, -5260.37, -5302.96, -5275.76, -5428.12, -5316.41, -5436.85, -5334.15, -5302.51, -5524.88, -5275.72, -5223.72, -5286.9, -5271.98, -5212.44, -5206.03, -5314.08, -5281.43, -5348.5, -5235.71, -5253.6, -5246.6, -5364.83, -5294.33, -5243.01, -5277.09, -5189.41, -5187.9, -5358.99, -5299.63, -5135.21, -5200.91, -5278.14, -5315.696731739185, -7015.66, -5193.18, -5244.74, -5165.77, -5232.47, -5182.75, -5207.95, -5290.92, -5313.15, -5165.17, -5167.05, -5222.68, -5161.330013648168, -6347.891161669891, -6990.93, -5059.16, -4938.35, -5014.25527930181, -6900.22, -5115.05, -4949.22, -4996.0, -4939.22, -4941.55, -5020.68, -5017.74, -5033.78, -5011.42, -5048.44, -5051.88, -5057.76269863108, -6624.59, -4955.53, -4975.18, -4993.85, -4976.6, -5073.13, -4990.360186302287, -6381.87, -5061.42, -5050.4, -5211.06, -4919.08, -5017.54, -4964.21, -4954.61, -5108.07, -4994.057699849044, -6584.24, -4995.61, -5093.771691416307, -6973.48, -4888.66, -4945.66, -4993.32, -5027.2, -4897.26, -5027.58, -5030.01, -5012.43, -5071.9, -4993.57, -5168.312386954934, -6030.747864468962, -6653.750199762767, -6447.505413962615, -6502.925881020044, -6793.744051892667, -7646.88, -5042.59, -5035.16, -4965.72, -4965.88, -5026.81, -5169.55, -5152.36, -4973.63, -4957.59, -5020.62, -5130.55, -4940.17, -5076.65, -5033.275527412897, -6339.935422120499, -6551.9202287469725, -6490.147583644454, -6943.665233604766, -7202.644679257767, -6705.35, -5056.01, -4966.58, -5077.67, -5025.83, -5019.39253539682, -7104.56, -4977.29, -4902.78, -4963.37, -4981.71, -5108.23, -5150.12, -4981.87, -5055.858531643376, -6760.331740656283, -6847.23, -4944.76, -4984.81, -4988.56, -5017.53, -4966.1, -4915.75216243028, -7576.777027266625]
median_approx_fitnesses = [-9464.5, -8118.0, -7485.0, -7121.0, -6625.0, -6400.5, -6199.5, -5970.0, -5931.5, -5760.0, -5703.0, -5662.5, -5498.0, -5456.5, -5456.5, -5396.5, -5413.0, -5394.5, -5267.5, -5287.5, -5273.0, -5295.0, -5310.5, -5335.5, -5223.5, -5266.5, -5236.5, -5249.5, -5204.5, -5306.0, -5236.0, -5248.0, -5221.0, -5236.5, -5227.5, -5182.5, -5196.0, -5107.5, -5170.0, -5251.0, -5090.5, -5146.0, -5076.0, -5203.5, -5263.5, -5165.5, -5176.5, -5221.0, -5197.0, -5202.5, -5123.5, -5144.0, -5174.0, -5083.5, -5188.0, -5164.0, -5170.5, -5160.5, -5273.5, -5205.5, -5198.5, -5201.5, -5220.5, -5212.0, -5174.0, -5159.5, -5211.0, -5105.5, -5160.0, -5151.5, -5116.0, -5200.5, -5164.5, -5185.0, -5162.5, -5137.5, -5121.0, -5137.5, -5172.0, -5215.0, -5147.0, -5114.5, -5182.0, -5119.5, -5109.0, -5128.5, -5165.0, -5085.670831205713, -5218.5, -5166.0, -5080.5, -5069.0, -5081.0, -5136.5, -5093.0, -5176.0, -5083.5, -5050.5, -5104.0, -5109.5, -5052.011911160633, -4951.593315935837, -5014.0, -4884.5, -4895.5, -4831.0994076932075, -4914.0, -4915.5, -4911.5, -4900.0, -4888.5, -4800.0, -4805.5, -4938.0, -4938.0, -4930.5, -4927.0, -4956.0, -4881.5465388755765, -4940.0, -4857.0, -4903.5, -4867.0, -4909.0, -4919.5, -4882.69628023956, -4872.5, -4942.0, -4835.0, -4949.0, -4867.0, -4893.0, -4871.0, -4827.0, -4917.5, -4867.2637042265815, -4909.0, -4851.0, -4803.055914689134, -4936.5, -4833.0, -4909.5, -4821.5, -4883.0, -4864.0, -4843.5, -4857.0, -4884.0, -4923.5, -4843.5, -4865.1399405930315, -4810.6901121262035, -4770.679782803094, -4736.814680744883, -4679.525175024637, -4725.395353383432, -5090.5, -4837.0, -4900.5, -4851.0, -4921.0, -4859.0, -4918.5, -4981.5, -4898.0, -4858.0, -4866.0, -4884.0, -4854.0, -4985.5, -4846.30179522021, -4829.766508177284, -4802.035266182962, -4753.0529973726625, -4719.614160469617, -4768.696986537756, -4907.0, -4877.5, -4942.5, -4930.5, -4915.0, -4842.114590613815, -4938.0, -4823.0, -4790.5, -4845.0, -4824.5, -4977.5, -5007.0, -4896.0, -4829.377514193466, -4819.9275619174805, -4977.0, -4814.0, -4861.5, -4821.5, -4831.5, -4853.0, -4819.560037408304, -4806.559961614792]
max_approx_fitnesses = [-6137.0, -6019.0, -6102.0, -5716.0, -5501.0, -5665.0, -5104.0, -4949.0, -4653.0, -5083.0, -4606.0, -4825.0, -4472.0, -4663.0, -4605.0, -4621.0, -4447.0, -4393.0, -4579.0, -4348.0, -4412.0, -4428.0, -4291.0, -4524.0, -4537.0, -4356.0, -4497.0, -4444.0, -4351.0, -4356.0, -4108.0, -4285.0, -4408.0, -4326.0, -4630.0, -4323.0, -4229.0, -4114.0, -4263.0, -4191.0, -4494.0, -4301.0, -4275.0, -4398.0, -4422.0, -4453.0, -4470.0, -4523.0, -4257.0, -4353.0, -4351.0, -4360.0, -4296.0, -4361.0, -4564.0, -4176.0, -4197.0, -4181.0, -4419.0, -4324.0, -4134.0, -4180.0, -4460.0, -4610.0, -4354.0, -4242.0, -4481.0, -4491.0, -4395.0, -4209.0, -4435.0, -4218.0, -4399.0, -4383.0, -3900.0, -4411.0, -4217.0, -4432.0, -4130.0, -4306.0, -4092.0, -4269.0, -4426.0, -4327.0, -4216.0, -4103.0, -4360.0, -4997.146032650449, -4371.0, -4288.0, -4167.0, -4293.0, -4184.0, -4325.0, -4034.0, -4183.0, -4299.0, -4372.0, -4391.0, -3942.0, -4650.5412422105255, -4670.912272719892, -3791.0, -4140.0, -3946.0, -4735.307608373234, -3978.0, -4046.0, -4080.0, -4041.0, -3823.0, -3905.0, -4005.0, -4071.0, -3955.0, -4045.0, -3942.0, -4180.0, -4743.125060269347, -4172.0, -4040.0, -3887.0, -4122.0, -3770.0, -4123.0, -4725.007653211827, -4313.0, -3977.0, -3756.0, -3917.0, -3877.0, -4022.0, -4173.0, -4112.0, -4179.0, -4687.670590797068, -3988.0, -3941.0, -4741.4570798652185, -4211.0, -3722.0, -4238.0, -4089.0, -4209.0, -3910.0, -4174.0, -4021.0, -4187.0, -4064.0, -4165.0, -4722.139252630046, -4608.938667598191, -4509.803562365107, -4501.998921970451, -4573.867606789827, -4675.378399566891, -4020.0, -4171.0, -4084.0, -4119.0, -3850.0, -4305.0, -4107.0, -4034.0, -3939.0, -4177.0, -4129.0, -4097.0, -4038.0, -4061.0, -4756.900356338676, -4711.702258050684, -4621.266912492185, -4616.109445281723, -4625.521715962535, -4674.536423492262, -4126.0, -3945.0, -4176.0, -4101.0, -3712.0, -4635.110528272282, -4165.0, -4067.0, -4203.0, -3932.0, -4034.0, -3993.0, -4008.0, -4073.0, -4701.123611590183, -4695.888210940902, -4147.0, -3834.0, -4150.0, -4212.0, -4096.0, -3922.0, -4684.790206610993, -4661.883981007686]
min_approx_fitnesses = [-14060.0, -12549.0, -14074.0, -12868.0, -9252.0, -10649.0, -8473.0, -7829.0, -8468.0, -7973.0, -9062.0, -15875.0, -13381.0, -12340.0, -11935.0, -12840.0, -9219.0, -8984.0, -8830.0, -8238.0, -7369.0, -7195.0, -7376.0, -12244.0, -7606.0, -9439.0, -10134.0, -7951.0, -10802.0, -12467.0, -7724.0, -8723.0, -7707.0, -7164.0, -9655.0, -7814.0, -7885.0, -9959.0, -7195.0, -11451.0, -7204.0, -7230.0, -7639.0, -7772.0, -8546.0, -13485.0, -7928.0, -7198.0, -9151.0, -9532.0, -9417.0, -13024.0, -8480.0, -8870.0, -8818.0, -7627.0, -8278.0, -8332.0, -8441.0, -8194.0, -15794.0, -12772.0, -9219.0, -13327.0, -7986.0, -8276.0, -7222.0, -8963.0, -6722.0, -8206.0, -13318.0, -8296.0, -9872.0, -7343.0, -7856.0, -8337.0, -13389.0, -7569.0, -7616.0, -8332.0, -7454.0, -7348.0, -8659.0, -12302.0, -6863.0, -6713.0, -9457.0, -9559.144438053921, -21133.0, -6695.0, -7800.0, -7068.0, -12293.0, -6977.0, -8690.0, -9061.0, -8719.0, -6902.0, -7293.0, -8752.0, -8637.086610076238, -16640.09972495145, -21829.0, -9284.0, -8125.0, -8895.115136747598, -19601.0, -13308.0, -7837.0, -8140.0, -6809.0, -8232.0, -12657.0, -6694.0, -8230.0, -7008.0, -9001.0, -8702.0, -8715.371340447184, -18575.0, -7939.0, -8369.0, -7992.0, -7363.0, -12493.0, -6911.299680260723, -18099.0, -7789.0, -14362.0, -12740.0, -6925.0, -7888.0, -7805.0, -7103.0, -8879.0, -7192.270602532257, -18327.0, -8991.0, -12092.27774607428, -18740.0, -7650.0, -7073.0, -7419.0, -8191.0, -5848.0, -13063.0, -8830.0, -9441.0, -7875.0, -10327.0, -12718.095137735025, -16155.122288292512, -18484.03629809579, -14499.614693240625, -19534.323979923065, -22778.388014499396, -25732.0, -11372.0, -9884.0, -7636.0, -7542.0, -8423.0, -14408.0, -12638.0, -6526.0, -7097.0, -9125.0, -8770.0, -6387.0, -8430.0, -7871.540323788227, -16699.017023037915, -18836.87130981627, -18491.34434063948, -18452.915722963524, -19128.34028521933, -20343.0, -9032.0, -6326.0, -8362.0, -8354.0, -7659.9838021642245, -23966.0, -8596.0, -6215.0, -8034.0, -9170.0, -8002.0, -8139.0, -7504.0, -12577.18091691888, -19781.83725952713, -21900.0, -6981.0, -7289.0, -8177.0, -13051.0, -8967.0, -6835.737406967704, -19572.73062483238]
mean_fitnesses = [-9599.0, -8286.47, -7639.57, -7171.95, -6766.19, -6563.85, -6217.8, -6070.63, -5999.45, -5795.4, -5718.91, -5916.93, -5753.62, -5604.34, -5635.82, -5622.77, -5613.16, -5473.17, -5441.13, -5347.43, -5403.67, -5381.65, -5353.19, -5528.22, -5364.91, -5429.79, -5367.68, -5369.9, -5321.54, -5535.24, -5272.61, -5329.11, -5353.89, -5320.51, -5470.96, -5277.12, -5314.52, -5270.08, -5275.18, -5391.26, -5187.22, -5272.52, -5151.86, -5345.31, -5331.78, -5378.69, -5325.52, -5347.14, -5338.96, -5359.47, -5241.44, -5338.69, -5311.02, -5181.61, -5338.1, -5260.37, -5302.96, -5275.76, -5428.12, -5316.41, -5436.85, -5334.15, -5302.51, -5524.88, -5275.72, -5223.72, -5286.9, -5271.98, -5212.44, -5206.03, -5314.08, -5281.43, -5348.5, -5235.71, -5253.6, -5246.6, -5364.83, -5294.33, -5243.01, -5277.09, -5189.41, -5187.9, -5358.99, -5299.63, -5135.21, -5200.91, -5278.14, -5251.41, -7015.66, -5193.18, -5244.74, -5165.77, -5232.47, -5182.75, -5207.95, -5290.92, -5313.15, -5165.17, -5167.05, -5222.68, -5167.23, -5196.55, -6990.93, -5059.16, -4938.35, -5064.32, -6900.22, -5115.05, -4949.22, -4996.0, -4939.22, -4941.55, -5020.68, -5017.74, -5033.78, -5011.42, -5048.44, -5051.88, -4967.0, -6624.59, -4955.53, -4975.18, -4993.85, -4976.6, -5073.13, -5053.45, -6381.87, -5061.42, -5050.4, -5211.06, -4919.08, -5017.54, -4964.21, -4954.61, -5108.07, -5087.02, -6584.24, -4995.61, -5118.05, -6973.48, -4888.66, -4945.66, -4993.32, -5027.2, -4897.26, -5027.58, -5030.01, -5012.43, -5071.9, -4993.57, -4971.36, -4987.39, -4992.2, -4957.54, -4876.79, -5004.56, -7646.88, -5042.59, -5035.16, -4965.72, -4965.88, -5026.81, -5169.55, -5152.36, -4973.63, -4957.59, -5020.62, -5130.55, -4940.17, -5076.65, -4953.36, -5091.62, -4977.9, -4945.42, -4989.22, -5072.33, -6705.35, -5056.01, -4966.58, -5077.67, -5025.83, -5159.29, -7104.56, -4977.29, -4902.78, -4963.37, -4981.71, -5108.23, -5150.12, -4981.87, -4866.93, -4928.69, -6847.23, -4944.76, -4984.81, -4988.56, -5017.53, -4966.1, -4812.94, -4815.21]
median_fitnesses = [-9464.5, -8118.0, -7485.0, -7121.0, -6625.0, -6400.5, -6199.5, -5970.0, -5931.5, -5760.0, -5703.0, -5662.5, -5498.0, -5456.5, -5456.5, -5396.5, -5413.0, -5394.5, -5267.5, -5287.5, -5273.0, -5295.0, -5310.5, -5335.5, -5223.5, -5266.5, -5236.5, -5249.5, -5204.5, -5306.0, -5236.0, -5248.0, -5221.0, -5236.5, -5227.5, -5182.5, -5196.0, -5107.5, -5170.0, -5251.0, -5090.5, -5146.0, -5076.0, -5203.5, -5263.5, -5165.5, -5176.5, -5221.0, -5197.0, -5202.5, -5123.5, -5144.0, -5174.0, -5083.5, -5188.0, -5164.0, -5170.5, -5160.5, -5273.5, -5205.5, -5198.5, -5201.5, -5220.5, -5212.0, -5174.0, -5159.5, -5211.0, -5105.5, -5160.0, -5151.5, -5116.0, -5200.5, -5164.5, -5185.0, -5162.5, -5137.5, -5121.0, -5137.5, -5172.0, -5215.0, -5147.0, -5114.5, -5182.0, -5119.5, -5109.0, -5128.5, -5165.0, -5059.0, -5218.5, -5166.0, -5080.5, -5069.0, -5081.0, -5136.5, -5093.0, -5176.0, -5083.5, -5050.5, -5104.0, -5109.5, -5062.0, -5085.5, -5014.0, -4884.5, -4895.5, -4896.5, -4914.0, -4915.5, -4911.5, -4900.0, -4888.5, -4800.0, -4805.5, -4938.0, -4938.0, -4930.5, -4927.0, -4956.0, -4806.5, -4940.0, -4857.0, -4903.5, -4867.0, -4909.0, -4919.5, -4864.5, -4872.5, -4942.0, -4835.0, -4949.0, -4867.0, -4893.0, -4871.0, -4827.0, -4917.5, -4871.5, -4909.0, -4851.0, -4931.5, -4936.5, -4833.0, -4909.5, -4821.5, -4883.0, -4864.0, -4843.5, -4857.0, -4884.0, -4923.5, -4843.5, -4856.0, -4813.0, -4903.5, -4763.5, -4756.5, -4857.5, -5090.5, -4837.0, -4900.5, -4851.0, -4921.0, -4859.0, -4918.5, -4981.5, -4898.0, -4858.0, -4866.0, -4884.0, -4854.0, -4985.5, -4845.5, -4867.5, -4822.5, -4826.0, -4850.5, -4952.5, -4907.0, -4877.5, -4942.5, -4930.5, -4915.0, -4903.0, -4938.0, -4823.0, -4790.5, -4845.0, -4824.5, -4977.5, -5007.0, -4896.0, -4869.5, -4839.0, -4977.0, -4814.0, -4861.5, -4821.5, -4831.5, -4853.0, -4680.0, -4695.5]
max_fitnesses = [-6137.0, -6019.0, -6102.0, -5716.0, -5501.0, -5665.0, -5104.0, -4949.0, -4653.0, -5083.0, -4606.0, -4825.0, -4472.0, -4663.0, -4605.0, -4621.0, -4447.0, -4393.0, -4579.0, -4348.0, -4412.0, -4428.0, -4291.0, -4524.0, -4537.0, -4356.0, -4497.0, -4444.0, -4351.0, -4356.0, -4108.0, -4285.0, -4408.0, -4326.0, -4630.0, -4323.0, -4229.0, -4114.0, -4263.0, -4191.0, -4494.0, -4301.0, -4275.0, -4398.0, -4422.0, -4453.0, -4470.0, -4523.0, -4257.0, -4353.0, -4351.0, -4360.0, -4296.0, -4361.0, -4564.0, -4176.0, -4197.0, -4181.0, -4419.0, -4324.0, -4134.0, -4180.0, -4460.0, -4610.0, -4354.0, -4242.0, -4481.0, -4491.0, -4395.0, -4209.0, -4435.0, -4218.0, -4399.0, -4383.0, -3900.0, -4411.0, -4217.0, -4432.0, -4130.0, -4306.0, -4092.0, -4269.0, -4426.0, -4327.0, -4216.0, -4103.0, -4360.0, -4357.0, -4371.0, -4288.0, -4167.0, -4293.0, -4184.0, -4325.0, -4034.0, -4183.0, -4299.0, -4372.0, -4391.0, -3942.0, -4271.0, -4239.0, -3791.0, -4140.0, -3946.0, -4091.0, -3978.0, -4046.0, -4080.0, -4041.0, -3823.0, -3905.0, -4005.0, -4071.0, -3955.0, -4045.0, -3942.0, -4180.0, -4124.0, -4172.0, -4040.0, -3887.0, -4122.0, -3770.0, -4123.0, -3813.0, -4313.0, -3977.0, -3756.0, -3917.0, -3877.0, -4022.0, -4173.0, -4112.0, -4179.0, -4125.0, -3988.0, -3941.0, -4029.0, -4211.0, -3722.0, -4238.0, -4089.0, -4209.0, -3910.0, -4174.0, -4021.0, -4187.0, -4064.0, -4165.0, -3830.0, -4121.0, -4047.0, -3973.0, -4060.0, -3995.0, -4020.0, -4171.0, -4084.0, -4119.0, -3850.0, -4305.0, -4107.0, -4034.0, -3939.0, -4177.0, -4129.0, -4097.0, -4038.0, -4061.0, -4091.0, -3933.0, -4211.0, -3939.0, -4119.0, -4006.0, -4126.0, -3945.0, -4176.0, -4101.0, -3712.0, -4076.0, -4165.0, -4067.0, -4203.0, -3932.0, -4034.0, -3993.0, -4008.0, -4073.0, -3951.0, -3857.0, -4147.0, -3834.0, -4150.0, -4212.0, -4096.0, -3922.0, -3856.0, -3938.0]
min_fitnesses = [-14060.0, -12549.0, -14074.0, -12868.0, -9252.0, -10649.0, -8473.0, -7829.0, -8468.0, -7973.0, -9062.0, -15875.0, -13381.0, -12340.0, -11935.0, -12840.0, -9219.0, -8984.0, -8830.0, -8238.0, -7369.0, -7195.0, -7376.0, -12244.0, -7606.0, -9439.0, -10134.0, -7951.0, -10802.0, -12467.0, -7724.0, -8723.0, -7707.0, -7164.0, -9655.0, -7814.0, -7885.0, -9959.0, -7195.0, -11451.0, -7204.0, -7230.0, -7639.0, -7772.0, -8546.0, -13485.0, -7928.0, -7198.0, -9151.0, -9532.0, -9417.0, -13024.0, -8480.0, -8870.0, -8818.0, -7627.0, -8278.0, -8332.0, -8441.0, -8194.0, -15794.0, -12772.0, -9219.0, -13327.0, -7986.0, -8276.0, -7222.0, -8963.0, -6722.0, -8206.0, -13318.0, -8296.0, -9872.0, -7343.0, -7856.0, -8337.0, -13389.0, -7569.0, -7616.0, -8332.0, -7454.0, -7348.0, -8659.0, -12302.0, -6863.0, -6713.0, -9457.0, -9183.0, -21133.0, -6695.0, -7800.0, -7068.0, -12293.0, -6977.0, -8690.0, -9061.0, -8719.0, -6902.0, -7293.0, -8752.0, -7721.0, -8646.0, -21829.0, -9284.0, -8125.0, -8279.0, -19601.0, -13308.0, -7837.0, -8140.0, -6809.0, -8232.0, -12657.0, -6694.0, -8230.0, -7008.0, -9001.0, -8702.0, -7945.0, -18575.0, -7939.0, -8369.0, -7992.0, -7363.0, -12493.0, -8861.0, -18099.0, -7789.0, -14362.0, -12740.0, -6925.0, -7888.0, -7805.0, -7103.0, -8879.0, -12221.0, -18327.0, -8991.0, -7970.0, -18740.0, -7650.0, -7073.0, -7419.0, -8191.0, -5848.0, -13063.0, -8830.0, -9441.0, -7875.0, -10327.0, -11913.0, -7343.0, -9417.0, -12197.0, -8776.0, -8016.0, -25732.0, -11372.0, -9884.0, -7636.0, -7542.0, -8423.0, -14408.0, -12638.0, -6526.0, -7097.0, -9125.0, -8770.0, -6387.0, -8430.0, -12703.0, -10347.0, -11212.0, -6949.0, -8395.0, -8771.0, -20343.0, -9032.0, -6326.0, -8362.0, -8354.0, -9908.0, -23966.0, -8596.0, -6215.0, -8034.0, -9170.0, -8002.0, -8139.0, -7504.0, -6277.0, -13251.0, -21900.0, -6981.0, -7289.0, -8177.0, -13051.0, -8967.0, -7454.0, -8385.0]
approx_errors = [1558.1949052153734, 1209.1123476760529, 1009.515440323576, 947.2563641737834, 759.2578742492766, 767.219408238268, 659.1626081553832, 662.1161738693726, 575.9722804959862, 533.7384986614462, 567.6573779694992, 483.3557537809443, 449.58648696518185, 447.2707993999923, 447.6997639896884, 428.03447228565483, 423.0825571607315, 416.39494915223923, 404.1780261618953, 407.05609307149797, 405.6829403166243, 396.4473572895783, 373.83407757045825, 392.84870913921765, 361.84195779381497, 367.29557040338165, 360.4997309438624, 360.26366360933844, 366.7886943325988, 354.07594334646296, 340.1432006118227, 343.23949020358015, 337.6481380487451, 327.1178175872017, 333.88174672437935, 332.72635705368526, 339.8931242719116, 336.34354239018336, 321.047279251882, 320.8530761676296, 321.070493051831, 327.11200346238803, 315.90496075684285, 315.3638637376335, 317.27900735416034, 312.282979401254, 314.42690909055165, 319.25832612015444, 319.70395151574843, 299.8329818342067, 301.1330331743034, 299.868284753338, 300.3548641185021, 300.35547465380404, 301.7505194877239, 297.8741172653663, 295.55490367219426, 302.6443454090816, 296.41436066323894, 297.07750829918206, 289.12641001012486, 292.8560709602952, 295.2341767097587, 291.2953193162132, 289.470279861699, 283.7060329953085, 283.832778984393, 285.5307441633701, 285.81018890996273, 285.8231606994659, 282.06217483210736, 277.5247377216659, 278.43243420599174, 280.91144307416835, 279.771458625668, 278.2959738476129, 281.5604590966829, 273.9180154523495, 275.1744174866312, 274.67936486458774, 271.5837628784816, 276.6004612740858, 275.9673435802212, 272.60726112958616, 274.1952424421332, 270.16452974095733, 269.62194342973754, 271.18733940434436, 272.61101623541055, 275.8946702955207, 275.8115391907202, 270.05665136241174, 272.8871108769322, 273.857748196361, 270.79711336257424, 273.5484690701559, 274.725685845928, 272.11433628338233, 270.7005722377125, 265.25435249203935, 266.0737486591435, 270.32157415243995, 273.96247530697036, 273.5238735190191, 269.24940577898036, 271.25341435325106, 273.4724065994576, 273.8742041431173, 275.2352998488585, 275.17681730045615, 275.33629475468456, 277.78606616810265, 273.46985231914135, 270.89503069498215, 274.2357362887539, 271.6040922299201, 270.8474544199078, 267.00906686460036, 271.1158368880438, 274.3642325553367, 274.21939628571596, 273.1255189225529, 271.4748867163799, 271.00248147253234, 269.9709109604175, 274.0173946892434, 273.63632984422503, 277.81777498228996, 275.10846453311717, 272.1598568813619, 274.2856286213253, 274.2932703892816, 277.92189140501483, 275.7950182355534, 269.30892381434927, 272.8593999596796, 271.49846057812266, 269.2378821462369, 274.4287459724657, 272.1754121275904, 270.27291939879916, 272.93601304203975, 270.9931891649935, 272.74868362160396, 273.84540759469513, 275.2482354356288, 271.4966078237244, 271.4944189946138, 271.8170045282352, 268.39568315739615, 268.5718216854713, 267.8155586672729, 269.3886224961943, 269.4183912707667, 269.8280185538752, 270.4273941964719, 275.6835641744194, 272.16926420066545, 272.4711988729746, 273.8524019971065, 272.8346576845422, 272.2362343099863, 273.56311239288794, 271.44702779733586, 273.912795724736, 273.3950707854652, 270.3385198269437, 271.0293478454891, 272.93545595005133, 269.2941928791192, 269.45382758651994, 269.66884956548796, 269.9053443115533, 269.74897056556097, 269.46443837258903, 271.29479109967525, 271.87949663998694, 271.5388890270973, 271.7934809509605, 270.548529962268, 268.7588094314153, 271.87430119385283, 272.7355998910195, 274.3829719534529, 274.66748235191085, 270.344632999119, 270.9990469566771, 270.8044016110443, 273.2083732965134, 268.6860509381295, 269.0632851923329, 272.34488693650815, 270.7310739048499, 270.343930783325, 270.74360624355546, 270.61735185479074, 271.1470647133336, 269.76466612921143, 269.3308601219787, 273.1402110375331]
