SLURM_JOBID=6753206
SLURM_JOB_NODELIST=cs-cpu-05
Submitted batch job 6753249
Submitted batch job 6753569
Submitted batch job 6753783
Submitted batch job 6754064
Submitted batch job 6754353
Submitted batch job 6754618
Submitted batch job 6754889
Submitted batch job 6755227
Submitted batch job 6755518
Submitted batch job 6755802
Submitted batch job 6756052
Submitted batch job 6756356
Submitted batch job 6756654
Submitted batch job 6756820
Submitted batch job 6757088
Submitted batch job 6757414
Submitted batch job 6757690
Submitted batch job 6758039
Submitted batch job 6758341
Submitted batch job 6758730
Submitted batch job 6758906
Submitted batch job 6759194
Submitted batch job 6759457
Submitted batch job 6759804
Submitted batch job 6760094
Submitted batch job 6765256
Submitted batch job 6765453
Submitted batch job 6765677
Submitted batch job 6765712
Submitted batch job 6765963
Submitted batch job 6766152
Submitted batch job 6766345
Submitted batch job 6766598
Submitted batch job 6766787
Submitted batch job 6766977
Submitted batch job 6767169
Submitted batch job 6767356
Submitted batch job 6767550
Submitted batch job 6767916
Submitted batch job 6768171
Submitted batch job 6768537
Submitted batch job 6768802
Submitted batch job 6769021
Submitted batch job 6769424
Submitted batch job 6769629
Submitted batch job 6769897
Submitted batch job 6770142
Submitted batch job 6770538
Submitted batch job 6770737
Submitted batch job 6771004
Submitted batch job 6771220
Submitted batch job 6771569
Submitted batch job 6771799
Submitted batch job 6772134
Submitted batch job 6772361
Submitted batch job 6772624
Submitted batch job 6772754
Submitted batch job 6772980
Submitted batch job 6773161
Submitted batch job 6773537
Submitted batch job 6773775
Submitted batch job 6774076
Submitted batch job 6774694
Submitted batch job 6775540
Submitted batch job 6776361
Submitted batch job 6776773
Submitted batch job 6776933
Submitted batch job 6777118
Submitted batch job 6777740
Submitted batch job 6778442
Submitted batch job 6779206
Submitted batch job 6779992
Submitted batch job 6780143
Submitted batch job 6780478
Submitted batch job 6780887
Submitted batch job 6781804
Submitted batch job 6782464
Submitted batch job 6782971
Submitted batch job 6783329
Submitted batch job 6783799
Submitted batch job 6783997
Submitted batch job 6784144
Submitted batch job 6784382
Submitted batch job 6784665
Submitted batch job 6784923
Submitted batch job 6785144
Submitted batch job 6785363
Submitted batch job 6785636
Submitted batch job 6785917
Submitted batch job 6786134
Submitted batch job 6786369
Submitted batch job 6786598
Submitted batch job 6786778
Submitted batch job 6787046
Submitted batch job 6787227
Submitted batch job 6787611
Submitted batch job 6787803
Submitted batch job 6788105
Submitted batch job 6788346
Submitted batch job 6788495
Submitted batch job 6788722
Submitted batch job 6788974
Submitted batch job 6789148
Submitted batch job 6789437
Submitted batch job 6789608
Submitted batch job 6789931
Submitted batch job 6790068
Submitted batch job 6790340
Submitted batch job 6790542
Submitted batch job 6790788
Submitted batch job 6791036
Submitted batch job 6791357
Submitted batch job 6791534
Submitted batch job 6791788
Submitted batch job 6792007
Submitted batch job 6792233
Submitted batch job 6792503
Submitted batch job 6792847
Submitted batch job 6792969
Submitted batch job 6793329
Submitted batch job 6793457
Submitted batch job 6793711
Submitted batch job 6793922
Submitted batch job 6794182
Submitted batch job 6794444
Submitted batch job 6794668
Submitted batch job 6794943
Submitted batch job 6795184
Submitted batch job 6795431
Submitted batch job 6795636
Submitted batch job 6795838
Submitted batch job 6796102
Submitted batch job 6796268
Submitted batch job 6796588
Submitted batch job 6796753
Submitted batch job 6797068
Submitted batch job 6797238
Submitted batch job 6797553
Submitted batch job 6797717
Submitted batch job 6797973
Submitted batch job 6798019
Submitted batch job 6798263
Submitted batch job 6798505
Submitted batch job 6798753
Submitted batch job 6798985
Submitted batch job 6799236
Submitted batch job 6799464
Submitted batch job 6799709
Submitted batch job 6799942
Submitted batch job 6800211
Submitted batch job 6800405
Submitted batch job 6800572
Submitted batch job 6800885
Submitted batch job 6801083
Submitted batch job 6801367
Submitted batch job 6801537
Submitted batch job 6801832
Submitted batch job 6802024
Submitted batch job 6802213
Submitted batch job 6802481
Submitted batch job 6802647
Submitted batch job 6802935
Submitted batch job 6803119
Submitted batch job 6803455
Submitted batch job 6803616
Submitted batch job 6803976
Submitted batch job 6804243
Submitted batch job 6804476
Submitted batch job 6804659
Submitted batch job 6804960
Submitted batch job 6805148
Submitted batch job 6805472
Submitted batch job 6805699
Submitted batch job 6806006
Submitted batch job 6806146
Submitted batch job 6806366
Submitted batch job 6806507
Submitted batch job 6806727
Submitted batch job 6806867
Submitted batch job 6807107
Submitted batch job 6807199
Submitted batch job 6807448
Submitted batch job 6807588
Submitted batch job 6807808
Submitted batch job 6807928
Submitted batch job 6808069
Submitted batch job 6808289
Submitted batch job 6808429
Submitted batch job 6808650
Submitted batch job 6808790
Submitted batch job 6809008
Submitted batch job 6809152
Submitted batch job 6809252
Submitted batch job 6809575
Submitted batch job 6809752
Submitted batch job 6809973
Submitted batch job 6810114
Submitted batch job 6810301
Submitted batch job 6810475
Submitted batch job 6810695
Submitted batch job 6810716
Submitted batch job 6810936
Submitted batch job 6811042
Submitted batch job 6811196
Submitted batch job 6811385
Submitted batch job 6811558
Submitted batch job 6811745
Submitted batch job 6812024
Submitted batch job 6812045
Submitted batch job 6812330
Submitted batch job 6812406
Submitted batch job 6812625
Submitted batch job 6812646
Submitted batch job 6812865
Submitted batch job 6812950
Submitted batch job 6813193
Submitted batch job 6813349
Submitted batch job 6813489
Submitted batch job 6813654
Submitted batch job 6813916
Submitted batch job 6814071
Submitted batch job 6814212
Submitted batch job 6814365
Submitted batch job 6814573
Submitted batch job 6814727
Submitted batch job 6815001
Submitted batch job 6815152
Submitted batch job 6815296
Submitted batch job 6815456
Submitted batch job 6815657
Submitted batch job 6815803
Submitted batch job 6816020
Submitted batch job 6816242
Submitted batch job 6816382
Submitted batch job 6816469
Submitted batch job 6816725
Submitted batch job 6816884
Submitted batch job 6817085
Submitted batch job 6817224
Submitted batch job 6817416
Submitted batch job 6817586
Submitted batch job 6817882
Submitted batch job 6818034
Submitted batch job 6818287
Submitted batch job 6818429
Submitted batch job 6818650
Submitted batch job 6818766
Submitted batch job 6818910
Submitted batch job 6819064
Submitted batch job 6819270
Submitted batch job 6819492
Submitted batch job 6819633
Submitted batch job 6819723
Submitted batch job 6819993
Submitted batch job 6820141
Submitted batch job 6820424
Submitted batch job 6820568
Submitted batch job 6820765
Submitted batch job 6820937
Submitted batch job 6821175
Submitted batch job 6821373
Submitted batch job 6821536
Submitted batch job 6821657
Submitted batch job 6821878
Submitted batch job 6822038
Submitted batch job 6822259
Submitted batch job 6822369
Submitted batch job 6822621
Submitted batch job 6822857
Submitted batch job 6822981
Submitted batch job 6823021
Submitted batch job 6823266
Submitted batch job 6823361
Submitted batch job 6823551
Submitted batch job 6823722
Submitted batch job 6823942
Submitted batch job 6823982
Submitted batch job 6824219
Submitted batch job 6824345
Submitted batch job 6824648
Submitted batch job 6824802
Submitted batch job 6825029
Submitted batch job 6825069
Submitted batch job 6825296
Submitted batch job 6825430
Submitted batch job 6825730
Submitted batch job 6825879
Submitted batch job 6826111
Submitted batch job 6826251
Submitted batch job 6826472
Submitted batch job 6826612
Submitted batch job 6826833
Submitted batch job 6826974
Submitted batch job 6827194
Submitted batch job 6827335
Submitted batch job 6827556
Submitted batch job 6827696
Submitted batch job 6827916
Submitted batch job 6828056
Submitted batch job 6828342
Submitted batch job 6828537
Submitted batch job 6828758
Submitted batch job 6828898
Submitted batch job 6829119
Submitted batch job 6829239
Submitted batch job 6829380
Submitted batch job 6829589
Submitted batch job 6829742
Submitted batch job 6829935
Submitted batch job 6830183
Submitted batch job 6830326
Submitted batch job 6830546
Submitted batch job 6830777
Submitted batch job 6831017
Submitted batch job 6831170
Submitted batch job 6831311
Submitted batch job 6831431
Submitted batch job 6831652
Submitted batch job 6831742
Submitted batch job 6832094
Submitted batch job 6832152
Submitted batch job 6832374
Submitted batch job 6832495
Submitted batch job 6832637
Submitted batch job 6832857
Submitted batch job 6833001
Submitted batch job 6833086
Submitted batch job 6833342
Submitted batch job 6833553
Submitted batch job 6833725
Submitted batch job 6833947
Submitted batch job 6834179
Submitted batch job 6834328
Submitted batch job 6834542
Submitted batch job 6834693
Submitted batch job 6834904
Submitted batch job 6835054
Submitted batch job 6835265
Submitted batch job 6835416
Submitted batch job 6835628
Submitted batch job 6835780
Submitted batch job 6836000
Submitted batch job 6836140
Submitted batch job 6836360
Submitted batch job 6836500
Submitted batch job 6836721
Submitted batch job 6836861
Submitted batch job 6837081
Submitted batch job 6837222
Submitted batch job 6837443
Submitted batch job 6837584
Submitted batch job 6837804
Submitted batch job 6837944
Submitted batch job 6838165
Submitted batch job 6838305
Submitted batch job 6838525
Submitted batch job 6838665
Submitted batch job 6838885
Submitted batch job 6839026
Submitted batch job 6839246
Submitted batch job 6839386
Submitted batch job 6839607
Submitted batch job 6839747
Submitted batch job 6839967
Submitted batch job 6840108
Submitted batch job 6840328
Submitted batch job 6840468
Submitted batch job 6840751
Submitted batch job 6840849
Submitted batch job 6841149
Submitted batch job 6841209
Submitted batch job 6841509
Submitted batch job 6841550
Submitted batch job 6841750
Submitted batch job 6841790
Submitted batch job 6841990
Submitted batch job 6842030
Submitted batch job 6842230
Submitted batch job 6842270
Submitted batch job 6842470
Submitted batch job 6842511
Submitted batch job 6842711
Submitted batch job 6842752
Submitted batch job 6843053
Submitted batch job 6843193
Submitted batch job 6843413
Submitted batch job 6843553
Submitted batch job 6843773
Submitted batch job 6843950
Submitted batch job 6844220
Submitted batch job 6844374
Submitted batch job 6844595
Submitted batch job 6844702
Submitted batch job 6844955
Submitted batch job 6845095
Submitted batch job 6845316
Submitted batch job 6845436
Submitted batch job 6845556
Submitted batch job 6845676
Submitted batch job 6845796
Submitted batch job 6845916
/sise/home/itaitz/EC-KitY/approx_statistics.py:131: UserWarning: Matplotlib is currently using agg, which is a non-GUI backend, so cannot show the figure.
  plt.show()
debug: random seed = 1685810943.6283095
Job cpu/6753206/12_1 timed out. error: Command '['sbatch', 'jobs/cpu/6753206/sbatch_12_1.sh']' timed out after 3600 seconds
[1.0, 1.0, 1.0, 1.0, 1.0, 1.0, 0.0, 1.0, 1.0, 1.0, 1.0, 1.0, 1.0, 1.0, 1.0, 1.0, 1.0, 1.0, 0.0, 1.0, 1.0, 1.0, 1.0, 1.0, 1.0, 1.0, 1.0, 1.0, 1.0, 1.0, 1.0, 1.0, 1.0, 1.0, 1.0, 1.0, 1.0, 1.0, 1.0, 1.0, 0.0, 0.0, 1.0, 1.0, 1.0, 1.0, 0.0, 0.0, 1.0, 1.0, 1.0, 1.0, 1.0, 1.0, 1.0, 1.0, 1.0, 1.0, 1.0, 1.0, 1.0, 1.0, 1.0, 1.0, 1.0, 1.0, 1.0, 1.0, 0.0, 1.0, 1.0, 0.0, 1.0, 1.0, 1.0, 1.0, 1.0, 0.0, 0.0, 1.0, 1.0, 0.0, 1.0, 1.0, 1.0, 1.0, 1.0, 1.0, 1.0, 1.0, 1.0, 1.0, 1.0, 1.0, 1.0, 0.0, 1.0, 1.0, 1.0, 1.0, 1.0, 1.0, 1.0, 1.0, 1.0, 1.0, 1.0, 1.0, 1.0, 1.0, 1.0, 1.0, 1.0, 1.0, 1.0, 1.0, 1.0, 1.0, 1.0, 1.0, 1.0, 1.0, 1.0, 0.0, 1.0, 1.0, 0.0, 1.0, 1.0, 1.0, 1.0, 1.0, 1.0, 1.0, 1.0, 1.0, 1.0, 1.0, 1.0, 1.0, 1.0, 1.0, 1.0, 1.0, 1.0, 0.0, 0.0, 1.0, 0.0, 1.0, 1.0, 1.0, 1.0, 1.0, 1.0, 1.0, 0.0, 1.0, 1.0, 1.0, 1.0, 1.0, 1.0, 1.0, 0.0, 1.0, 1.0, 1.0, 0.0, 1.0, 0.0, 1.0, 1.0, 1.0, 1.0, 1.0, 1.0, 1.0, 1.0, 1.0, 0.0, 0.0, 0.0, 1.0, 0.0, 1.0, 0.0, 1.0, 0.0, 1.0, 1.0, 1.0, 1.0, 1.0, 1.0, 1.0, 1.0, 1.0, 0.0, 1.0, 0.0, 1.0, 0.0, 1.0, 0.0, 1.0, 0.0, 1.0, 1.0, 1.0, 1.0, 1.0, 1.0, 1.0, 1.0, 1.0, 0.0, 1.0, 0.0, 1.0, 1.0, 1.0, 0.0, 1.0, 0.0, 1.0, 0.0, 1.0, 0.0, 1.0, 0.0, 1.0, 0.0, 0.0, 0.0, 1.0, 0.0, 1.0, 0.0, 1.0, 0.0, 1.0, 0.0, 0.0, 0.0, 0.0, 0.0, 0.0, 0.0, 0.0, 0.0, 1.0, 0.0, 0.0, 0.0, 0.0, 0.0, 0.0, 0.0, 0.0, 0.0, 0.0, 0.0, 1.0, 0.0, 0.0, 0.0, 0.0, 0.0, 1.0, 0.0, 0.0, 0.0, 0.0, 0.0, 0.0, 0.0, 0.0, 0.0, 0.0, 0.0, 0.0, 0.0, 0.0, 0.0, 0.0, 0.0, 0.0, 0.0, 0.0, 0.0, 0.0, 0.0, 1.0, 0.0, 0.0, 0.0, 0.0, 0.0, 0.0, 0.0, 0.0, 0.0, 0.0, 0.0, 0.0, 0.0, 0.0, 0.0, 0.0, 0.0, 0.0, 0.0, 0.0, 0.0, 0.0, 0.0, 0.0, 0.0, 0.0, 0.0, 0.0, 0.0, 0.0]
Approximations: 1.0
Total time: 236.04735173999998
mean_approx_fitnesses = [-9714.034460665884, -8985.990875080584, -9381.791905047408, -9555.843677703522, -9181.969491127102, -9021.001903011524, -8618.92740129234, -8987.587396067007, -7929.168904372321, -9151.504786236375, -8011.041846978816, -7747.70069879984, -7519.792921342086, -8249.051731111667, -7790.449648216546, -7577.096042720663, -7701.770500269977, -7668.567941430844, -7979.748744660281, -7842.98931689562, -7637.165268409344, -7836.835309268754, -7777.63730996762, -7465.854622118593, -8218.073804642845, -7821.584708335166, -7508.709318135164, -7204.593993411685, -7020.978344136008, -7567.770958724533, -7904.74532275503, -7524.251067474413, -7814.642210503187, -7952.0346219505, -7383.935155908195, -6918.4763733025675, -7929.880790405729, -7334.838699099642, -7361.6051838206595, -8646.296996399138, -7812.994965782826, -8148.420491029267, -8977.810008993101, -7800.696958884165, -7972.7300606660665, -7852.228025314905, -8021.940407196243, -7889.430999488905, -7802.966815085208, -8031.446982272839, -8124.427286751806, -7580.212268899084, -7434.932001463656, -7876.730930955655, -7747.747709014198, -7475.794054829091, -8303.088612573245, -7462.830207465833, -7566.488378398325, -7866.049578863505, -8062.556338400971, -7192.807344282171, -8404.534899933058, -7969.165020952774, -7504.114909655792, -7473.030687634223, -8005.47576555105, -7593.197467666985, -7568.328336658244, -7054.247219119091, -7620.670994822105, -7617.713113427656, -7141.359034924726, -7561.402554091103, -7376.684675672552, -7106.952180400496, -8898.985272450322, -7668.4766653943925, -8198.496211895339, -7659.323779421088, -7656.786310025401, -7087.002657725027, -8160.877597207849, -8293.728609368252, -6904.460522736665, -7598.13410711657, -8073.155533512365, -7741.709582519268, -8115.222953129327, -8050.27504877689, -7894.52013808179, -8212.16172260712, -7738.741848409579, -7579.302172089549, -7799.771445595174, -7630.139816929976, -7651.778033977184, -7750.175688203245, -7891.777242945059, -8077.84225725132, -7732.945378132636, -7792.641185459519, -7895.810953142126, -7544.675587225381, -8003.470638846562, -7381.014189756022, -7543.8418452734395, -7678.580742152204, -7650.89219451357, -7561.594792051765, -8084.262993521081, -7239.768831451461, -7826.578684002302, -8240.875317376214, -7886.366900798009, -8570.073460063077, -8346.729551271672, -8239.248486587043, -7480.839812396851, -7846.722313553241, -8190.470380987544, -8059.013611795402, -8506.70013695869, -7744.137265103328, -7565.273700975608, -8001.94500833631, -8238.615641234852, -8123.927806816522, -8498.071297266288, -8162.70005450544, -8673.668671661446, -7912.66818886936, -7999.202174159024, -7647.801221682001, -8116.68915118078, -7982.660854145269, -8184.836708276517, -7593.888959707598, -7739.271196265367, -8105.53619987194, -8053.9297484027475, -8276.840029503983, -7654.280657840967, -7233.009954531198, -8196.981995993729, -8035.395783048735, -8155.630083712185, -7884.101553885932, -7874.235800682542, -7772.45280219459, -7379.239438976322, -7961.862534412159, -7439.347254143284, -7736.292674739799, -7146.345877569403, -7747.735254828641, -7478.838212565836, -8183.973615587585, -8274.146247158236, -8146.78270533664, -8274.509425259941, -7345.236566386393, -7256.340628838511, -8087.208679891619, -7657.129571734935, -7702.580769724438, -7670.261321881667, -7488.892179665708, -7582.946403128896, -6989.126264987277, -7546.247571753496, -8171.277417900831, -7919.766390665824, -8128.787781650533, -8241.161914643397, -7753.502718373367, -7251.016910645445, -7759.928888672327, -7501.844059520946, -7448.320109605998, -7895.580147343388, -7472.873611158114, -8085.557667356146, -7134.2424226667745, -7718.575648068506, -7056.028626534489, -8089.936162799892, -7415.426054130428, -8009.226715348119, -7808.216977727157, -7623.5938108477785, -7632.781709137079, -7536.484375549255, -7169.394621712284, -7295.794465316244, -7527.4527270485505, -7469.045176971705, -8587.414981361522, -7934.322519856388, -7992.407000619584]
median_approx_fitnesses = [-9627.196554868184, -8609.687068027055, -8608.274109391934, -8615.778987916528, -7767.15762339617, -7881.781936101626, -7556.885247273929, -7467.106583295168, -7104.6121333171395, -7085.613343048088, -6544.35663069747, -6481.862145483352, -6170.817434374634, -6317.561981181279, -6221.0014615966065, -6298.867056162475, -6247.801133399067, -6139.901885328552, -6081.780503118262, -6043.296187614706, -5908.034484110942, -5901.28907716072, -5969.905018289155, -5896.909905571811, -5867.616426846866, -5784.615946924805, -5744.92689564684, -5768.723504599457, -5849.6809925542075, -5737.211450798083, -5780.5776797632125, -5942.7101177104705, -5667.845187219686, -5825.666405901709, -5749.632768349533, -5645.102734444121, -5738.670381370515, -5696.436186272567, -5723.052818606531, -5825.928359024527, -5842.102522772806, -5897.144477810324, -6003.115253764645, -5939.270245236814, -5916.1285977597745, -5920.628058176131, -5834.888918547207, -5856.947627014008, -5896.123825376879, -5937.29133686567, -5774.2584731832885, -5868.622577055632, -5907.3649538761965, -5947.971136484208, -5845.931023983396, -5757.392333240416, -5893.3365186016, -5727.843073138512, -5790.367861381132, -5878.489640727585, -5805.852127547172, -5898.4432066755435, -5942.932898251045, -5785.855835403618, -5977.536012744482, -5981.019632455289, -5873.315253959545, -5711.974896451724, -5737.741467128231, -5835.044265227811, -5633.976489342722, -5763.455801004687, -5640.181227212961, -5529.2367576318375, -5657.735539638452, -5641.8612517340225, -5727.297953869962, -5717.810434122515, -5641.6152711810355, -5661.854947347469, -5681.871892913719, -5701.142023711976, -5717.135633538437, -5815.84443300579, -5738.0634975739285, -5818.657872472795, -5786.626028573279, -5764.729894490927, -5879.220043253761, -5843.056878794738, -5761.09895802784, -5898.95643612264, -5888.905229992304, -5771.2094382725245, -6002.134755398674, -5872.111625518155, -5892.976684440462, -5931.745678861673, -5934.5678261667235, -5939.429213311587, -6095.832580885577, -5971.9040758924075, -6002.008460244233, -5946.401373874825, -5864.626776683389, -5867.508643125477, -5970.2276433732095, -5940.933231628069, -5913.727662772151, -5831.162405806159, -5979.9390552485165, -5948.09993975649, -5902.127518231837, -5866.467673787465, -5938.441925742269, -6002.494069275519, -5943.769356771554, -5966.356075588059, -5947.253104826146, -5937.6997295002675, -5972.118916478099, -5908.3368160541795, -5958.473773397849, -5958.135489900877, -5950.462018049393, -5941.747518697732, -5936.654880475597, -5956.363635806083, -5955.266469950151, -5910.712942239004, -5916.626401031157, -5900.907771647935, -5925.856168135031, -5931.141000713673, -5964.845461831821, -5963.466871291679, -5969.1537388961115, -5942.696132281746, -5953.315590548578, -5936.471143987681, -5978.421595957985, -5959.44987702988, -5952.499325872675, -5944.405804777387, -5955.000121545305, -5929.776620856308, -5921.014912525705, -5954.0295763016875, -6005.483876259714, -5922.250303871717, -5840.532824460326, -5828.675024595257, -5788.407657323127, -5817.846628282328, -5823.242039879349, -5826.599061670786, -5848.398295716526, -5836.929180895133, -5861.873580122341, -5842.138622065346, -5798.301803034086, -5610.615889200399, -5652.411210562539, -5669.875922765748, -5675.864104359745, -5717.780149257929, -5647.675159841645, -5657.929014041643, -5658.262327103652, -5659.845179067015, -5709.949853278789, -5739.297387356937, -5613.3675519422595, -5662.965293195752, -5688.855383675567, -5657.497287744976, -5687.423463882453, -5722.010976819369, -5718.520529197624, -5680.806417413834, -5701.311853103334, -5734.792589432183, -5723.3675224956605, -5747.562935038364, -5681.471043214868, -5706.278735085538, -5672.943616181099, -5736.235663455747, -5772.112575453724, -5767.567044701029, -5765.061100760588, -5752.449899155814, -5755.248296178503, -5741.45160625061, -5766.763474263593, -5752.5907415766505, -5756.327102043786, -5752.134011584349, -5769.1061860049485, -5765.968474758887]
max_approx_fitnesses = [-5759.921441216175, -5685.773447832935, -5928.050702892655, -6445.024191075579, -5588.151276276803, -5114.546908808348, -4877.877248534358, -4248.241844524317, -4387.252254512685, -5282.6552810997455, -4792.5761709504295, -5168.621306107554, -4789.422260408777, -5583.381872537968, -5092.4907938130345, -5220.674022410763, -5328.298824699523, -5370.964121413977, -5560.695285246591, -5424.5999055914035, -5176.729265883689, -4903.757159676163, -5392.527050120949, -5463.588301256354, -5363.856653874525, -5329.926194613305, -5261.923667177372, -5414.610356563222, -5384.448649279562, -5552.272053462255, -5712.584998753517, -5801.608196229219, -5628.119074580896, -5752.484770938516, -5608.821342884148, -5542.409610282273, -5621.646116735257, -5585.579319235787, -5614.313115070936, -5557.508647968141, -5626.007922735163, -5721.001901874162, -5914.010208287285, -5760.637433297432, -5818.154144367807, -5830.481014567831, -5817.1597958630755, -5396.279579334005, -5807.151509672996, -5850.728835100483, -5666.373416313323, -5756.232211878023, -5828.572366497523, -5927.7560191341145, -5730.192349728648, -5757.392333240416, -5893.3365186016, -5727.843073138512, -5790.367861381132, -5878.489640727585, -5618.481589008117, -5756.903731326793, -5562.787246968512, -5107.683369943003, -5074.962936924792, -5691.537094427462, -5619.401829957831, -5466.496478469491, -5412.727534389078, -5331.098370501895, -5308.4249159556, -5648.986924298462, -5620.749958077216, -5520.832158901407, -5657.735539638452, -5641.8612517340225, -5727.297953869962, -5628.846105205284, -5350.1533330686725, -5346.413440829254, -5450.7330571076, -5381.746715463079, -5610.120018020087, -5623.367395943864, -5541.933026538445, -5714.389378016836, -5299.902673807355, -5222.9571643841955, -5286.231473131147, -5379.993995057965, -5508.870270331925, -5548.696366062373, -5632.381949372768, -5700.278111379752, -5879.193722999022, -5680.522591786721, -5853.360915364718, -5848.179013635379, -5590.127259355022, -5739.311798291026, -5931.37025582768, -5860.7401759106, -5891.21178616878, -5815.809198700563, -5750.86402007112, -5711.007627278641, -5873.671882706976, -5850.227444395867, -5906.736440103976, -5803.139658358861, -5950.244206864387, -5941.05893751065, -5897.990564591069, -5866.467673787465, -5938.441925742269, -6002.494069275519, -5943.769356771554, -5966.356075588059, -5947.253104826146, -5937.6997295002675, -5972.118916478099, -5908.3368160541795, -5958.473773397849, -5958.135489900877, -5950.462018049393, -5941.747518697732, -5936.654880475597, -5938.963394267994, -5933.39007085037, -5910.712942239004, -5916.626401031157, -5900.907771647935, -5925.856168135031, -5931.141000713673, -5964.845461831821, -5963.466871291679, -5969.1537388961115, -5942.696132281746, -5953.315590548578, -5936.471143987681, -5978.421595957985, -5959.44987702988, -5952.499325872675, -5873.453459488952, -5783.061762589241, -5756.666633417959, -5630.844512739708, -5773.905053869519, -5805.006725898404, -5798.557656135321, -5835.304085865455, -5811.982360966054, -5785.5365465584, -5780.976378448027, -5798.997377536647, -5625.466926276566, -5676.2285023377935, -5572.445060298724, -5802.774935711506, -5734.439520930213, -5732.296575827637, -5610.615889200399, -5652.411210562539, -5669.875922765748, -5675.864104359745, -5717.780149257929, -5527.706028209608, -5501.722335878498, -5512.433055744572, -5542.3607816525, -5633.925836787952, -5739.297387356937, -5613.3675519422595, -5562.677820083933, -5648.5424831466225, -5652.469746454375, -5671.960202071203, -5722.010976819369, -5718.520529197624, -5680.806417413834, -5701.311853103334, -5734.792589432183, -5723.3675224956605, -5747.562935038364, -5681.471043214868, -5706.278735085538, -5672.943616181099, -5736.235663455747, -5772.112575453724, -5767.567044701029, -5765.061100760588, -5752.449899155814, -5755.248296178503, -5741.45160625061, -5766.763474263593, -5752.5907415766505, -5756.327102043786, -5752.134011584349, -5769.1061860049485, -5765.968474758887]
min_approx_fitnesses = [-14377.833144139127, -15851.67256276919, -16271.734884095755, -16958.100246783502, -19016.4034870458, -16845.114351953605, -16581.34270134688, -17378.20093113576, -21900.569671779307, -20283.744737832876, -19865.819566804472, -16725.61469502477, -23149.429359241865, -18989.43198164097, -17941.36028722858, -16930.410595600057, -16369.315593487336, -19321.109844296065, -22027.10571866452, -18172.77742232739, -17556.265967126565, -17690.073552179078, -17234.022470114425, -16967.045111234074, -24380.03585813791, -20865.160184938697, -20347.019192371878, -18203.23798839566, -17086.158814465845, -21957.41196981064, -24235.353485238895, -19318.000000662505, -21485.783805663654, -23476.48152195254, -20268.04306585198, -17751.112263747684, -21158.858699689114, -17773.33155162542, -21056.288603627698, -19464.31475568919, -17585.890737063855, -19809.010574642878, -30130.53886073996, -20122.227961334225, -22772.483325414687, -22217.655883382213, -18562.072210104914, -22448.25538592156, -17833.8120248595, -23536.742266322148, -20136.169944116533, -20067.518363686555, -16781.437873966635, -16982.640110217326, -21618.770287757456, -21999.30520803628, -22340.415864370323, -18918.21759896821, -20581.683043281857, -20863.060000965444, -20588.810745055715, -16490.117776650066, -20724.289426819207, -20716.372641661852, -17337.347634066282, -17664.253559217996, -24258.019904233697, -22689.134304765736, -19818.216836604355, -23206.337139082592, -19684.206261157382, -21149.609622100455, -17629.150068318882, -21637.985686477656, -18816.37141180333, -19959.591172453624, -22694.616330798104, -18502.035180657942, -20200.06146890934, -19926.23931463376, -25618.135158524114, -14263.609378545898, -23237.673458913312, -21299.114248296642, -16492.532162785825, -20366.002603737754, -19763.673076407165, -17576.153443839285, -18777.855688911448, -20955.938139992544, -24825.023908052848, -21554.246952542988, -20049.278514330133, -22259.163463541205, -20923.602329073856, -19798.832891645394, -16249.020314611045, -19194.450570616016, -17907.210246427967, -21027.57291016901, -21667.216520354035, -19351.04083118833, -17517.612047190356, -18569.810104406373, -23215.26900508916, -19144.02694450126, -19626.525134486983, -21475.755600625707, -18760.890436220074, -21842.35760023232, -23056.190815109247, -16816.003179801824, -23017.860585556733, -21219.42196961658, -19611.234951805047, -21417.547222457448, -26464.845953304146, -19941.98568490542, -19051.062546666984, -18822.707577511203, -24240.71164465737, -21388.463382630725, -23120.105037442434, -17167.079429978174, -20798.551922144394, -18604.47540975837, -24774.702718096167, -23331.86037818549, -20333.969721239468, -20848.977468169487, -20600.51777124033, -20723.92080414248, -19223.558425890587, -20766.42160838367, -20894.963849602827, -22158.401004441523, -18202.773220507137, -17220.593390634313, -19332.80868670467, -18753.149301982354, -18907.25963305332, -22346.346013867318, -21587.68078500389, -16996.147543863117, -23450.03290628646, -20935.74919818651, -21276.889679773943, -21132.999610976392, -24341.03065164897, -21409.971896857372, -16379.87339851453, -19432.216939868595, -18976.755284937764, -19050.774438365588, -17028.916047558305, -20214.986370762243, -17166.84658248383, -24438.504689592315, -24185.88885357612, -19164.982328193208, -22625.15668664572, -16993.344611604603, -17062.412333318534, -22251.54561493104, -20562.966206765013, -21696.790813058706, -19651.78078652972, -19208.940413620385, -21512.470262807867, -17761.765139168627, -21670.593747900908, -21289.784434504843, -22591.298422003758, -18847.554582064768, -18073.251600928605, -21221.98692959218, -17361.731263061887, -21903.815016269207, -23244.26785162645, -20291.27888805398, -17597.188417948404, -18158.71258738686, -19994.090661777256, -19597.16991345368, -21440.703552115658, -21006.40920694691, -19718.377577182575, -16738.095538902253, -22665.68191952839, -19434.855108431828, -16077.176933186536, -20263.584501032718, -19013.316514372265, -21829.65247311106, -16661.768709350225, -19086.139522474623, -16996.431881954577, -24845.50077873523, -17923.743434733497, -20660.879238505204]
mean_fitnesses = [-9627.72, -8508.67, -7621.87, -7270.46, -7003.94, -6687.88, -6531.09, -6324.66, -6169.55, -6067.76, -6007.36, -inf, -6227.26, -5884.07, -5785.02, -5675.02, -5678.02, -5755.95, -5750.5, -5644.47, -5578.75, -5456.85, -5490.26, -5584.54, -5444.17, -5499.33, -5565.41, -5442.67, -5440.88, -5591.67, -5407.88, -5574.91, -5501.26, -5602.17, -5393.14, -5382.82, -5454.04, -5436.75, -5345.71, -5463.52, -5379.78, -5372.15, -5424.47, -5489.88, -5359.67, -5369.11, -5459.61, -5447.26, -5345.6, -5350.15, -5527.06, -5375.37, -5423.88, -5374.91, -5413.3, -5365.58, -5339.08, -5376.92, -5484.84, -5448.51, -5437.03, -5406.74, -5347.56, -5396.75, -5351.94, -5293.38, -5557.63, -5354.68, -5360.96, -5343.7, -5294.77, -5333.1, -5404.34, -5432.14, -5536.02, -5279.91, -5457.79, -5285.7, -5321.42, -5341.03, -5303.39, -5522.22, -5483.42, -5448.15, -5452.08, -5385.62, -5311.62, -5407.92, -5409.42, -5334.66, -5271.13, -5429.74, -5240.73, -5336.0, -5395.29, -5306.63, -5241.64, -5181.99, -5213.44, -5304.71, -5215.54, -5217.32, -5151.33, -5114.61, -5172.32, -5179.09, -5133.42, -5078.45, -5187.95, -5075.62, -5038.94, -5175.44, -5069.42, -5170.08, -5176.03, -5283.69, -5210.28, -5074.93, -5064.65, -5092.81, -5124.15, -5118.16, -5183.67, -5322.42, -5218.14, -5121.05, -5084.7, -5044.66, -5249.23, -5091.69, -5205.91, -5143.12, -5187.62, -5208.31, -5077.48, -5119.82, -5203.65, -5145.6, -5332.69, -5060.65, -5144.36, -5273.89, -5070.71, -5166.61, -5114.24, -4988.97, -5023.72, -5106.37, -5088.65, -5002.95, -5021.09, -5051.06, -5170.62, -5146.59, -5067.33, -5182.38, -4984.6, -4945.66, -5002.14, -5078.43, -5242.95, -5047.16, -5135.82, -4977.36, -5072.09, -5027.09, -5020.37, -5001.14, -5004.35, -5058.86, -5059.89, -5088.38, -5044.82, -5054.34, -5023.72, -4960.38, -4971.01, -4900.42, -4935.57, -5166.61, -5075.62, -5038.22, -5055.65, -5068.81, -5076.05, -4963.86, -4995.41, -5154.89, -5087.97, -5014.03, -5025.86, -5007.08, -5057.6, -5161.56, -5213.3, -5071.79, -5025.21, -5073.11, -5084.46, -5044.98]
median_fitnesses = [-9570.0, -8239.0, -7584.5, -7266.0, -6867.0, -6624.5, -6432.0, -6256.5, -6082.5, -5956.0, -5908.0, -inf, -5987.5, -5740.5, -5637.5, -5624.5, -5597.5, -5582.0, -5485.0, -5444.0, -5414.5, -5425.5, -5392.0, -5434.0, -5403.5, -5360.5, -5457.5, -5322.0, -5345.0, -5398.0, -5377.0, -5406.5, -5352.5, -5424.0, -5350.0, -5301.5, -5346.5, -5272.5, -5287.5, -5370.5, -5340.5, -5219.0, -5311.5, -5282.5, -5282.0, -5281.0, -5258.5, -5339.0, -5224.5, -5254.5, -5500.5, -5269.0, -5299.0, -5317.0, -5256.5, -5226.5, -5214.5, -5169.0, -5283.5, -5193.5, -5290.0, -5209.5, -5256.5, -5261.5, -5239.0, -5185.5, -5350.0, -5207.0, -5267.5, -5233.0, -5263.5, -5256.0, -5328.5, -5289.5, -5262.5, -5195.0, -5400.0, -5201.5, -5244.0, -5212.0, -5197.5, -5377.0, -5255.5, -5338.5, -5242.0, -5313.0, -5238.5, -5275.0, -5276.5, -5208.0, -5125.0, -5225.5, -5186.0, -5195.0, -5220.0, -5196.5, -5124.5, -5103.5, -5148.5, -5110.5, -5130.0, -5063.5, -5078.0, -4984.0, -5066.5, -5122.5, -5027.5, -5041.5, -5074.5, -4912.0, -4932.5, -5048.5, -5008.5, -4986.5, -5024.5, -4990.5, -4982.5, -5006.0, -4944.0, -4979.0, -4997.0, -5066.0, -5124.0, -5178.0, -5082.0, -4998.0, -4988.0, -5019.0, -5124.5, -4997.5, -5092.5, -5079.5, -5043.0, -5087.0, -5021.5, -4995.0, -5075.5, -5078.0, -5084.0, -5009.0, -4978.5, -5025.0, -5032.0, -5036.0, -5034.5, -4929.5, -4888.5, -5022.0, -4976.0, -4874.5, -4945.5, -5034.5, -5042.0, -5070.0, -4957.0, -4988.5, -4924.0, -4909.5, -4937.5, -4898.5, -4898.0, -4945.5, -4901.0, -4851.5, -4904.5, -4970.5, -4920.5, -4961.0, -4948.5, -4915.0, -4937.5, -4949.5, -4934.5, -4943.0, -4972.5, -4853.0, -4837.0, -4815.0, -4894.5, -4956.5, -4960.5, -4938.0, -4930.5, -5007.5, -5018.5, -4917.0, -4860.0, -4998.5, -5014.5, -4899.0, -4863.0, -4949.5, -4981.5, -4881.5, -5059.0, -4967.5, -4944.0, -4954.5, -4976.5, -4924.0]
max_fitnesses = [-6746.0, -6535.0, -6266.0, -5939.0, -5852.0, -5735.0, -5103.0, -5274.0, -5210.0, -5187.0, -4633.0, -inf, -4912.0, -4838.0, -4810.0, -4702.0, -4502.0, -4810.0, -4756.0, -4384.0, -4508.0, -4303.0, -4649.0, -4730.0, -4601.0, -4447.0, -4597.0, -4320.0, -4626.0, -4551.0, -4533.0, -4535.0, -4463.0, -4769.0, -4617.0, -4359.0, -4448.0, -4480.0, -4476.0, -4623.0, -4583.0, -4476.0, -4495.0, -4441.0, -4618.0, -4585.0, -4288.0, -4421.0, -4530.0, -4548.0, -4308.0, -4523.0, -4610.0, -4315.0, -4394.0, -4494.0, -4483.0, -4473.0, -4036.0, -4137.0, -4564.0, -4569.0, -4456.0, -4563.0, -4462.0, -4307.0, -4650.0, -4461.0, -4159.0, -4542.0, -4396.0, -4312.0, -4188.0, -4458.0, -4270.0, -4495.0, -4576.0, -4206.0, -4578.0, -3867.0, -4539.0, -4392.0, -4226.0, -4657.0, -4531.0, -4148.0, -4467.0, -4645.0, -4483.0, -4203.0, -4372.0, -4089.0, -4172.0, -4335.0, -4145.0, -4349.0, -4272.0, -4008.0, -4025.0, -4272.0, -4133.0, -4242.0, -4274.0, -4157.0, -4400.0, -4294.0, -4170.0, -4380.0, -4244.0, -4272.0, -4071.0, -3760.0, -3965.0, -4277.0, -4181.0, -4156.0, -4148.0, -4125.0, -4161.0, -4018.0, -4299.0, -4222.0, -4239.0, -4390.0, -4196.0, -3996.0, -4447.0, -4198.0, -4441.0, -4463.0, -4155.0, -4389.0, -4423.0, -4236.0, -4141.0, -4267.0, -4115.0, -4222.0, -4288.0, -4087.0, -3906.0, -4092.0, -3487.0, -4037.0, -4208.0, -4003.0, -4173.0, -4171.0, -4388.0, -4065.0, -4385.0, -4183.0, -3964.0, -4009.0, -4216.0, -4378.0, -3876.0, -4147.0, -4137.0, -4110.0, -4167.0, -3967.0, -4129.0, -3980.0, -4100.0, -3830.0, -3933.0, -4044.0, -4033.0, -4039.0, -4261.0, -4218.0, -4249.0, -4181.0, -4077.0, -4030.0, -4174.0, -4010.0, -4265.0, -3990.0, -4322.0, -4299.0, -3986.0, -3990.0, -4194.0, -4108.0, -4153.0, -4276.0, -4385.0, -4074.0, -3866.0, -4070.0, -4206.0, -4189.0, -4173.0, -4222.0, -4176.0, -4151.0, -4048.0, -4242.0]
min_fitnesses = [-14804.0, -14724.0, -10051.0, -9335.0, -10264.0, -8725.0, -10835.0, -9244.0, -9309.0, -7820.0, -7702.0, -inf, -11949.0, -9709.0, -9494.0, -7340.0, -10656.0, -9279.0, -13050.0, -9842.0, -9551.0, -7381.0, -9547.0, -8378.0, -6804.0, -10049.0, -7746.0, -7818.0, -6651.0, -9852.0, -7142.0, -9841.0, -9017.0, -7977.0, -7160.0, -7792.0, -9191.0, -8613.0, -8354.0, -7663.0, -7039.0, -9833.0, -9399.0, -13041.0, -7807.0, -9004.0, -10200.0, -8294.0, -8778.0, -9928.0, -7521.0, -8094.0, -7784.0, -7536.0, -8517.0, -8922.0, -7697.0, -8518.0, -14116.0, -12350.0, -8786.0, -10021.0, -8440.0, -8872.0, -8728.0, -7828.0, -16638.0, -8711.0, -7021.0, -7360.0, -7574.0, -7354.0, -8181.0, -8079.0, -13218.0, -7646.0, -7418.0, -9810.0, -7604.0, -8681.0, -8877.0, -10047.0, -15857.0, -7403.0, -12942.0, -7622.0, -6999.0, -7628.0, -9090.0, -8420.0, -8100.0, -12755.0, -6650.0, -9365.0, -12497.0, -8388.0, -10430.0, -9158.0, -7495.0, -11968.0, -8581.0, -8149.0, -8716.0, -7707.0, -7823.0, -8482.0, -7556.0, -8020.0, -7319.0, -12267.0, -7875.0, -7446.0, -7218.0, -8386.0, -7667.0, -15828.0, -11796.0, -7279.0, -7940.0, -6913.0, -8116.0, -7638.0, -8497.0, -7341.0, -9427.0, -13315.0, -7202.0, -6845.0, -7471.0, -7142.0, -7601.0, -7236.0, -7423.0, -7986.0, -7095.0, -7454.0, -7636.0, -7173.0, -12159.0, -7508.0, -7568.0, -12584.0, -7334.0, -8507.0, -8038.0, -9026.0, -7160.0, -7898.0, -7743.0, -7176.0, -7751.0, -7065.0, -10259.0, -7165.0, -10164.0, -12518.0, -7275.0, -8024.0, -7164.0, -7782.0, -12472.0, -8095.0, -11863.0, -6880.0, -9274.0, -7457.0, -7208.0, -7313.0, -8169.0, -9590.0, -7883.0, -9763.0, -7198.0, -7376.0, -6877.0, -7399.0, -7225.0, -7254.0, -6363.0, -9997.0, -7861.0, -7372.0, -8719.0, -7851.0, -7058.0, -6275.0, -8377.0, -9996.0, -6644.0, -6693.0, -8131.0, -6907.0, -7530.0, -12842.0, -8777.0, -7202.0, -7637.0, -7470.0, -8499.0, -7083.0]
approx_errors = [2089.663962736499, 1912.4395919964452, 1804.6807315683818, 1849.1912391825815, 1675.1462591155232, 1612.353428881446, 1597.4782122824452, 1533.8343119943108, 1528.115869166216, 1367.0281286560173, 1334.2606217784166, 1380.9644718657044, 1309.6590579673511, 1364.9694976718883, 1317.9920909566592, 1404.686245534709, 1291.4685800795805, 1261.2043222328878, 1199.3077686709378, 1138.8480184563632, 1197.353369153624, 1196.4885451771686, 1205.0288410676692, 1085.7760972374315, 1134.6517287311647, 1087.3263618380504, 1078.0604959910452, 1104.7618806927837, 1093.1497281724432, 1126.5975292891592, 1144.3528290676331, 1081.0774590133335, 1124.8967389196134, 1190.631502473742, 1125.7509537552921, 1067.04248716796, 1223.1273612700127, 1046.2851604938871, 1096.4314111262536, 1066.312873990879, 1068.2420494278538, 1035.162326096973, 1079.6511460952645, 1017.4196447838036, 1118.8758096116069, 1084.130184535169, 1029.302498838041, 1089.3157355422443, 1049.4778062049588, 1068.5689512590118, 1049.3357590659741, 1051.3509591569475, 1039.3492786457637, 889.6899831287565, 1047.9810830635622, 1022.6925122519557, 1022.7763003175857, 869.525045684262, 946.5220091942475, 935.3053278819498, 951.3249433475045, 870.7841802265042, 945.5223352015151, 925.8356707743288, 946.685782763263, 973.095426838708, 920.7959985216636, 968.2615764060888, 942.0140767715073, 998.9793023461121, 967.9119706301663, 810.3767075302343, 813.4022456265211, 864.341359950659, 969.7103762627629, 939.5321385585404, 889.8003042695533, 858.7763883679658, 860.6967298951608, 874.6217657337205, 836.0598501711253, 773.3712657369853, 756.5149213790824, 772.5010838239872, 796.4739829158337, 760.8379646214747, 749.2650970592522, 710.4213364947528, 746.1112199848923, 728.7781126313806, 697.147791746982, 690.9647715278902, 703.1350074494059, 691.1922582096032, 698.6445971653733, 664.7381820446241, 692.4471390595526, 605.5255686890814, 642.4967419401515, 662.2034741233398, 642.5614319484589, 586.5582038626503, 643.7880757190263, 645.3774224442682, 659.5837136672162, 615.7306607209533, 622.4967823051659, 642.6607639806085, 616.5242147785993, 632.1489699694076, 614.6283078099403, 604.5333086220866, 599.7328905281115, 634.3165378507443, 584.35594049485, 573.4973850640148, 557.682541591045, 586.4505679702945, 579.4407508129146, 599.9656679817066, 571.7935596922634, 576.552623177354, 592.5529826342095, 582.7038691865905, 572.5410003429412, 571.7951279322994, 575.665625099102, 545.7068660935238, 558.7845818206779, 559.6399928972963, 543.61804144378, 543.4348946094716, 549.8164934337451, 569.3491640309032, 534.9087400152827, 547.9784078171251, 573.6678206323674, 537.3837738841067, 540.4854755528113, 541.2936796569489, 534.6783215128523, 527.6487040993043, 502.7738756107295, 518.9844928339674, 518.1354282326598, 512.5754228898562, 518.9967014056666, 502.8467942927252, 520.6929435132589, 491.4816246279626, 498.4041119435885, 504.02165031151117, 503.1789221143279, 514.5057420903942, 490.9197764495371, 490.2762853719758, 494.42968857004803, 507.3267579888743, 492.85830278751104, 497.4769422219185, 482.75025101468486, 490.77162157736166, 500.1138389177661, 497.0327524173869, 457.64446671980664, 487.9051754243066, 496.51530931845474, 482.19921239980425, 505.08694854721557, 468.19902645789165, 472.51510346367246, 493.92757546759407, 482.5604004452155, 481.22554903916654, 465.0431484932041, 460.13815447613, 465.1742501951835, 473.8406571571659, 474.3633892464745, 487.7532424850304, 482.25296217898085, 474.25346545072415, 486.35497598492907, 492.0541338212117, 468.48470250566083, 462.2955915442289, 472.5596383865932, 486.07723019057863, 468.8839190650633, 474.5396494619822, 488.22551563409314, 456.0998351822138, 460.65487369592074, 454.8879267382763, 445.74238330389954, 445.6919646159336, 466.1783233705696, 439.12364089722115, 455.1316409392448, 446.8246863524455]
