SLURM_JOBID=6651531
SLURM_JOB_NODELIST=cs-cpu-05
Submitted batch job 6651571
Submitted batch job 6651823
Submitted batch job 6652067
Submitted batch job 6652375
Submitted batch job 6652609
Submitted batch job 6652853
Submitted batch job 6653119
Submitted batch job 6653487
Submitted batch job 6653736
Submitted batch job 6653987
Submitted batch job 6654259
Submitted batch job 6654546
Submitted batch job 6654800
Submitted batch job 6655112
Submitted batch job 6655409
Submitted batch job 6655696
Submitted batch job 6655938
Submitted batch job 6656132
Submitted batch job 6656448
Submitted batch job 6656736
Submitted batch job 6656920
Submitted batch job 6657225
Submitted batch job 6657500
Submitted batch job 6657698
Submitted batch job 6658020
Submitted batch job 6658291
Submitted batch job 6658622
Submitted batch job 6658942
Submitted batch job 6659242
Submitted batch job 6659482
Submitted batch job 6659782
Submitted batch job 6659991
Submitted batch job 6660304
Submitted batch job 6660525
Submitted batch job 6660718
Submitted batch job 6660935
Submitted batch job 6661233
Submitted batch job 6661490
Submitted batch job 6661711
Submitted batch job 6661987
Submitted batch job 6662253
Submitted batch job 6662503
Submitted batch job 6662693
Submitted batch job 6662969
Submitted batch job 6663213
Submitted batch job 6663533
Submitted batch job 6663635
Submitted batch job 6663948
Submitted batch job 6664199
Submitted batch job 6664508
Submitted batch job 6664642
Submitted batch job 6664901
Submitted batch job 6665250
Submitted batch job 6665530
Submitted batch job 6665670
Submitted batch job 6666012
Submitted batch job 6666033
Submitted batch job 6666341
Submitted batch job 6666472
Submitted batch job 6666690
Submitted batch job 6666850
Submitted batch job 6667064
Submitted batch job 6667200
Submitted batch job 6667542
Submitted batch job 6667687
Submitted batch job 6667961
Submitted batch job 6668121
Submitted batch job 6668600
Submitted batch job 6668962
Submitted batch job 6669448
Submitted batch job 6669607
Submitted batch job 6669943
Submitted batch job 6670165
Submitted batch job 6670363
Submitted batch job 6670585
Submitted batch job 6670798
Submitted batch job 6670948
Submitted batch job 6671221
Submitted batch job 6671377
Submitted batch job 6671658
Submitted batch job 6671808
Submitted batch job 6672087
Submitted batch job 6672232
Submitted batch job 6672573
Submitted batch job 6672729
Submitted batch job 6673011
Submitted batch job 6673163
Submitted batch job 6673445
Submitted batch job 6673600
Submitted batch job 6673820
Submitted batch job 6673931
Submitted batch job 6674215
Submitted batch job 6674289
Submitted batch job 6674526
Submitted batch job 6674677
Submitted batch job 6674894
Submitted batch job 6675048
Submitted batch job 6675331
Submitted batch job 6675483
Submitted batch job 6675822
Submitted batch job 6676039
Submitted batch job 6676253
Submitted batch job 6676456
Submitted batch job 6676673
Submitted batch job 6676824
Submitted batch job 6677106
Submitted batch job 6677258
Submitted batch job 6677545
Submitted batch job 6677762
Submitted batch job 6677979
Submitted batch job 6678145
Submitted batch job 6678427
Submitted batch job 6678584
Submitted batch job 6678864
Submitted batch job 6679021
Submitted batch job 6679254
Submitted batch job 6679334
Submitted batch job 6679614
Submitted batch job 6679687
Submitted batch job 6680009
Submitted batch job 6680161
Submitted batch job 6680492
Submitted batch job 6680704
Submitted batch job 6680910
Submitted batch job 6681118
Submitted batch job 6681295
Submitted batch job 6681390
Submitted batch job 6681732
Submitted batch job 6681940
Submitted batch job 6682158
Submitted batch job 6682305
Submitted batch job 6682584
Submitted batch job 6682738
Submitted batch job 6683012
Submitted batch job 6683187
Submitted batch job 6683519
Submitted batch job 6683612
Submitted batch job 6683960
Submitted batch job 6684172
Submitted batch job 6684395
Submitted batch job 6684550
Submitted batch job 6684827
Submitted batch job 6684978
Submitted batch job 6685258
Submitted batch job 6685425
Submitted batch job 6685695
Submitted batch job 6685882
Submitted batch job 6686143
Submitted batch job 6686321
Submitted batch job 6686583
Submitted batch job 6686764
Submitted batch job 6686962
Submitted batch job 6687064
Submitted batch job 6687408
Submitted batch job 6687645
Submitted batch job 6687798
Submitted batch job 6688066
Submitted batch job 6688271
Submitted batch job 6688471
Submitted batch job 6688710
Submitted batch job 6688883
Submitted batch job 6689171
Submitted batch job 6689407
Submitted batch job 6689578
Submitted batch job 6689806
Submitted batch job 6689969
Submitted batch job 6690072
Submitted batch job 6690409
Submitted batch job 6690516
Submitted batch job 6690850
Submitted batch job 6690922
Submitted batch job 6691278
Submitted batch job 6691417
Submitted batch job 6691687
Submitted batch job 6691923
Submitted batch job 6692152
Submitted batch job 6692301
Submitted batch job 6692551
Submitted batch job 6692733
Submitted batch job 6693018
Submitted batch job 6693161
Submitted batch job 6693487
Submitted batch job 6693677
Submitted batch job 6693876
Submitted batch job 6694067
Submitted batch job 6694296
Submitted batch job 6694392
Submitted batch job 6694703
Submitted batch job 6694829
Submitted batch job 6695143
Submitted batch job 6695287
Submitted batch job 6695537
Submitted batch job 6695630
Submitted batch job 6695944
Submitted batch job 6696085
Submitted batch job 6696374
Submitted batch job 6696489
Submitted batch job 6696745
Submitted batch job 6696929
Submitted batch job 6697187
Submitted batch job 6697370
Submitted batch job 6697706
Submitted batch job 6697810
Submitted batch job 6698077
Submitted batch job 6698230
Submitted batch job 6698512
Submitted batch job 6698690
Submitted batch job 6698896
Submitted batch job 6699135
Submitted batch job 6699488
Submitted batch job 6699638
Submitted batch job 6699933
Submitted batch job 6700095
Submitted batch job 6700378
Submitted batch job 6700528
Submitted batch job 6700792
Submitted batch job 6700923
Submitted batch job 6701100
Submitted batch job 6701184
Submitted batch job 6701512
Submitted batch job 6701701
Submitted batch job 6701910
Submitted batch job 6702061
Submitted batch job 6702270
Submitted batch job 6702359
Submitted batch job 6702620
Submitted batch job 6702712
Submitted batch job 6702974
Submitted batch job 6703166
Submitted batch job 6703423
Submitted batch job 6703614
Submitted batch job 6703821
Submitted batch job 6704104
Submitted batch job 6704401
Submitted batch job 6704541
Submitted batch job 6704716
Submitted batch job 6704934
Submitted batch job 6705165
Submitted batch job 6705379
Submitted batch job 6705602
Submitted batch job 6705814
Submitted batch job 6706046
Submitted batch job 6706258
Submitted batch job 6706540
Submitted batch job 6706698
Submitted batch job 6706917
Submitted batch job 6707174
Submitted batch job 6707404
Submitted batch job 6707628
Submitted batch job 6707861
Submitted batch job 6708006
Submitted batch job 6708290
Submitted batch job 6708469
Submitted batch job 6708723
Submitted batch job 6708909
Submitted batch job 6709159
Submitted batch job 6709253
Submitted batch job 6709522
Submitted batch job 6709655
Submitted batch job 6709860
Submitted batch job 6710000
Submitted batch job 6710160
Submitted batch job 6710254
Submitted batch job 6710572
Submitted batch job 6710695
Submitted batch job 6710932
Submitted batch job 6711091
Submitted batch job 6711304
Submitted batch job 6711515
Submitted batch job 6711722
Submitted batch job 6711874
Submitted batch job 6712084
Submitted batch job 6712175
Submitted batch job 6712508
Submitted batch job 6712616
Submitted batch job 6712880
Submitted batch job 6713058
Submitted batch job 6713391
Submitted batch job 6713498
Submitted batch job 6713785
Submitted batch job 6713911
Submitted batch job 6714204
Submitted batch job 6714300
Submitted batch job 6714651
Submitted batch job 6714815
Submitted batch job 6715095
Submitted batch job 6715313
Submitted batch job 6715529
Submitted batch job 6715691
Submitted batch job 6715973
Submitted batch job 6716116
Submitted batch job 6716397
Submitted batch job 6716559
Submitted batch job 6716839
Submitted batch job 6716990
Submitted batch job 6717293
Submitted batch job 6717449
Submitted batch job 6717667
Submitted batch job 6717745
Submitted batch job 6718015
Submitted batch job 6718150
Submitted batch job 6718434
Submitted batch job 6718544
Submitted batch job 6718802
Submitted batch job 6718984
Submitted batch job 6719237
Submitted batch job 6719421
Submitted batch job 6719673
Submitted batch job 6719865
Submitted batch job 6720183
Submitted batch job 6720304
Submitted batch job 6720558
Submitted batch job 6720712
Submitted batch job 6720876
Submitted batch job 6721123
Submitted batch job 6721336
Submitted batch job 6721413
Submitted batch job 6721595
Submitted batch job 6721633
Submitted batch job 6721805
Submitted batch job 6721873
Submitted batch job 6721993
Submitted batch job 6722066
Submitted batch job 6722285
Submitted batch job 6722353
Submitted batch job 6722529
Submitted batch job 6722613
Submitted batch job 6722814
Submitted batch job 6722834
Submitted batch job 6722954
Submitted batch job 6723040
Submitted batch job 6723194
Submitted batch job 6723292
Submitted batch job 6723434
Submitted batch job 6723505
Submitted batch job 6723674
Submitted batch job 6723759
Submitted batch job 6723914
Submitted batch job 6723986
Submitted batch job 6724154
Submitted batch job 6724239
Submitted batch job 6724394
Submitted batch job 6724488
Submitted batch job 6724634
Submitted batch job 6724707
Submitted batch job 6724854
Submitted batch job 6724894
Submitted batch job 6725075
Submitted batch job 6725114
Submitted batch job 6725234
Submitted batch job 6725326
Submitted batch job 6725474
Submitted batch job 6725543
Submitted batch job 6725767
Submitted batch job 6725834
Submitted batch job 6726032
Submitted batch job 6726094
Submitted batch job 6726260
Submitted batch job 6726314
Submitted batch job 6726434
Submitted batch job 6726519
Submitted batch job 6726675
Submitted batch job 6726781
Submitted batch job 6726915
Submitted batch job 6726986
Submitted batch job 6727135
Submitted batch job 6727175
Submitted batch job 6727354
Submitted batch job 6727395
/sise/home/itaitz/EC-KitY/approx_statistics.py:121: UserWarning: Matplotlib is currently using agg, which is a non-GUI backend, so cannot show the figure.
  plt.show()
debug: random seed = 1685722495.4494326
[0.0, 1.0, 1.0, 1.0, 0.0, 1.0, 1.0, 0.0, 0.0, 1.0, 1.0, 0.0, 1.0, 1.0, 1.0, 1.0, 1.0, 1.0, 1.0, 1.0, 1.0, 1.0, 0.0, 1.0, 1.0, 1.0, 1.0, 1.0, 1.0, 1.0, 1.0, 0.0, 1.0, 1.0, 1.0, 1.0, 1.0, 1.0, 0.0, 1.0, 1.0, 1.0, 0.0, 0.0, 1.0, 1.0, 1.0, 1.0, 1.0, 1.0, 1.0, 1.0, 1.0, 0.0, 1.0, 0.0, 1.0, 1.0, 1.0, 1.0, 1.0, 1.0, 1.0, 1.0, 1.0, 1.0, 1.0, 1.0, 1.0, 1.0, 1.0, 0.0, 1.0, 0.0, 1.0, 0.0, 1.0, 1.0, 1.0, 1.0, 1.0, 1.0, 1.0, 1.0, 1.0, 1.0, 1.0, 1.0, 1.0, 1.0, 1.0, 1.0, 1.0, 0.0, 1.0, 1.0, 1.0, 1.0, 1.0, 1.0, 1.0, 1.0, 1.0, 1.0, 1.0, 1.0, 1.0, 1.0, 1.0, 1.0, 1.0, 0.0, 1.0, 1.0, 1.0, 1.0, 1.0, 0.0, 1.0, 1.0, 1.0, 1.0, 1.0, 1.0, 1.0, 1.0, 1.0, 0.0, 1.0, 0.0, 1.0, 1.0, 1.0, 1.0, 1.0, 1.0, 1.0, 1.0, 1.0, 0.0, 1.0, 1.0, 1.0, 1.0, 0.0, 0.0, 0.0, 1.0, 1.0, 1.0, 1.0, 1.0, 1.0, 1.0, 1.0, 1.0, 1.0, 1.0, 1.0, 1.0, 1.0, 1.0, 1.0, 1.0, 0.0, 1.0, 1.0, 1.0, 0.0, 1.0, 0.0, 1.0, 1.0, 1.0, 1.0, 1.0, 1.0, 1.0, 1.0, 1.0, 0.0, 1.0, 0.0, 1.0, 0.0, 1.0, 0.0, 1.0, 0.0, 0.0, 1.0, 1.0, 1.0, 1.0, 1.0, 1.0, 1.0, 1.0, 0.0, 1.0, 0.0, 1.0, 0.0, 1.0, 0.0, 1.0, 0.0, 1.0, 1.0, 1.0, 1.0, 1.0, 1.0, 1.0, 1.0, 1.0, 0.0, 1.0, 0.0, 1.0, 0.0, 0.0, 0.0, 1.0, 0.0, 1.0, 1.0, 0.0, 1.0, 0.0, 1.0, 1.0, 1.0, 1.0, 0.0, 0.0, 0.0, 0.0, 0.0, 1.0, 0.0, 1.0, 0.0, 0.0, 0.0, 0.0, 0.0, 1.0, 0.0, 0.0, 0.0, 1.0, 0.0, 0.0, 0.0, 0.0, 0.0, 0.0, 0.0, 0.0, 0.0, 0.0, 0.0, 0.0, 0.0, 0.0, 0.0, 0.0, 0.0, 1.0, 0.0, 0.0, 0.0, 0.0, 0.0, 0.0, 0.0, 0.0, 0.0, 0.0, 0.0, 0.0, 0.0, 0.0, 0.0, 0.0, 0.0, 0.0, 0.0, 1.0, 0.0, 0.0, 0.0, 0.0, 0.0, 0.0, 0.0, 0.0, 0.0, 0.0, 0.0, 0.0, 0.0, 0.0, 0.0, 0.0, 0.0, 0.0, 0.0, 0.0, 0.0, 0.0, 0.0, 0.0, 0.0, 0.0, 0.0, 0.0, 0.0, 0.0, 0.0, 0.0, 0.0, 0.0]
Approximations: 0.815
Total time: 315.033539367
mean_approx_fitnesses = [-9561.71, -8295.37, -7818.68, -7324.99, -6856.7, -6639.09, -6384.94, -6364.11, -6321.19, -6244.31, -6179.2, -6079.09, -5897.8, -5839.55, -5779.81, -5915.25, -5783.75, -5828.91, -5638.75, -5642.36, -5717.76, -5606.46, -5461.96, -5462.68, -5335.08, -5414.43, -5394.65, -5390.34, -5374.51, -5411.85, -5329.28, -5230.61, -5261.526159666588, -7019.53, -5184.9623436698685, -6867.46, -5179.865352554271, -7585.63, -5262.3633114903805, -7161.32, -5259.031184088601, -6755.96, -5116.660639191583, -6917.351301889057, -6312.863549194379, -7133.459129112032, -6743.578686595484, -6853.390018829118, -6763.291880546444, -6600.593803777389, -7228.96501931223, -6835.608576308275, -6972.577295490682, -6573.666122863463, -6309.141542395668, -6557.265780722995, -6048.925339202396, -6061.329973862358, -6483.655524205927, -7282.702787248997, -6691.372122976442, -6294.997554069348, -6912.005111235651, -6883.958058648224, -7498.4728906701175, -6727.741632036383, -6544.2294821929545, -6516.018825619668, -7132.395784754526, -6675.088769249004, -6399.3103930273655, -6562.584113508018, -6866.54907659494, -7010.470695927514, -7341.964745496774, -6300.557954884534, -6884.534447374126, -7116.804347258277, -6723.041111220203, -6817.9891950760975, -7649.482635248997, -7640.678439480853, -7066.089851783708, -6919.052837314643, -6671.788846756681, -6659.110219377537, -7176.142774664182, -6647.719085347484, -7357.22325727401, -7032.277084211795, -6694.376836432298, -6625.475086223504, -6506.863036445006, -6493.227770947747, -6875.100308265339, -7041.3813003561545, -7028.584963152602, -7246.462988864062, -6783.865732808336, -7003.419857317241, -6095.010816699092, -7810.036337381494, -6838.423175046819, -7374.125508311907, -6779.123465206689, -7200.321169188753, -7259.4028866516155, -7316.962766862234, -6521.150568309457, -6765.189029807907, -7269.993435608294, -6974.162057147703, -7073.846636775447, -7103.05781721453, -6833.900715395949, -6539.551323311637, -6992.524843493274, -7085.06805394493, -6557.5644188591905, -8462.204621033236, -6515.577395442833, -6967.456634015983, -7135.180646634702, -7171.611384592799, -6850.960978624837, -7115.730927633424, -6266.246818391465, -6626.251040350699, -7021.850265453637, -7342.224872013382, -7473.376886439874, -6776.664621619292, -6665.392267036925, -6527.736337059095, -6576.698294892672, -7598.144233750085, -7086.786580168879, -6941.880926085782, -6529.5665477497105, -7239.661948631408, -7156.148193067709, -6984.600080982284, -7159.555330974944, -7441.714150420656, -7026.248737244494, -7702.862936653437, -7035.286442002125, -6975.540330868967, -6630.061733843506, -7701.523899759107, -6733.777125355793, -6894.545562507061, -6969.7044506318425, -7562.224324816792, -7045.891184059933, -6743.61600810663, -7094.2799110929145, -6598.979416119414, -7025.374052533714, -7265.90473139056, -7361.417392145769, -7705.149602474607, -6840.741303170677, -7332.056975272068, -6968.406418721619, -7036.5706659241205, -7334.724181813499, -6731.869278553186, -7144.031882273221, -6691.413103034675, -7043.0423346744465, -6782.076592695596, -6831.90685123848, -7478.235580181974, -7217.66870597128, -6832.526453112261, -7405.111809713289, -6961.437509886549, -7822.6382874066685, -7195.645686859045, -6741.867028277463, -7077.2949038189745, -7150.673754693006, -6944.6242743255825, -7094.166346830055, -7505.913871935431, -6963.711886140216, -7312.4043707218425, -7201.838295171852, -6891.0467831728, -7457.6154832323255, -7385.958484570022, -6726.900324742776, -7653.598675120752, -7623.3123823442775, -7056.206518319647, -7172.688668104916, -6845.9057245959275, -7346.253993485419, -7238.0037130261435]
median_approx_fitnesses = [-9281.5, -8322.5, -7734.0, -7318.5, -6735.0, -6581.0, -6297.5, -6329.5, -6293.5, -6130.5, -6097.5, -5892.5, -5788.5, -5760.5, -5663.0, -5750.0, -5684.0, -5638.5, -5600.0, -5597.0, -5554.0, -5571.0, -5413.0, -5391.0, -5263.5, -5302.5, -5227.5, -5295.5, -5276.0, -5226.5, -5152.0, -5140.5, -5132.935972312529, -5162.0, -4971.165917323258, -5134.5, -5078.2921354664395, -5268.5, -5036.2418346895165, -5165.5, -5026.437760392104, -5055.0, -4958.230426546021, -4948.994736601669, -4876.64203912804, -4775.24047886681, -4757.853996958244, -4812.0954603875925, -4812.780666710301, -4815.767431047074, -4838.898841309622, -4839.511136980393, -4874.091659314949, -4867.101183645224, -4793.872177125313, -4860.4536739031355, -4799.282768321686, -4873.159428102226, -4885.845810791154, -4814.765998409788, -4824.737815523105, -4808.701452251433, -4817.809595046399, -4866.918680172803, -4842.489226831074, -4875.148358610284, -4876.030011267698, -4814.249369927102, -4818.259785097434, -4845.670753037248, -4789.000810178812, -4780.095876202551, -4722.289765351388, -4764.627172041279, -4894.15258149842, -4789.246948580472, -4830.226503244381, -4838.502177277014, -4678.8368332327045, -4747.3596448787885, -4778.64382923266, -4780.889362292641, -4718.434385541223, -4658.520877427138, -4688.972927878038, -4735.260285155055, -4773.4718693062605, -4815.965816687927, -4847.88927049124, -4822.879847773276, -4885.013155826422, -4859.897278044307, -4892.224325983878, -4822.670053387166, -4890.034156329179, -4854.328797556134, -4850.727332216906, -4870.643578837071, -4877.810047488763, -4953.661714638358, -4885.959306548384, -4880.061688792386, -4909.261976938007, -4898.144749887062, -4899.009457578819, -4877.085210563731, -4915.69636951603, -4881.074999912407, -4892.078109670967, -4898.890529672488, -4887.347177308697, -4956.488472476629, -4911.181465024403, -4874.49980327722, -4925.407227420295, -4932.644957241862, -4943.99822125261, -5000.938135511928, -4945.855903808919, -4985.981055560347, -5027.625228799037, -5004.0798904745625, -5026.480198780644, -5033.331974115055, -5036.765751075965, -4826.536766589286, -4922.695821699137, -4847.3400242960615, -4907.426058289486, -4978.01414401229, -5105.760216637276, -5023.670183894774, -4945.893392099857, -4989.990288306457, -5030.759609429579, -4970.283437349481, -4955.684672619911, -4917.3237741171215, -4950.56101758886, -4995.988065435733, -4970.490877263117, -4985.597437469787, -4942.737440295503, -4981.931499320295, -4972.813538307484, -4967.443495468233, -5057.671542114473, -4996.626850135185, -5009.834310418923, -4972.905270933625, -5054.955852768084, -5016.274726424532, -5037.293320107221, -4976.812444108995, -5023.49601313413, -5001.833634609993, -5047.167007126507, -5011.089994298196, -5049.110657793994, -5045.255173627986, -5028.04404673878, -5063.360897970142, -5085.308903743939, -5105.514242278385, -5098.368386156737, -5113.65416453284, -5139.553316456941, -5102.450114592668, -5086.184486756003, -5100.106941017117, -5072.994212260954, -5094.180466507094, -5074.086786649965, -5100.532585012574, -5112.212173635664, -5113.576815710785, -5115.359994144972, -5098.925677521958, -5108.823965059131, -5107.979888388125, -5103.267159686369, -5072.464353757554, -5091.994462186571, -5097.063314119807, -5096.9085164009775, -5097.671719180067, -5068.279586366549, -5088.168172076792, -5084.025518870791, -5105.6302422304725, -5116.260283217094, -5091.697758175416, -5034.071160219213, -5061.253107890709, -5070.175402321558, -5060.997171717761, -5051.726310928636, -5069.667872757218, -5072.877480477364, -5052.704229168174]
max_approx_fitnesses = [-7119.0, -6307.0, -6016.0, -5780.0, -5722.0, -5538.0, -5723.0, -5199.0, -5322.0, -5053.0, -5123.0, -4805.0, -4775.0, -5030.0, -4823.0, -5174.0, -4662.0, -4765.0, -4774.0, -4625.0, -4569.0, -4825.0, -4428.0, -4240.0, -4243.0, -4328.0, -4328.0, -4492.0, -4197.0, -4289.0, -4259.0, -4296.0, -4828.460162290554, -4149.0, -4584.237516047324, -4337.0, -4768.177386642174, -4245.0, -4903.994862687507, -4200.0, -4770.854829785072, -4265.0, -4574.874121801786, -4580.075037871557, -4581.2357526761425, -4502.772195098867, -4589.163185052792, -4694.666299936969, -4700.120351730109, -4701.380007757358, -4749.0456489609605, -4729.067840473417, -4749.957629323209, -4787.149093206461, -4734.175440308509, -4822.944486853205, -4792.376336393963, -4840.577158617862, -4867.7213680127825, -4797.259231856966, -4822.347420265698, -4689.213619577273, -4686.027421324146, -4781.203790717482, -4554.183792335592, -4458.47914146714, -4659.813408157595, -4814.249369927102, -4818.259785097434, -4845.670753037248, -4789.000810178812, -4780.095876202551, -4722.289765351388, -4764.627172041279, -4894.15258149842, -4789.246948580472, -4830.226503244381, -4838.502177277014, -4678.8368332327045, -4747.3596448787885, -4778.64382923266, -4780.889362292641, -4718.434385541223, -4658.520877427138, -4688.972927878038, -4735.260285155055, -4773.4718693062605, -4815.965816687927, -4847.88927049124, -4822.879847773276, -4885.013155826422, -4859.897278044307, -4892.224325983878, -4822.670053387166, -4890.034156329179, -4854.328797556134, -4850.727332216906, -4870.643578837071, -4877.810047488763, -4953.661714638358, -4885.959306548384, -4880.061688792386, -4909.261976938007, -4898.144749887062, -4899.009457578819, -4877.085210563731, -4915.69636951603, -4881.074999912407, -4892.078109670967, -4898.890529672488, -4887.347177308697, -4956.488472476629, -4911.181465024403, -4874.49980327722, -4836.09139034858, -4895.452062966908, -4943.99822125261, -5000.938135511928, -4945.855903808919, -4985.981055560347, -4767.209434750093, -4887.475396302223, -4916.821839316293, -4848.810215850612, -4817.87657738581, -4630.1989639414805, -4785.425564999741, -4736.52247178295, -4810.5605135769565, -4888.363795210866, -5027.4781810792265, -4895.751033629293, -4945.893392099857, -4989.990288306457, -5030.759609429579, -4970.283437349481, -4955.684672619911, -4917.3237741171215, -4950.56101758886, -4995.988065435733, -4970.490877263117, -4855.507117228917, -4810.68023929437, -4827.511360122304, -4770.269192327716, -4812.286563567859, -5027.910990454737, -4955.414765806279, -4986.5939861898605, -4958.731538924145, -5022.990490816064, -4986.578015379864, -4978.445281801483, -4940.995852716578, -5001.62959896453, -4972.3634702468225, -5003.584705628389, -4990.155706233247, -5049.110657793994, -5045.255173627986, -5028.04404673878, -5063.360897970142, -5085.308903743939, -5105.514242278385, -5098.368386156737, -5113.65416453284, -5139.553316456941, -5102.450114592668, -5086.184486756003, -5100.106941017117, -5072.994212260954, -5094.180466507094, -5074.086786649965, -5100.532585012574, -5112.212173635664, -5113.576815710785, -5115.359994144972, -5098.925677521958, -5108.823965059131, -5107.979888388125, -5103.267159686369, -5072.464353757554, -5091.994462186571, -5097.063314119807, -5096.9085164009775, -5097.671719180067, -5068.279586366549, -5088.168172076792, -5084.025518870791, -5105.6302422304725, -5116.260283217094, -5091.697758175416, -5034.071160219213, -5061.253107890709, -5070.175402321558, -5060.997171717761, -5051.726310928636, -5069.667872757218, -5072.877480477364, -5052.704229168174]
min_approx_fitnesses = [-15593.0, -11162.0, -12829.0, -11593.0, -11512.0, -9111.0, -7600.0, -8614.0, -8354.0, -12226.0, -10065.0, -12070.0, -13387.0, -10437.0, -8323.0, -9425.0, -10639.0, -10737.0, -7630.0, -7629.0, -7972.0, -7749.0, -8352.0, -8623.0, -8324.0, -7726.0, -9359.0, -7880.0, -9069.0, -10112.0, -7916.0, -6866.0, -7536.273225178105, -21562.0, -11435.765721122094, -16965.0, -6849.129340409379, -19185.0, -10977.152721099383, -22255.0, -7710.014048753947, -22774.0, -9037.087388211696, -16902.586397388397, -14355.373721813306, -21299.394340427076, -18642.053826298925, -20076.677216173342, -21808.170132676703, -18072.350584648175, -24589.114618157473, -24440.893589454852, -17319.342334063465, -16471.14526483581, -16471.915480597618, -20043.66018589298, -21894.947605333833, -18970.114803447523, -20922.81374798243, -18489.093008009357, -20238.77849295045, -15641.691435907142, -19841.943597717927, -23096.600219492062, -23039.25939047266, -20717.281081832323, -17455.381183907055, -21141.818403827117, -23873.844159693246, -23771.96908683802, -19062.945306420355, -18779.16293908476, -22437.02885368576, -24166.003001326822, -20871.456452152255, -16973.566712008367, -18515.725421648815, -18253.96690614449, -20579.490017859986, -21346.43358206048, -21145.160480474726, -22636.15640294139, -20331.335873402386, -21836.320042362833, -20662.117360896184, -20833.981197572502, -21520.199401127884, -18731.936687402314, -23080.84304164687, -22718.313222127814, -19706.69394352266, -16978.139730336814, -17552.63153223686, -17297.957846624693, -21396.119787955362, -19796.249002728884, -22351.87873515649, -21003.209081780868, -20455.76184922423, -22502.32909688381, -19494.777102052238, -22449.600756555235, -17312.991225036836, -21779.372121974666, -23046.779643706177, -20247.464728442537, -17908.726438603157, -16692.43930293224, -18875.251852724272, -17508.283375883777, -22633.82778192974, -21610.391784778792, -20498.200198119914, -16430.573424647708, -16514.830602388753, -17546.556990041197, -19726.924825370195, -18987.115169476525, -19290.285596453665, -23563.411697077405, -16574.84580069031, -19389.81880082714, -22843.35753538328, -20757.0717584339, -16274.214881391335, -19875.80381158574, -18412.61940439731, -15966.758688892056, -15686.158330684424, -18689.49662773781, -20336.835047645745, -18060.251120569825, -16982.848225593905, -21459.18161575257, -18234.818363616014, -21869.42459181765, -16061.43315776347, -19909.352764366995, -17464.36238624181, -22847.525018115597, -23300.25593227967, -17132.933085926838, -21277.304061854342, -23226.814357611547, -24103.92186339944, -24003.83901452037, -20385.152444000385, -17935.34350723821, -20646.39828470322, -22191.881095316763, -18287.09219522516, -18444.661990608543, -23620.665709782512, -21774.76351146264, -19837.38718909962, -21704.240477485302, -20746.95785981483, -17238.606766285287, -18200.948255731335, -18297.081823608467, -25249.34597675595, -19798.750226760312, -17319.32909040492, -23558.018970691075, -17751.273180882374, -19629.80991187159, -21315.000323447464, -18503.67978758309, -20601.04888547487, -20174.02341677097, -22382.48317154452, -18324.481845460432, -21055.681592822, -20578.03593847911, -22102.515027599155, -22393.802915717755, -23817.15574887753, -18885.00649929745, -21400.654688729785, -25308.512183213148, -21303.6380193546, -21647.538337598027, -22010.61265807977, -16551.877316586942, -17955.02453105537, -21610.72844506648, -20853.542561083057, -21458.922042995164, -23088.438811759726, -16745.643035261368, -22955.123696048737, -22156.632637970215, -18731.4478497984, -24685.04017866581, -18784.229362982456, -19811.253248790294, -19391.641280890184, -17786.707606635628, -21871.419458477765, -17961.986737890147]
mean_fitnesses = [-9561.71, -8295.37, -7818.68, -7324.99, -6856.7, -6639.09, -6384.94, -6364.11, -6321.19, -6244.31, -6179.2, -6079.09, -5897.8, -5839.55, -5779.81, -5915.25, -5783.75, -5828.91, -5638.75, -5642.36, -5717.76, -5606.46, -5461.96, -5462.68, -5335.08, -5414.43, -5394.65, -5390.34, -5374.51, -5411.85, -5329.28, -5230.61, -5243.23, -7019.53, -5256.58, -6867.46, -5233.66, -7585.63, -5178.47, -7161.32, -5145.71, -6755.96, -5271.19, -5203.05, -5200.94, -5282.59, -5287.63, -5172.39, -5258.92, -5271.1, -5335.66, -5222.01, -5322.86, -5150.58, -5203.05, -5075.25, -5088.29, -5174.77, -5125.95, -5116.07, -5243.13, -5192.24, -5241.51, -5159.37, -5217.12, -5102.01, -5144.49, -5031.78, -5226.45, -5063.48, -5144.11, -5150.19, -5084.3, -5213.14, -5126.81, -5199.08, -5222.33, -5159.17, -5127.05, -5174.62, -5187.64, -5002.47, -5153.65, -4997.91, -4954.96, -5245.26, -5136.09, -5168.44, -5041.53, -5059.16, -5065.51, -5147.81, -5023.93, -5135.39, -5125.29, -5100.12, -5005.46, -5078.1, -5191.51, -5002.3, -5241.8, -5178.73, -5212.39, -4974.5, -5238.94, -5142.73, -5003.81, -5115.36, -5104.91, -5145.23, -5055.07, -5111.84, -5170.3, -4955.23, -5039.65, -5078.64, -4926.16, -5120.08, -5065.57, -5036.31, -5066.17, -5056.69, -5008.99, -5155.32, -5019.85, -5078.6, -5056.45, -4952.75, -5026.8, -5124.65, -4993.32, -5007.03, -4941.11, -5119.55, -5243.54, -5037.37, -4974.44, -5047.21, -5094.34, -5088.71, -4985.23, -5063.59, -5070.26, -5036.19, -5124.35, -5087.26, -4944.63, -5068.54, -5034.25, -4997.55, -5001.03, -4954.06, -5122.3, -5063.35, -5061.64, -5040.04, -4945.01, -5058.76, -4889.98, -4983.17, -5077.88, -5032.85, -5060.25, -5043.36, -4962.5, -5097.95, -4959.98, -5065.45, -5003.11, -4926.18, -5019.31, -5005.09, -4973.02, -4923.79, -4944.0, -4881.9, -5009.07, -4886.0, -5036.76, -5025.96, -4971.59, -4943.86, -4973.37, -4810.06, -4964.04, -4886.57, -5159.99, -4952.19, -4920.35, -4956.9, -5059.77, -4975.83, -4940.86, -4869.91, -5062.63, -4978.22, -5004.59, -4916.66, -5026.34, -4910.3]
median_fitnesses = [-9281.5, -8322.5, -7734.0, -7318.5, -6735.0, -6581.0, -6297.5, -6329.5, -6293.5, -6130.5, -6097.5, -5892.5, -5788.5, -5760.5, -5663.0, -5750.0, -5684.0, -5638.5, -5600.0, -5597.0, -5554.0, -5571.0, -5413.0, -5391.0, -5263.5, -5302.5, -5227.5, -5295.5, -5276.0, -5226.5, -5152.0, -5140.5, -5139.0, -5162.0, -5148.0, -5134.5, -5125.0, -5268.5, -5052.0, -5165.5, -5043.0, -5055.0, -5060.0, -5140.0, -5054.0, -5083.0, -5137.5, -5005.0, -5060.0, -5047.0, -5081.5, -5032.0, -5110.5, -5035.0, -5057.5, -4959.5, -4944.0, -5015.0, -5047.5, -5076.0, -5052.5, -5013.0, -5048.0, -5034.5, -5057.5, -5025.0, -5019.5, -4972.5, -5053.5, -5032.5, -5048.0, -5032.0, -4980.0, -5079.5, -5025.5, -5071.5, -5020.0, -5038.5, -5051.0, -5074.0, -5063.5, -4985.0, -5099.0, -4890.5, -4888.0, -5049.5, -4981.5, -4966.0, -4933.0, -4978.0, -4975.5, -5025.0, -5014.0, -5003.5, -4978.5, -5032.5, -4903.5, -4941.0, -5067.0, -4877.5, -5022.5, -5107.0, -5054.0, -4923.5, -5020.0, -4983.5, -4943.5, -4983.5, -5084.5, -5007.5, -4967.5, -5058.0, -4952.0, -4851.5, -4937.0, -5020.0, -4925.5, -4990.5, -4936.0, -4991.5, -4969.5, -4949.0, -4934.0, -4997.0, -4923.0, -4969.5, -4918.0, -4845.0, -4955.5, -4989.5, -4903.0, -4917.5, -4871.0, -4973.0, -4995.0, -4942.5, -4874.0, -4919.0, -4977.5, -4971.0, -4933.0, -4925.5, -4928.0, -4886.0, -4901.5, -4801.0, -4846.5, -4927.5, -4937.5, -4898.5, -4903.0, -4851.0, -4877.5, -4910.5, -4961.0, -4940.0, -4862.5, -4856.5, -4782.0, -4867.5, -4916.5, -4903.5, -4901.0, -4900.5, -4852.5, -4949.0, -4839.5, -4892.0, -4894.5, -4853.0, -4927.5, -4950.0, -4845.5, -4822.0, -4871.5, -4798.5, -4856.5, -4852.0, -4924.5, -4899.0, -4839.0, -4885.5, -4840.0, -4776.5, -4808.0, -4824.0, -4950.0, -4857.5, -4824.5, -4752.5, -4869.5, -4815.5, -4833.5, -4788.0, -4874.5, -4794.5, -4830.5, -4787.0, -4878.0, -4838.5]
max_fitnesses = [-7119.0, -6307.0, -6016.0, -5780.0, -5722.0, -5538.0, -5723.0, -5199.0, -5322.0, -5053.0, -5123.0, -4805.0, -4775.0, -5030.0, -4823.0, -5174.0, -4662.0, -4765.0, -4774.0, -4625.0, -4569.0, -4825.0, -4428.0, -4240.0, -4243.0, -4328.0, -4328.0, -4492.0, -4197.0, -4289.0, -4259.0, -4296.0, -4246.0, -4149.0, -4456.0, -4337.0, -4169.0, -4245.0, -4375.0, -4200.0, -3910.0, -4265.0, -4462.0, -4079.0, -4241.0, -4221.0, -4143.0, -4086.0, -4129.0, -4096.0, -4116.0, -4422.0, -4004.0, -4095.0, -4024.0, -3948.0, -4325.0, -4129.0, -4038.0, -4342.0, -4236.0, -4225.0, -4256.0, -4150.0, -4349.0, -4241.0, -4371.0, -4140.0, -4247.0, -4002.0, -4386.0, -4249.0, -4052.0, -4128.0, -4261.0, -4182.0, -4310.0, -3903.0, -4388.0, -4086.0, -4295.0, -4057.0, -4268.0, -4154.0, -4228.0, -4193.0, -4295.0, -4162.0, -4335.0, -3980.0, -4179.0, -4150.0, -4271.0, -4140.0, -4042.0, -4132.0, -4156.0, -4131.0, -4189.0, -4262.0, -4077.0, -4057.0, -4323.0, -4100.0, -4159.0, -4275.0, -3623.0, -3945.0, -3903.0, -4231.0, -3876.0, -4104.0, -4168.0, -4274.0, -4183.0, -4112.0, -3830.0, -4168.0, -3881.0, -4186.0, -4150.0, -4123.0, -4152.0, -4240.0, -4139.0, -4157.0, -3999.0, -4000.0, -4185.0, -4214.0, -4322.0, -4046.0, -3744.0, -4141.0, -4225.0, -4141.0, -4247.0, -4178.0, -4231.0, -4188.0, -3867.0, -4026.0, -3996.0, -4177.0, -3996.0, -3922.0, -4077.0, -4092.0, -3891.0, -4327.0, -4112.0, -3823.0, -4187.0, -4065.0, -3935.0, -3895.0, -3975.0, -4181.0, -3572.0, -4067.0, -3887.0, -3874.0, -4303.0, -4105.0, -4026.0, -4121.0, -4138.0, -4133.0, -3997.0, -4147.0, -3911.0, -4220.0, -4033.0, -3926.0, -4050.0, -4003.0, -4047.0, -4114.0, -4016.0, -3796.0, -4164.0, -3951.0, -3974.0, -3945.0, -4024.0, -4024.0, -4145.0, -4035.0, -3960.0, -3998.0, -4041.0, -4231.0, -4109.0, -3974.0, -4007.0, -4048.0, -4233.0, -4009.0, -3990.0, -4002.0]
min_fitnesses = [-15593.0, -11162.0, -12829.0, -11593.0, -11512.0, -9111.0, -7600.0, -8614.0, -8354.0, -12226.0, -10065.0, -12070.0, -13387.0, -10437.0, -8323.0, -9425.0, -10639.0, -10737.0, -7630.0, -7629.0, -7972.0, -7749.0, -8352.0, -8623.0, -8324.0, -7726.0, -9359.0, -7880.0, -9069.0, -10112.0, -7916.0, -6866.0, -7471.0, -21562.0, -7776.0, -16965.0, -7070.0, -19185.0, -7720.0, -22255.0, -8689.0, -22774.0, -12539.0, -7105.0, -7881.0, -12593.0, -9791.0, -7472.0, -12177.0, -11154.0, -14515.0, -13778.0, -8300.0, -9062.0, -12840.0, -7901.0, -7609.0, -13374.0, -9612.0, -7370.0, -9498.0, -10029.0, -12289.0, -12268.0, -12497.0, -8302.0, -7802.0, -6755.0, -8653.0, -8471.0, -7648.0, -8281.0, -8357.0, -7869.0, -6694.0, -8240.0, -12540.0, -13604.0, -8030.0, -8558.0, -7782.0, -6897.0, -7840.0, -7169.0, -6200.0, -17684.0, -10931.0, -12197.0, -8900.0, -7115.0, -9367.0, -8315.0, -6334.0, -8596.0, -11869.0, -8577.0, -8992.0, -7128.0, -14040.0, -7956.0, -12872.0, -7781.0, -8781.0, -6455.0, -10266.0, -9127.0, -7885.0, -8970.0, -7507.0, -7724.0, -9569.0, -7671.0, -12657.0, -7070.0, -9058.0, -7810.0, -6737.0, -9158.0, -7459.0, -7504.0, -8114.0, -8983.0, -7189.0, -7562.0, -7259.0, -7020.0, -9128.0, -7342.0, -7117.0, -10279.0, -7041.0, -8850.0, -6675.0, -7513.0, -14065.0, -9599.0, -7006.0, -7377.0, -7670.0, -8701.0, -6935.0, -8766.0, -8277.0, -8513.0, -11911.0, -13683.0, -7285.0, -6640.0, -7439.0, -6736.0, -8916.0, -6934.0, -8298.0, -7865.0, -7176.0, -6989.0, -7540.0, -11861.0, -6773.0, -9034.0, -12695.0, -9676.0, -7593.0, -13360.0, -8468.0, -9213.0, -7349.0, -8974.0, -11978.0, -6999.0, -8595.0, -6513.0, -7683.0, -6500.0, -8026.0, -7216.0, -9772.0, -6877.0, -8955.0, -8355.0, -8018.0, -7998.0, -8307.0, -6100.0, -7630.0, -7893.0, -9983.0, -9506.0, -7434.0, -11777.0, -8258.0, -8553.0, -8929.0, -6641.0, -12985.0, -10800.0, -12714.0, -8135.0, -7854.0, -8298.0]
approx_errors = [1823.5776860410497, 1146.2964432570416, 957.0893733880866, 809.1791469029516, 746.1137123828006, 665.7242130975054, 657.0092719814659, 619.6573269285128, 584.320160655374, 507.70928772150177, 491.7621726457908, 450.09274952725747, 447.6867690775407, 444.76781854820774, 414.3123391082775, 384.54690958765224, 390.58839744046094, 410.71443847320114, 376.4083138436142, 374.75348538050133, 368.24917285805896, 344.10939161689976, 344.3077384184005, 338.95774793782203, 336.7409897087668, 344.7270181945025, 328.401601986688, 333.1559229727884, 318.0639716963403, 318.0201275080362, 320.7248200637113, 314.04740029409584, 307.1187468526895, 320.1129420739433, 317.6750153075176, 321.07663422269076, 327.9992469069976, 315.0198525667373, 319.66966455352673, 320.09555022460216, 319.3286937259393, 325.6343809026907, 315.55581637237543, 324.77502864362816, 325.8948467153288, 318.6871019980792, 319.18917027119693, 323.98997256060954, 323.7872356817513, 323.38520802222064, 325.124000511757, 325.5881807243952, 322.506539791389, 326.2522998385112, 327.651150939362, 319.2300205105082, 322.23733235385765, 308.54928662227735, 321.90413776703883, 331.7364020423881, 326.4766810755643, 322.0716537491484, 325.5682440526546, 329.1563423777785, 327.03158807217727, 332.12488899750286, 329.53222605674745, 337.7647119691333, 329.24214528457463, 325.64543024904816, 332.50754058902936, 332.2629293369986, 331.41985314727725, 333.32515152342904, 339.55824839841483, 341.8868223594531, 338.1633882757013, 342.9387105555449, 334.19657775726176, 338.6123853807417, 342.5444285512446, 338.67418832700605, 345.50137579547123, 355.4166982261399, 352.51922715416646, 342.74654551113395, 363.30298589220837, 358.39993669532515, 353.6880081216397, 362.0858874948701, 358.3075288626403, 357.1657711722889, 364.2782710146275, 363.4328387502432, 354.33104404111623, 361.2962736186396, 368.35602508299036, 365.7650507076061, 375.3281767672451, 362.2071376536901, 367.4448201902408, 361.4947578269138, 370.92807171342173, 364.328212822981, 360.9421534393178, 357.19251559905905, 371.69351606696824, 373.9261340122969, 370.19826066263937, 368.03582582309383, 378.6881989764359, 382.2328031638099, 368.5076360325213, 376.0562881245813, 369.68927909086005, 369.14881284476047, 375.9956710629292, 371.96901316111536, 370.04647607460316, 370.50144970321435, 379.21110742582306, 380.7727155535467, 378.61099558064893, 373.7801824987921, 362.4649036708122, 371.5819980881278, 359.9599276131277, 368.6370359172884, 371.9095635947056, 371.55460537683, 363.5057451291355, 368.62142701888484, 383.5838204767662, 365.61367924872866, 358.2215108944429, 362.9549739698619, 370.5893965214389, 366.49956783873887, 368.928916963863, 371.731840154979, 370.2104956468003, 368.07692582654477, 366.10637437029686, 358.6822432822041, 367.8529815718859, 377.7377733949399, 361.449969159489, 369.1644981299978, 371.92010754974535, 369.8851059323509, 366.35490872099473, 365.6980458472205, 374.0398699363384, 378.6782471785979, 367.09383854415097, 377.77851578868757, 375.3483347136335, 369.15230793766324, 365.9938654429014, 365.63457543446924, 372.7500316518388, 367.22242962722845, 364.6689844485888, 368.45622495266804, 380.5079899099591, 373.81288501279977, 382.39196893643765, 374.886210376714, 368.86703899272726, 382.1934362761033, 370.42127211452475, 378.875853693529, 368.99015068628523, 386.0163839912575, 369.9502555171407, 382.5694666498027, 381.5152404528101, 383.1636787506074, 380.0925071098098, 378.53729245311314, 375.8462282737153, 369.7468094972776, 380.4215110221991, 378.724983275585, 382.18523094226015, 389.4314518888893, 383.6330050038373, 388.2227500740859, 373.3198720505499, 392.19760207973104, 392.08229004215656, 367.4330324502939, 381.0782925043361, 382.4594357736735, 382.13782471754683, 376.2948344285496, 383.147398175948, 383.3147579309348, 385.59872060371094, 381.0340818132451]
