SLURM_JOBID=6737444
SLURM_JOB_NODELIST=cs-cpu-01
Submitted batch job 6737445
Submitted batch job 6737547
Submitted batch job 6737567
Submitted batch job 6737667
Submitted batch job 6737688
Submitted batch job 6737788
Submitted batch job 6737808
Submitted batch job 6737908
Submitted batch job 6737928
Submitted batch job 6738028
Submitted batch job 6738048
Submitted batch job 6738148
Submitted batch job 6738168
Submitted batch job 6738268
Submitted batch job 6738288
Submitted batch job 6738388
Submitted batch job 6738408
Submitted batch job 6738508
Submitted batch job 6738528
Submitted batch job 6738628
Submitted batch job 6738648
Submitted batch job 6738748
Submitted batch job 6738768
Submitted batch job 6738868
Submitted batch job 6738888
Submitted batch job 6738988
Submitted batch job 6739008
Submitted batch job 6739108
Submitted batch job 6739128
Submitted batch job 6739228
Submitted batch job 6739248
Submitted batch job 6739348
Submitted batch job 6739368
Submitted batch job 6739468
Submitted batch job 6739488
Submitted batch job 6739588
Submitted batch job 6739608
Submitted batch job 6739708
Submitted batch job 6739728
Submitted batch job 6739828
Submitted batch job 6739848
Submitted batch job 6739948
Submitted batch job 6739968
Submitted batch job 6740068
Submitted batch job 6740088
Submitted batch job 6740188
Submitted batch job 6740208
Submitted batch job 6740309
Submitted batch job 6740329
Submitted batch job 6740430
Submitted batch job 6740450
Submitted batch job 6740551
Submitted batch job 6740571
Submitted batch job 6740671
Submitted batch job 6740691
Submitted batch job 6740791
Submitted batch job 6740811
Submitted batch job 6740912
Submitted batch job 6740932
Submitted batch job 6741032
Submitted batch job 6741052
Submitted batch job 6741153
Submitted batch job 6741173
Submitted batch job 6741273
Submitted batch job 6741318
Submitted batch job 6741438
Submitted batch job 6741471
Submitted batch job 6741585
Submitted batch job 6741618
Submitted batch job 6741739
Submitted batch job 6741773
Submitted batch job 6741888
Submitted batch job 6741921
Submitted batch job 6742037
Submitted batch job 6742071
Submitted batch job 6742184
Submitted batch job 6742218
Submitted batch job 6742333
Submitted batch job 6742373
Submitted batch job 6742486
Submitted batch job 6742519
Submitted batch job 6742632
Submitted batch job 6742673
Submitted batch job 6742788
Submitted batch job 6742822
Submitted batch job 6742937
Submitted batch job 6742978
Submitted batch job 6743094
Submitted batch job 6743127
Submitted batch job 6743241
Submitted batch job 6743275
Submitted batch job 6743393
Submitted batch job 6743425
Submitted batch job 6743536
Submitted batch job 6743568
Submitted batch job 6743685
Submitted batch job 6743716
Submitted batch job 6743823
Submitted batch job 6743862
Submitted batch job 6743977
Submitted batch job 6744007
Submitted batch job 6744125
Submitted batch job 6744156
Submitted batch job 6744270
Submitted batch job 6744308
Submitted batch job 6744429
Submitted batch job 6744460
Submitted batch job 6744573
Submitted batch job 6744604
Submitted batch job 6744715
Submitted batch job 6744746
Submitted batch job 6744857
Submitted batch job 6744889
Submitted batch job 6745001
Submitted batch job 6745032
Submitted batch job 6745153
Submitted batch job 6745184
Submitted batch job 6745298
Submitted batch job 6745337
Submitted batch job 6745461
Submitted batch job 6745493
Submitted batch job 6745609
Submitted batch job 6745649
Submitted batch job 6745763
Submitted batch job 6745796
Submitted batch job 6745909
Submitted batch job 6745941
Submitted batch job 6746053
Submitted batch job 6746084
Submitted batch job 6746204
Submitted batch job 6746238
Submitted batch job 6746346
Submitted batch job 6746384
Submitted batch job 6746494
Submitted batch job 6746526
Submitted batch job 6746638
Submitted batch job 6746669
Submitted batch job 6746779
Submitted batch job 6746814
Submitted batch job 6746938
Submitted batch job 6746968
Submitted batch job 6747101
Submitted batch job 6747132
Submitted batch job 6747242
Submitted batch job 6747279
Submitted batch job 6747394
Submitted batch job 6747424
Submitted batch job 6747537
Submitted batch job 6747568
Submitted batch job 6747677
Submitted batch job 6747707
Submitted batch job 6747818
Submitted batch job 6747849
Submitted batch job 6747960
Submitted batch job 6747992
Submitted batch job 6748103
Submitted batch job 6748135
Submitted batch job 6748250
Submitted batch job 6748281
Submitted batch job 6748391
Submitted batch job 6748429
Submitted batch job 6748539
Submitted batch job 6748565
Submitted batch job 6748676
Submitted batch job 6748701
Submitted batch job 6748852
Submitted batch job 6748885
Submitted batch job 6748994
Submitted batch job 6749020
Submitted batch job 6749126
Submitted batch job 6749153
Submitted batch job 6749257
Submitted batch job 6749285
Submitted batch job 6749565
Submitted batch job 6749627
Submitted batch job 6749832
Submitted batch job 6749934
Submitted batch job 6750081
Submitted batch job 6750180
Submitted batch job 6750377
Submitted batch job 6750405
Submitted batch job 6750527
Submitted batch job 6750589
Submitted batch job 6750782
Submitted batch job 6750914
Submitted batch job 6751024
Submitted batch job 6751055
Submitted batch job 6751163
Submitted batch job 6751193
Submitted batch job 6751298
Submitted batch job 6751328
Submitted batch job 6751437
Submitted batch job 6751467
Submitted batch job 6751577
Submitted batch job 6751607
Submitted batch job 6751724
Submitted batch job 6751753
Submitted batch job 6751867
Submitted batch job 6751895
Submitted batch job 6752008
Submitted batch job 6752036
Submitted batch job 6752144
Submitted batch job 6752180
Submitted batch job 6752324
Submitted batch job 6752460
Submitted batch job 6752741
Submitted batch job 6752928
Submitted batch job 6753168
Submitted batch job 6753369
Submitted batch job 6753689
Submitted batch job 6753827
Submitted batch job 6754265
Submitted batch job 6754440
Submitted batch job 6754843
Submitted batch job 6755130
Submitted batch job 6755420
Submitted batch job 6755661
Submitted batch job 6756051
Submitted batch job 6756255
Submitted batch job 6756510
Submitted batch job 6756710
Submitted batch job 6757031
Submitted batch job 6757250
Submitted batch job 6757635
Submitted batch job 6757809
Submitted batch job 6758253
Submitted batch job 6758561
Submitted batch job 6758847
Submitted batch job 6759137
Submitted batch job 6759408
Submitted batch job 6759573
Submitted batch job 6759917
Submitted batch job 6760208
Submitted batch job 6760553
Submitted batch job 6760649
Submitted batch job 6760930
Submitted batch job 6761104
Submitted batch job 6761384
Submitted batch job 6761556
Submitted batch job 6761809
Submitted batch job 6761995
Submitted batch job 6762242
Submitted batch job 6762387
Submitted batch job 6762560
Submitted batch job 6762596
Submitted batch job 6763093
Submitted batch job 6763151
Submitted batch job 6763570
Submitted batch job 6763606
Submitted batch job 6763837
Submitted batch job 6763869
Submitted batch job 6764130
Submitted batch job 6764192
Submitted batch job 6764372
Submitted batch job 6764416
Submitted batch job 6764543
Submitted batch job 6764575
Submitted batch job 6764803
Submitted batch job 6764928
Submitted batch job 6765059
Submitted batch job 6765186
Submitted batch job 6765333
Submitted batch job 6765516
Submitted batch job 6765713
Submitted batch job 6765965
Submitted batch job 6766317
Submitted batch job 6766465
Submitted batch job 6766665
Submitted batch job 6766853
Submitted batch job 6767100
Submitted batch job 6767223
Submitted batch job 6767424
Submitted batch job 6767674
Submitted batch job 6767977
Submitted batch job 6768170
Submitted batch job 6768539
Submitted batch job 6768868
Submitted batch job 6769020
Submitted batch job 6769153
Submitted batch job 6769601
Submitted batch job 6769766
Submitted batch job 6770143
Submitted batch job 6770471
Submitted batch job 6770805
Submitted batch job 6771078
Submitted batch job 6771441
Submitted batch job 6771650
Submitted batch job 6771950
Submitted batch job 6772135
Submitted batch job 6772623
Submitted batch job 6772825
Submitted batch job 6773130
Submitted batch job 6773311
Submitted batch job 6773685
Submitted batch job 6773776
Submitted batch job 6774088
Submitted batch job 6774830
Submitted batch job 6775815
Submitted batch job 6776410
Submitted batch job 6776903
Submitted batch job 6777017
Submitted batch job 6777369
Submitted batch job 6777776
Submitted batch job 6778761
Submitted batch job 6779314
Submitted batch job 6780144
Submitted batch job 6780292
Submitted batch job 6780505
Submitted batch job 6781415
Submitted batch job 6782157
Submitted batch job 6782750
Submitted batch job 6783365
Submitted batch job 6783737
Submitted batch job 6783977
Submitted batch job 6784042
Submitted batch job 6784376
Submitted batch job 6784548
Submitted batch job 6784890
Submitted batch job 6785064
Submitted batch job 6785399
Submitted batch job 6785621
Submitted batch job 6785847
Submitted batch job 6786023
Submitted batch job 6786379
Submitted batch job 6786602
Submitted batch job 6786843
Submitted batch job 6787116
Submitted batch job 6787372
Submitted batch job 6787591
Submitted batch job 6787852
Submitted batch job 6788092
Submitted batch job 6788373
Submitted batch job 6788522
Submitted batch job 6788847
Submitted batch job 6789110
Submitted batch job 6789341
Submitted batch job 6789578
Submitted batch job 6789850
Submitted batch job 6790082
Submitted batch job 6790424
Submitted batch job 6790601
Submitted batch job 6790916
Submitted batch job 6791030
Submitted batch job 6791288
Submitted batch job 6791539
Submitted batch job 6791868
Submitted batch job 6792054
Submitted batch job 6792370
Submitted batch job 6792489
Submitted batch job 6792728
Submitted batch job 6792964
Submitted batch job 6793209
Submitted batch job 6793464
Submitted batch job 6793809
Submitted batch job 6793978
Submitted batch job 6794294
Submitted batch job 6794552
Submitted batch job 6794793
Submitted batch job 6795025
Submitted batch job 6795283
Submitted batch job 6795531
Submitted batch job 6795796
Submitted batch job 6796011
Submitted batch job 6796239
Submitted batch job 6796509
Submitted batch job 6796739
Submitted batch job 6796953
Submitted batch job 6797233
Submitted batch job 6797448
Submitted batch job 6797726
Submitted batch job 6797993
Submitted batch job 6798196
Submitted batch job 6798473
Submitted batch job 6798664
Submitted batch job 6798958
Submitted batch job 6799156
Submitted batch job 6799440
Submitted batch job 6799638
Submitted batch job 6799921
Submitted batch job 6800120
Submitted batch job 6800431
Submitted batch job 6800685
Submitted batch job 6800904
Submitted batch job 6801179
Submitted batch job 6801396
Submitted batch job 6801640
Submitted batch job 6801905
Submitted batch job 6802245
Submitted batch job 6802513
Submitted batch job 6802772
Submitted batch job 6803072
Submitted batch job 6803355
Submitted batch job 6803580
Submitted batch job 6803819
Submitted batch job 6804123
Submitted batch job 6804386
Submitted batch job 6804624
Submitted batch job 6804892
Submitted batch job 6805105
Submitted batch job 6805332
Submitted batch job 6805637
/sise/home/itaitz/EC-KitY/approx_statistics.py:121: UserWarning: Matplotlib is currently using agg, which is a non-GUI backend, so cannot show the figure.
  plt.plot(self.min_fitnesses, label='min')
debug: random seed = 1685790081.4445565
[1.0, 1.0, 1.0, 1.0, 0.0, 1.0, 1.0, 1.0, 1.0, 1.0, 1.0, 1.0, 1.0, 1.0, 1.0, 1.0, 1.0, 0.0, 1.0, 1.0, 1.0, 1.0, 0.0, 1.0, 1.0, 1.0, 1.0, 1.0, 0.0, 1.0, 1.0, 0.0, 1.0, 1.0, 1.0, 1.0, 0.0, 1.0, 1.0, 1.0, 0.0, 1.0, 1.0, 0.0, 1.0, 0.0, 1.0, 0.0, 1.0, 1.0, 1.0, 1.0, 1.0, 1.0, 1.0, 1.0, 1.0, 1.0, 1.0, 1.0, 1.0, 1.0, 1.0, 1.0, 1.0, 1.0, 1.0, 0.0, 1.0, 1.0, 1.0, 0.0, 1.0, 1.0, 1.0, 1.0, 1.0, 0.0, 1.0, 1.0, 1.0, 0.0, 1.0, 1.0, 1.0, 1.0, 1.0, 1.0, 1.0, 1.0, 1.0, 1.0, 1.0, 1.0, 1.0, 1.0, 1.0, 1.0, 1.0, 1.0, 1.0, 1.0, 1.0, 1.0, 1.0, 1.0, 1.0, 1.0, 1.0, 1.0, 1.0, 1.0, 1.0, 1.0, 1.0, 1.0, 1.0, 1.0, 1.0, 1.0, 1.0, 1.0, 1.0, 0.0, 1.0, 1.0, 1.0, 0.0, 1.0, 1.0, 1.0, 1.0, 1.0, 1.0, 1.0, 1.0, 1.0, 1.0, 1.0, 1.0, 1.0, 1.0, 1.0, 1.0, 0.0, 1.0, 1.0, 0.0, 0.0, 1.0, 1.0, 1.0, 1.0, 1.0, 1.0, 1.0, 0.0, 1.0, 1.0, 0.0, 1.0, 1.0, 1.0, 1.0, 0.0, 1.0, 1.0, 1.0, 0.0, 1.0, 0.0, 0.0, 1.0, 0.0, 1.0, 1.0, 1.0, 1.0, 1.0, 1.0, 0.0, 1.0, 0.0, 0.0, 0.0, 1.0, 0.0, 0.0, 0.0, 1.0, 1.0, 1.0, 1.0, 1.0, 1.0, 1.0, 1.0, 1.0, 0.0, 1.0, 0.0, 1.0, 0.0, 1.0, 0.0, 1.0, 0.0, 1.0, 1.0, 1.0, 1.0, 0.0, 1.0, 1.0, 1.0, 1.0, 0.0, 1.0, 0.0, 1.0, 0.0, 1.0, 0.0, 1.0, 0.0, 1.0, 1.0, 1.0, 0.0, 1.0, 0.0, 1.0, 0.0, 0.0, 0.0, 0.0, 0.0, 1.0, 0.0, 1.0, 0.0, 1.0, 0.0, 0.0, 0.0, 0.0, 0.0, 1.0, 0.0, 0.0, 0.0, 1.0, 0.0, 0.0, 0.0, 0.0, 0.0, 0.0, 0.0, 0.0, 0.0, 0.0, 0.0, 1.0, 0.0, 0.0, 0.0, 0.0, 0.0, 1.0, 0.0, 0.0, 0.0, 0.0, 0.0, 0.0, 0.0, 0.0, 0.0, 0.0, 0.0, 0.0, 0.0, 0.0, 0.0, 0.0, 0.0, 0.0, 0.0, 0.0, 0.0, 0.0, 0.0, 0.0, 0.0, 0.0, 0.0, 0.0, 0.0, 0.0, 0.0, 1.0, 0.0, 0.0, 0.0, 0.0, 0.0, 0.0, 0.0, 0.0, 0.0, 0.0, 0.0, 0.0, 0.0, 0.0, 0.0, 0.0, 0.0, 0.0, 0.0, 0.0, 0.0, 0.0]
Approximations: 1.0
Total time: 1381.2029460970002
mean_approx_fitnesses = [-9603.73016412556, -9151.199429369426, -9189.43485221945, -9807.847280446733, -9705.559345508464, -9020.544358192537, -9331.24659603339, -8426.722149082781, -9099.44034029272, -8941.988724877881, -8159.910803278675, -8627.09034100132, -8437.887473050228, -7890.24747371767, -8050.783770767312, -8633.205447115253, -8145.986656905342, -8503.768062040706, -8131.706565422077, -7936.374343899817, -7635.300064147206, -7082.098800132592, -7752.4700858133865, -7281.157589608742, -7667.666673305662, -7677.224517789101, -7424.320336994984, -7140.542690988934, -6884.895104279893, -6940.74070165505, -7269.172509285828, -7932.57047711292, -7689.258123135781, -8475.101922034926, -7877.311337889447, -7291.0933205656365, -7032.179693189122, -7699.2487778326995, -7372.377961159311, -8240.17690334177, -7010.0092883948, -6976.42331914191, -7274.368638037441, -8342.383854582953, -7437.454267981679, -7760.508251632785, -7470.044812874192, -7594.070404739529, -7072.123919496825, -7929.201831990516, -8173.254066718033, -7605.207359074282, -8289.323783584701, -7799.30162340304, -7718.519803393187, -7357.181365736693, -7634.1289231404, -7556.825265112175, -6812.0387898731515, -7105.99300222999, -7974.400365449214, -7490.016480194181, -7332.645859290514, -7249.568159373078, -7640.836224731071, -7235.87402712752, -7662.7766682441, -7155.316256428764, -7868.183979106011, -7733.89631243408, -7600.520746129049, -7815.744971079207, -7555.955028358988, -8208.167913302965, -7514.647292393854, -7296.447594190776, -7624.131076910562, -7181.193882187401, -7774.844504504218, -7628.558002308478, -7706.362797078091, -8217.197074999367, -7600.998856879496, -7135.710663697557, -6818.422617212392, -7123.469349025649, -7340.980121013992, -7462.63366613207, -7039.742973908043, -7347.100893770512, -8046.15449544537, -7262.319073449988, -7357.825783087745, -7644.475486203096, -7648.090464721164, -7378.691593973129, -8383.455880881012, -7143.523343166418, -7891.716088148074, -7275.96677959217, -7350.206596883985, -7401.580713304683, -7563.096211627094, -7446.688306039612, -7866.523385656984, -7420.319458211, -7436.815545087783, -7901.957335180565, -7214.104560707539, -7902.6468188178815, -7959.085919459151, -7480.306915959988, -7995.831760160784, -7721.280891845571, -7391.42555885199, -7724.72726626367, -7573.632620110908, -7576.180610793983, -7709.763995542323, -7532.661756987733, -7514.214392785393, -7667.450796530513, -7574.176319434761, -7825.898984017199, -7794.841713927154, -7487.510856193768, -6957.543754410205, -8084.243947502844, -7463.969896978492, -8140.251423540363, -7598.05209164917, -7292.3331455229545, -7161.4092136289855, -7659.107746841386, -7825.15760511863, -6984.966464000489, -7891.532242014591, -7591.760089779946, -7422.313049858458, -7771.678176922005, -7110.391317085855, -8332.91975547164, -7730.581670852371, -6722.204156198084, -7323.03490465351, -7271.119568446729, -7449.06359221646, -7186.834176329763, -7546.779481010501, -7687.089061206335, -7212.018411606138, -7738.232131525484, -8225.710121605602, -7174.122808112576, -7484.5716674395635, -7345.699808436704, -7278.661727208309, -8040.690816432871, -7180.558512129659, -7755.8958928527545, -7682.376875831743, -7766.341632310595, -7544.3900245518025, -7654.347723310069, -7830.251660249757, -8165.155938476166, -8579.687137333873, -7943.160897663016, -7133.713726106403, -7821.1261018846735, -7076.030567151745, -7936.974421150051, -7488.319068199727, -7275.817486003864, -7469.854599425811, -7448.017904257048, -7726.970688176823, -7015.830604059215, -7752.394378031632, -8022.479616284478, -7842.751624606673, -7148.528255742957, -7577.060790434106, -7550.974262022411, -7600.8022904366635, -7813.5994820966125, -7997.530069524826, -7367.062543823788, -7296.9600431699, -8045.279243063551, -7770.612349830206, -7420.348470839886, -7257.8062014624775, -8249.280730467675, -7221.059041232074, -7470.4808676322955, -7933.154584107634, -7978.6912512225945, -7604.853304959475, -7603.32649081638]
median_approx_fitnesses = [-9182.733938139161, -8866.339318003691, -8946.988097749878, -8901.884762022537, -8676.440861454172, -8111.012339732948, -8460.004117271124, -7428.1467670894635, -7386.188750316896, -7241.549157893354, -6983.924922825368, -6803.259669089808, -6831.59538611908, -6435.631742694309, -6668.1391555161645, -6683.656217176274, -6456.192873237062, -6667.342356389254, -6119.3671488149885, -5989.386005461514, -5810.5886139427585, -5621.135533658809, -5746.268216768322, -5700.217350003451, -5593.478874882722, -5701.620845455742, -5619.344525467859, -5569.703958537553, -5473.325268211403, -5427.736649880842, -5702.944619511523, -5922.421639547332, -5696.342427870935, -5615.239644867917, -5645.130202015138, -5397.8404033305105, -5663.947485176906, -5763.176900815537, -5715.684780392341, -5611.358739009607, -5587.79662208966, -5536.835034603122, -5510.751034965117, -5557.167996711363, -5479.8858345997105, -5459.12104829772, -5559.074442713951, -5517.269938183692, -5454.926700675453, -5625.862781157928, -5647.19398634589, -5525.902342779913, -5428.524377545296, -5606.21461434017, -5512.831585351532, -5475.096800569299, -5270.065324380095, -5589.257339791398, -5461.227626410291, -5646.788873364396, -5468.429331470419, -5526.004688900335, -5603.857926411736, -5605.55712151841, -5559.841879019405, -5676.014891880275, -5637.982943401108, -5770.207328423607, -5742.873870717653, -5614.895498073209, -5637.465395986539, -5584.554400451838, -5577.228855237288, -5683.265791353475, -5685.344171035773, -5509.602548260664, -5685.760473311753, -5694.0269636389785, -5735.036125851973, -5567.480122197994, -5472.708203845696, -5697.964405044742, -5618.845515804784, -5643.614378775948, -5674.033331483257, -5682.325781187958, -5573.314855473614, -5684.058051546886, -5456.7471402316005, -5557.107707833671, -5705.55604721274, -5463.805884211184, -5389.991745903622, -5530.085818997401, -5474.485487136342, -5531.68320002041, -5461.642491985032, -5574.365034258866, -5655.5212783866955, -5611.049699356274, -5547.142183181571, -5608.255409142999, -5567.2870150064555, -5673.152813213272, -5660.163690002128, -5645.889191814891, -5660.8795195614475, -5700.161478426588, -5705.36893190057, -5685.483838559052, -5706.716318139732, -5724.5755506621135, -5702.8046305096395, -5702.362291069601, -5448.528425794175, -5473.72518584942, -5542.056435379263, -5580.305762378486, -5521.70690941471, -5495.318312336809, -5458.544605070503, -5582.312241838128, -5559.624319708482, -5565.095901851946, -5561.1134737916545, -5639.904399254723, -5607.960546659851, -5630.754459048283, -5650.06993198525, -5635.77761395016, -5599.943469146707, -5629.033538588266, -5605.9075738637985, -5607.828873404209, -5616.246100667626, -5600.268079786763, -5605.126502260766, -5562.972012767974, -5547.7893360963935, -5600.215503900878, -5599.159383379929, -5568.949636423129, -5636.324963724019, -5603.5058478800165, -5656.748653242928, -5646.59740538834, -5674.618005275601, -5638.062626625397, -5602.3454845294, -5508.133487195426, -5646.748510169586, -5598.552752837073, -5629.727335263784, -5514.1095839070895, -5677.356718571709, -5611.971782555491, -5681.684422143777, -5732.620759882135, -5641.430801610419, -5629.852976735769, -5640.319080028883, -5624.687362829794, -5645.72979573571, -5593.1254485867485, -5697.312689673292, -5653.2370550207925, -5647.280733989019, -5633.211257464984, -5627.2993978085, -5638.131282657738, -5623.955860576367, -5650.578532144089, -5638.438872761921, -5671.446767410132, -5678.813414935106, -5657.848673186736, -5653.234293091968, -5688.992216284483, -5622.230271208555, -5649.089805317213, -5579.110246971963, -5643.8219128407945, -5664.676847993926, -5606.461865545438, -5639.6062808240695, -5627.914323844738, -5684.239892410558, -5631.205132727977, -5683.460726963034, -5599.819890543589, -5743.583075986697, -5683.902202160798, -5654.137802225476, -5677.430302728439, -5643.404635139641, -5613.903855419965, -5615.241218053567, -5593.129036314589, -5644.52247296339, -5631.416901232424]
max_approx_fitnesses = [-6706.104540051798, -6250.705783876488, -5211.730805666657, -5074.016370250494, -5559.581407436268, -5501.690466938278, -5597.846843436935, -5172.091612487995, -5365.790860622332, -5401.383595602474, -5021.533445208228, -4899.200441568395, -5428.514846706506, -4459.911738514471, -5253.163534337356, -3057.773891118748, -3841.147017495663, -5253.6905624839565, -5157.7972863501745, -5156.459977864619, -5387.856488530797, -5332.849212646255, -4373.431940610837, -4117.839437964125, -4954.253774181594, -5487.531341531134, -5525.669906034971, -5424.786026921382, -4489.012088738364, -4004.4938672323296, -3241.712700402295, -5315.101009841539, -4910.290831467721, -4065.6684836962395, -5391.933876804404, -5142.959690959331, -5467.801532567128, -5430.149163900416, -5532.743564500548, -5423.081091692224, -5475.199713362723, -5392.492082095527, -5498.797433322841, -5518.66574335193, -5428.647641139578, -5376.047797154413, -5449.255797124126, -5065.008277730594, -5268.299515828121, -5625.624332814321, -5477.8491091011, -5525.902342779913, -5428.524377545296, -5606.21461434017, -5512.831585351532, -5475.096800569299, -5270.065324380095, -5589.257339791398, -5461.227626410291, -5646.788873364396, -5468.429331470419, -5526.004688900335, -5603.857926411736, -5605.55712151841, -5559.841879019405, -5676.014891880275, -5637.982943401108, -5770.207328423607, -5742.873870717653, -5614.895498073209, -5637.465395986539, -5584.554400451838, -5577.228855237288, -5683.265791353475, -5685.344171035773, -5402.6410909439655, -5467.325764013736, -5472.30589264401, -5735.036125851973, -5456.877156915592, -5418.633437104807, -5629.7828342247085, -5589.3905531966775, -5569.402196232451, -5564.809436273426, -5644.789620240032, -5538.097117334113, -5488.907935745236, -5363.390677606365, -5457.045609659162, -5508.843092950985, -5463.805884211184, -5389.991745903622, -5530.085818997401, -5474.485487136342, -5531.68320002041, -5461.642491985032, -5434.390411333532, -5399.264444938592, -5577.020876652741, -5529.476377153642, -5567.806334031498, -5534.437217194107, -5673.152813213272, -5660.163690002128, -5645.889191814891, -5660.8795195614475, -5700.161478426588, -5353.660745358249, -5261.587089280438, -5301.602181567141, -5298.16095339727, -5362.451392347684, -5377.840610833773, -5390.530419790073, -5473.72518584942, -5542.056435379263, -5580.305762378486, -5521.70690941471, -5495.318312336809, -5458.544605070503, -5582.312241838128, -5559.624319708482, -5565.095901851946, -5561.1134737916545, -5639.904399254723, -5607.960546659851, -5630.754459048283, -5650.06993198525, -5635.77761395016, -5599.943469146707, -5629.033538588266, -5605.9075738637985, -5607.828873404209, -5616.246100667626, -5600.268079786763, -5605.126502260766, -5562.972012767974, -5547.7893360963935, -5600.215503900878, -5599.159383379929, -5566.830629222848, -5564.474861321307, -5359.472427762934, -5486.991484980183, -5424.388841323293, -5524.952422812934, -5422.388688747122, -5553.391869340192, -5490.407105622613, -5595.5389831429075, -5553.293352539369, -5598.947013078661, -5514.1095839070895, -5677.356718571709, -5611.971782555491, -5681.684422143777, -5732.620759882135, -5641.430801610419, -5629.852976735769, -5640.319080028883, -5624.687362829794, -5645.72979573571, -5593.1254485867485, -5697.312689673292, -5653.2370550207925, -5518.616429367779, -5633.211257464984, -5627.2993978085, -5638.131282657738, -5623.955860576367, -5650.578532144089, -5638.438872761921, -5671.446767410132, -5678.813414935106, -5657.848673186736, -5653.234293091968, -5688.992216284483, -5622.230271208555, -5649.089805317213, -5504.519363363528, -5548.89573738465, -5551.27432148393, -5505.727104490499, -5507.54463500734, -5586.464248011454, -5625.721682144236, -5582.019723052399, -5606.279053696342, -5599.819890543589, -5743.583075986697, -5683.902202160798, -5654.137802225476, -5677.430302728439, -5643.404635139641, -5613.903855419965, -5615.241218053567, -5593.129036314589, -5644.52247296339, -5631.416901232424]
min_approx_fitnesses = [-14027.958803563033, -14500.751175226513, -15615.002268081651, -16215.544816386282, -18525.38476329819, -14878.00117743242, -17138.927034100558, -15787.628182893568, -19611.9377051479, -18834.02260841835, -16613.689859666814, -18057.496156132613, -20723.192733866417, -18627.48225370914, -18983.27400588764, -19964.494959484917, -18895.856218887882, -21402.36496183696, -22263.0818386262, -17904.344798595055, -21187.257366992075, -18794.405754588515, -16596.43888659856, -15761.184730131852, -20403.114694102154, -22026.002254408166, -20926.95069012284, -21924.88068233755, -18129.78904934112, -24690.443481192902, -21332.960096650335, -19777.365267256602, -18753.207995552955, -23140.44361599693, -19906.632058992607, -21742.64725336003, -19056.208660481218, -17881.18299485928, -20528.970849260375, -19693.645347142796, -24518.158096872867, -16240.448435744962, -22545.086270195156, -19328.198362056362, -18693.929903171073, -16857.561815790712, -20430.513513074322, -19272.92676637141, -20010.40089055997, -22214.41103454841, -21360.473369310792, -21653.199028631258, -21453.82736343926, -17589.91927329131, -19158.68239129661, -20599.15124774765, -20808.681892998604, -18438.4278652018, -16716.633007247645, -15930.472409373398, -23061.35161208482, -21887.44995229189, -13582.359142195502, -15434.00736212754, -22147.50589404747, -17771.62293920642, -17077.591086543758, -19149.835899020585, -19850.152301807575, -18976.603883121486, -18483.155199417073, -19500.67880962347, -19676.631669543614, -24319.10633629735, -18136.54149515422, -20192.08887518017, -18707.715794201053, -16646.734356257257, -19400.01845170502, -19324.88702624346, -17886.619261882883, -19783.400732998438, -18358.72597029854, -23771.629999581, -20106.546979149658, -18929.800840227057, -21097.794119067206, -20919.12667569096, -18845.378440894776, -21190.469367382728, -21299.364206081224, -20121.623701371424, -17844.127357063087, -18088.70739522514, -21548.268878011335, -21782.94396152961, -22759.72774752666, -17145.711778833243, -18036.697799025093, -16931.101820839205, -18215.236791553252, -19354.93328250378, -17697.084483464358, -17143.692659083412, -20546.9984861532, -19318.673691378626, -20422.70233805584, -19182.073344013275, -21264.00420475548, -15172.249992749297, -26175.31842923378, -18445.608537542255, -18680.73313465272, -20580.641188273854, -17775.844822397397, -20261.593699174555, -18781.168106127272, -18443.74881126059, -24179.11187484714, -19302.84400372118, -18427.517569876018, -19921.81703144758, -18692.633617127856, -18184.42218302787, -20318.602706376838, -19927.533420320156, -19476.769372447565, -21360.299275308964, -23200.02251724465, -17908.66752363498, -21799.824062768897, -17448.04483042554, -20072.51781345719, -20161.40007855134, -21798.07747449199, -16177.676976517745, -21769.14979842917, -19896.523724296163, -18899.14229774392, -20539.2299339784, -19443.565535237434, -20187.214394900802, -19282.691945682865, -19433.266640527418, -18332.478413452623, -23011.14712222323, -17520.880912760076, -19657.66637287677, -18662.696242632257, -20276.764087958058, -19569.6350674051, -22298.63120046189, -22757.53035507644, -18207.76454053095, -23006.176288764593, -17321.32506010463, -17376.306636119607, -16811.362163530648, -19985.98630892756, -23198.045535747795, -20738.55283133483, -20302.07163140293, -25116.267317004415, -18521.01430640765, -19193.281002199634, -21152.490259778424, -22165.66382326023, -22206.756257726323, -15612.760296602188, -19236.460144257635, -16800.990236329508, -20739.962942027076, -20559.70849292996, -16120.8066378554, -20346.171640216842, -20781.218179247247, -22590.758023970313, -15226.62568542293, -19120.20964627758, -24421.074687220666, -23435.09233342257, -18006.83308769325, -17180.167279852798, -17550.51455055484, -21527.683811391507, -24082.871296783735, -24559.149071415904, -23904.653269614428, -19815.907577939426, -20887.21178938182, -18663.22585015687, -18546.65239071672, -18933.559172648045, -18896.43211872064, -18931.888290815907, -19160.491134751483, -19039.19587779631, -21766.81970739025, -21413.391631629704, -18232.423706041518]
mean_fitnesses = [-9397.12, -8134.7, -7581.75, -7052.14, -6816.38, -6737.28, -6437.02, -6290.9, -6325.09, -6111.63, -5817.18, -5920.99, -5754.11, -5813.48, -5577.45, -5673.77, -5499.09, -5555.94, -5537.46, -5368.86, -5390.41, -5492.1, -5293.06, -5366.17, -5481.79, -5237.49, -5394.35, -5425.75, -5299.48, -5184.58, -5306.23, -5304.39, -5237.89, -5063.85, -5164.19, -5188.76, -5142.77, -5056.84, -5144.98, -5118.51, -5053.43, -5048.6, -5296.7, -5137.34, -5100.82, -5231.5, -5187.97, -5133.81, -5081.83, -5152.66, -5171.1, -5136.06, -5176.47, -5217.81, -5149.89, -5021.51, -5109.03, -5193.2, -5123.73, -5061.39, -5258.94, -5134.93, -5109.01, -5084.98, -5137.58, -5075.26, -5031.46, -5162.39, -5058.71, -5052.03, -5093.4, -5119.1, -5084.75, -5241.16, -5005.03, -5111.19, -5158.3, -4993.03, -5121.16, -5147.97, -5074.28, -4993.01, -5130.45, -5013.49, -5030.82, -5077.06, -4949.62, -4964.84, -4997.21, -5147.94, -4870.61, -5101.11, -5022.36, -4953.62, -5032.56, -4928.9, -5210.38, -5060.11, -5102.14, -5092.4, -5011.74, -5105.18, -4958.24, -5071.9, -5038.2, -4942.69, -5027.88, -4969.71, -5085.28, -5017.25, -4942.29, -5132.08, -4979.88, -5028.98, -4936.08, -4917.56, -5100.22, -5066.39, -5135.47, -4940.57, -4993.49, -4981.81, -4938.61, -5000.92, -5016.32, -4955.44, -5035.21, -4942.08, -5000.9, -4973.76, -5087.07, -5091.82, -4940.32, -4988.18, -4950.03, -5026.59, -5004.39, -4799.95, -4866.86, -4991.21, -4871.08, -4917.32, -4874.13, -5121.75, -5027.69, -5056.58, -4936.18, -4853.76, -4879.38, -4961.66, -4982.64, -4891.74, -4906.18, -5035.34, -4886.37, -4941.24, -4762.34, -4950.9, -5046.88, -4957.59, -5096.64, -4842.83, -4868.76, -4987.95, -4828.11, -4889.28, -4895.48, -4992.33, -4931.53, -5012.62, -4912.5, -4918.12, -5012.04, -4978.1, -4965.5, -4837.25, -4898.77, -4958.65, -4947.3, -5125.02, -5107.83, -4989.4, -4793.37, -4878.67, -4789.57, -5037.01, -4916.94, -5011.22, -4820.18, -4904.42, -4971.81, -4820.76, -4856.26, -4854.34, -5047.56, -4966.58, -5066.77, -4834.32, -4874.92, -4972.6]
median_fitnesses = [-9149.0, -8050.0, -7449.5, -6985.0, -6679.5, -6446.0, -6248.0, -6203.5, -6204.5, -5970.0, -5734.0, -5700.5, -5684.5, -5544.5, -5522.0, -5372.5, -5413.5, -5473.0, -5363.0, -5327.5, -5248.0, -5328.0, -5238.5, -5267.5, -5265.5, -5215.0, -5334.0, -5233.0, -5200.5, -5119.0, -5169.0, -5228.0, -5075.5, -5038.5, -4993.5, -5019.0, -4999.5, -4940.5, -5074.0, -4940.5, -4938.0, -4891.5, -5055.5, -5013.0, -4981.5, -5083.0, -5069.5, -5081.5, -5038.0, -4988.0, -5093.0, -5051.0, -4986.5, -5001.0, -4959.5, -4942.0, -4940.0, -4933.5, -5014.0, -4998.0, -5019.0, -4975.5, -5035.0, -4989.5, -4964.0, -4973.0, -5004.5, -5041.5, -4977.5, -4994.0, -5002.5, -4993.5, -4976.5, -5014.5, -4999.0, -4954.5, -5014.0, -4906.0, -4949.5, -4954.0, -4864.5, -4873.0, -4893.0, -4938.0, -4870.0, -4950.5, -4785.5, -4809.0, -4969.0, -4955.0, -4848.0, -4867.0, -4883.0, -4866.0, -4973.5, -4934.5, -5011.0, -4861.0, -4941.5, -4951.0, -4919.5, -4967.0, -4801.0, -4917.5, -4892.0, -4848.0, -4870.0, -4858.0, -4969.5, -4825.0, -4845.0, -4976.0, -4862.0, -4943.5, -4777.5, -4829.5, -4909.5, -4951.5, -4996.5, -4866.0, -4933.0, -4836.0, -4856.0, -4786.5, -4878.5, -4880.5, -4895.0, -4887.5, -4924.5, -4876.5, -4876.5, -4905.0, -4881.0, -4877.0, -4868.5, -4787.5, -4873.0, -4716.5, -4716.0, -4791.5, -4809.5, -4870.0, -4768.5, -4834.5, -4920.0, -4881.5, -4778.5, -4776.0, -4761.5, -4789.5, -4832.5, -4774.0, -4780.0, -4860.0, -4793.0, -4842.5, -4710.5, -4692.0, -4810.0, -4816.0, -4815.0, -4758.0, -4776.5, -4853.0, -4762.0, -4810.0, -4810.0, -4808.5, -4879.0, -4873.5, -4737.5, -4822.0, -4794.5, -4795.0, -4839.0, -4759.0, -4821.5, -4823.0, -4765.5, -4855.0, -4906.5, -4937.5, -4732.5, -4794.5, -4725.5, -4787.5, -4811.0, -4858.0, -4721.5, -4800.0, -4877.5, -4786.0, -4777.5, -4807.5, -4883.5, -4766.5, -4768.0, -4773.0, -4778.5, -4839.5]
max_fitnesses = [-6193.0, -6158.0, -5932.0, -5682.0, -5442.0, -5318.0, -5464.0, -5287.0, -4694.0, -5087.0, -4882.0, -4895.0, -4756.0, -4711.0, -4531.0, -4711.0, -4395.0, -4379.0, -4554.0, -4350.0, -4440.0, -4369.0, -4335.0, -4508.0, -4216.0, -4408.0, -4399.0, -4410.0, -4248.0, -4180.0, -4392.0, -4079.0, -4229.0, -4225.0, -4091.0, -4195.0, -4140.0, -4019.0, -4096.0, -4188.0, -4093.0, -4250.0, -4274.0, -4338.0, -4277.0, -4133.0, -4290.0, -4330.0, -4025.0, -4126.0, -4324.0, -4263.0, -4186.0, -3797.0, -4104.0, -4002.0, -4284.0, -4289.0, -4221.0, -4121.0, -4243.0, -4279.0, -4320.0, -4264.0, -4079.0, -4096.0, -4230.0, -4170.0, -3997.0, -4071.0, -4088.0, -4053.0, -4248.0, -4306.0, -3960.0, -4143.0, -4403.0, -3882.0, -4010.0, -4214.0, -3924.0, -3946.0, -3872.0, -3839.0, -3927.0, -4012.0, -3937.0, -4163.0, -4062.0, -4255.0, -3998.0, -4087.0, -4136.0, -4045.0, -4088.0, -4237.0, -4299.0, -4008.0, -4255.0, -4045.0, -4089.0, -3886.0, -4048.0, -3962.0, -4118.0, -3913.0, -3736.0, -3992.0, -4150.0, -3787.0, -4038.0, -3931.0, -4203.0, -4133.0, -3932.0, -4104.0, -4035.0, -4224.0, -3851.0, -4011.0, -4134.0, -4095.0, -4011.0, -4127.0, -3972.0, -4155.0, -4055.0, -3750.0, -4010.0, -3997.0, -4034.0, -4026.0, -4019.0, -3796.0, -3965.0, -3903.0, -3792.0, -3981.0, -3788.0, -3827.0, -3906.0, -3791.0, -4089.0, -4035.0, -3939.0, -4014.0, -3888.0, -3847.0, -4064.0, -4129.0, -4115.0, -4098.0, -4134.0, -4012.0, -3872.0, -3877.0, -3793.0, -4124.0, -3848.0, -3909.0, -3543.0, -4123.0, -3899.0, -3913.0, -4127.0, -4142.0, -4031.0, -4029.0, -3847.0, -3871.0, -4041.0, -4001.0, -3842.0, -3950.0, -4086.0, -3900.0, -4009.0, -3800.0, -4140.0, -4120.0, -4073.0, -4063.0, -3945.0, -3915.0, -4090.0, -4010.0, -4039.0, -3944.0, -4072.0, -4164.0, -4069.0, -3737.0, -4182.0, -3920.0, -3976.0, -3996.0, -4094.0, -3642.0, -3936.0, -3880.0]
min_fitnesses = [-13709.0, -12210.0, -12013.0, -10177.0, -13187.0, -13404.0, -12093.0, -8890.0, -14485.0, -10524.0, -7444.0, -13609.0, -9824.0, -13999.0, -6875.0, -13878.0, -8437.0, -7804.0, -8387.0, -8888.0, -7323.0, -8290.0, -7567.0, -8515.0, -8250.0, -6803.0, -7437.0, -14326.0, -8563.0, -6411.0, -9122.0, -7039.0, -9360.0, -6951.0, -9780.0, -7938.0, -7166.0, -7198.0, -7142.0, -8227.0, -7465.0, -7540.0, -12685.0, -8248.0, -8289.0, -9672.0, -8894.0, -8419.0, -7045.0, -8150.0, -9184.0, -7676.0, -8373.0, -7795.0, -9002.0, -6821.0, -7269.0, -12443.0, -8004.0, -7009.0, -8890.0, -8723.0, -7624.0, -8643.0, -8117.0, -9491.0, -6454.0, -7380.0, -7199.0, -6911.0, -7445.0, -8331.0, -8088.0, -13992.0, -5948.0, -9082.0, -10141.0, -7100.0, -8753.0, -7525.0, -12360.0, -7630.0, -8593.0, -7989.0, -9218.0, -7859.0, -7451.0, -7487.0, -7360.0, -12824.0, -5967.0, -12146.0, -12085.0, -7736.0, -7966.0, -6050.0, -9411.0, -12662.0, -7325.0, -9074.0, -7730.0, -9299.0, -7329.0, -12337.0, -7071.0, -8045.0, -8568.0, -8527.0, -7573.0, -7311.0, -6673.0, -8106.0, -8597.0, -8863.0, -8978.0, -7705.0, -13917.0, -8845.0, -8466.0, -7211.0, -7805.0, -7421.0, -7358.0, -12105.0, -8505.0, -7596.0, -13332.0, -7198.0, -7348.0, -9083.0, -12671.0, -7916.0, -7015.0, -12863.0, -7882.0, -9213.0, -9595.0, -7346.0, -11633.0, -9390.0, -7465.0, -7760.0, -7817.0, -12786.0, -7420.0, -12140.0, -7824.0, -6824.0, -7661.0, -7502.0, -6964.0, -9458.0, -7458.0, -8123.0, -7404.0, -7522.0, -6917.0, -12333.0, -9266.0, -9391.0, -8528.0, -7145.0, -7032.0, -8642.0, -8685.0, -8476.0, -8089.0, -9860.0, -6778.0, -9129.0, -7898.0, -7946.0, -12758.0, -12162.0, -11850.0, -6834.0, -6835.0, -9010.0, -12683.0, -12591.0, -11965.0, -7141.0, -7410.0, -7646.0, -6857.0, -12567.0, -8222.0, -8340.0, -6816.0, -7155.0, -7257.0, -6483.0, -7405.0, -7533.0, -7857.0, -8301.0, -13888.0, -6542.0, -7847.0, -12486.0]
approx_errors = [1851.1849789117316, 1858.5463212394743, 1755.1153088782046, 1694.0958444800726, 1480.7978491213826, 1625.9078611006125, 1519.7411216566143, 1392.7828038440323, 1407.8776685270605, 1335.2469617633712, 1311.84361095166, 1344.2352805693138, 1332.2515593622347, 1464.0457886638042, 1179.5127379297176, 1333.1555437730276, 1173.2781435646696, 1443.288197294343, 1349.6768672312849, 1106.258022666858, 1148.2655490704756, 1320.5546892549144, 1313.7689435983573, 1211.896007251558, 1335.4999335900432, 1115.2567053579503, 1175.6077131602508, 1252.2919329482593, 1223.5534113909298, 1179.5144114609484, 1160.968668521857, 1243.0696838573278, 1184.7955767450705, 1189.516256801597, 1228.8695199500862, 1295.257146454891, 1314.1805193212706, 1186.929653383173, 1290.3207393981936, 1146.107281924987, 1075.5418283715933, 1110.4627240367556, 1152.373871297845, 1124.7200170427604, 1248.9677530061351, 1214.0634244516714, 1148.9761053415407, 1157.0647008507583, 1215.0441974944747, 984.1610585089196, 980.6807776628021, 1046.2291214841325, 966.1321072017537, 965.6131752858868, 993.205939557643, 941.0181069068776, 948.5340260861816, 913.8767236623336, 982.0226748506617, 966.0029204649533, 890.4506363594315, 818.686248473281, 980.8054660949429, 916.0837656781665, 850.18875438928, 852.2894107003143, 927.2408296964692, 817.677543716461, 837.639811438059, 866.8582935816167, 877.2180499306432, 889.3929338833938, 782.6170174593432, 805.1031087733824, 851.0848259215101, 777.7558072151559, 758.9430837436379, 766.7983667175355, 790.3650699935728, 802.7380160416172, 724.9231569510057, 686.6987490675947, 733.0721996828697, 768.3547986324762, 721.7535484348806, 748.6420580575895, 763.5634774381269, 710.9986938062561, 709.2838284358126, 700.4228019333932, 694.1244789885542, 714.4389122925608, 696.8919274264532, 650.4896066393912, 692.7963067401992, 697.4711774364332, 728.3790188814578, 693.3279948903219, 668.7292576487667, 633.1622156125949, 645.9802788854607, 646.7908188984206, 640.8079922716121, 645.4371378745394, 642.4666690917658, 637.3030787004859, 638.1564140911922, 623.5657659410854, 670.4095178359173, 629.9314978788462, 638.9897733013139, 588.1962316983177, 602.8126648265061, 623.4311780860911, 601.5521529195393, 617.3403930385343, 597.5111783133215, 588.0675843229109, 592.9737362907937, 569.0791656062515, 620.3106808936851, 582.322724634796, 609.5539419043957, 617.6598624399447, 597.1156581694136, 564.3640896914825, 570.7116618340655, 561.9760531787091, 553.6686092198646, 576.4266455344814, 584.4052521148241, 590.8433719553774, 578.5580995333853, 552.5013079687707, 559.3959542103212, 558.6497225899103, 559.7550150463961, 526.372265843634, 580.808400484489, 552.7185085093614, 524.1843030051531, 536.384032114975, 556.4059964320222, 564.4374838761624, 548.1492972317423, 516.0263495711646, 534.1618508755917, 542.6827306627724, 541.6476167090101, 510.2741783228737, 543.0242185599692, 518.9701519496324, 526.6871333688938, 526.1938475618907, 560.9087200726773, 549.1214584389694, 537.8904316611068, 545.9414345745798, 543.4104222082145, 505.51470006778396, 546.7236590127653, 525.5132408812891, 521.3224379044931, 489.55223258915566, 511.1207482386271, 498.153834310094, 536.6909247121399, 518.2874072087434, 518.1773668472958, 511.01500169267683, 519.563979053598, 504.03606634821523, 515.2967078532755, 501.3751283416323, 492.95418029559005, 491.2820595502296, 495.7646976358342, 495.4613731795451, 481.1042116067292, 508.2844063105551, 499.437024736306, 476.7444209742404, 488.3240667424584, 477.8429212265649, 477.15062471749667, 506.0868859427612, 491.5806822380934, 489.84264000653826, 495.2083019189234, 488.9002287732869, 511.06160471210677, 493.9557760090308, 512.047431946757, 493.0836737121834, 496.7226796680804, 482.21646168507664, 484.373975262105, 492.18383251901196, 474.78162412694843, 494.09338231392826]
