SLURM_JOBID=6753167
SLURM_JOB_NODELIST=cs-cpu-05
Submitted batch job 6753207
Submitted batch job 6753487
Submitted batch job 6753784
Submitted batch job 6754183
Submitted batch job 6754398
Submitted batch job 6754755
Submitted batch job 6754984
Submitted batch job 6755370
Submitted batch job 6755660
Submitted batch job 6755902
Submitted batch job 6756256
Submitted batch job 6756655
Submitted batch job 6756926
Submitted batch job 6757194
Submitted batch job 6757527
Submitted batch job 6757804
Submitted batch job 6758153
Submitted batch job 6758254
Submitted batch job 6758562
Submitted batch job 6758963
Submitted batch job 6759307
Submitted batch job 6759407
Submitted batch job 6759689
Submitted batch job 6760029
Submitted batch job 6760258
Submitted batch job 6760584
Submitted batch job 6760812
Submitted batch job 6761038
Submitted batch job 6761264
Submitted batch job 6761490
Submitted batch job 6761674
Submitted batch job 6761862
Submitted batch job 6762053
Submitted batch job 6762287
Submitted batch job 6767357
Submitted batch job 6767549
Submitted batch job 6767792
Submitted batch job 6768045
Submitted batch job 6768422
Submitted batch job 6768671
Submitted batch job 6769019
Submitted batch job 6769290
Submitted batch job 6769631
Submitted batch job 6770073
Submitted batch job 6770275
Submitted batch job 6770670
Submitted batch job 6770977
Submitted batch job 6771138
Submitted batch job 6771440
Submitted batch job 6771718
Submitted batch job 6772019
Submitted batch job 6772133
Submitted batch job 6772436
Submitted batch job 6772670
Submitted batch job 6772979
Submitted batch job 6773160
Submitted batch job 6773393
Submitted batch job 6773609
Submitted batch job 6773857
Submitted batch job 6774075
Submitted batch job 6774624
Submitted batch job 6775043
Submitted batch job 6776323
Submitted batch job 6776559
Submitted batch job 6777081
Submitted batch job 6777394
Submitted batch job 6778101
Submitted batch job 6778792
Submitted batch job 6779589
Submitted batch job 6780041
Submitted batch job 6780291
Submitted batch job 6780491
Submitted batch job 6781354
Submitted batch job 6781888
Submitted batch job 6782710
Submitted batch job 6783113
Submitted batch job 6783685
Submitted batch job 6783798
Submitted batch job 6783998
Submitted batch job 6784170
Submitted batch job 6784491
Submitted batch job 6784707
Submitted batch job 6785026
Submitted batch job 6785186
Submitted batch job 6785513
Submitted batch job 6785639
Submitted batch job 6786019
Submitted batch job 6786239
Submitted batch job 6786475
Submitted batch job 6786704
Submitted batch job 6786970
Submitted batch job 6787154
Submitted batch job 6787483
Submitted batch job 6787617
Submitted batch job 6787919
Submitted batch job 6788049
Submitted batch job 6788291
Submitted batch job 6788375
Submitted batch job 6788723
Submitted batch job 6789013
Submitted batch job 6789234
Submitted batch job 6789470
Submitted batch job 6789736
Submitted batch job 6789965
Submitted batch job 6790196
Submitted batch job 6790431
Submitted batch job 6790678
Submitted batch job 6790923
Submitted batch job 6791170
Submitted batch job 6791425
Submitted batch job 6791644
Submitted batch job 6791891
Submitted batch job 6792157
Submitted batch job 6792380
Submitted batch job 6792611
Submitted batch job 6792848
Submitted batch job 6793120
Submitted batch job 6793364
Submitted batch job 6793581
Submitted batch job 6793834
Submitted batch job 6794050
Submitted batch job 6794269
Submitted batch job 6794528
Submitted batch job 6794714
Submitted batch job 6795033
Submitted batch job 6795278
Submitted batch job 6795526
Submitted batch job 6795684
Submitted batch job 6795942
Submitted batch job 6796163
Submitted batch job 6796478
Submitted batch job 6796596
Submitted batch job 6796863
Submitted batch job 6797072
Submitted batch job 6797342
Submitted batch job 6797612
Submitted batch job 6797923
Submitted batch job 6798040
Submitted batch job 6798452
Submitted batch job 6798565
Submitted batch job 6798938
Submitted batch job 6799020
Submitted batch job 6799419
Submitted batch job 6799528
Submitted batch job 6799892
Submitted batch job 6799994
Submitted batch job 6800371
Submitted batch job 6800479
Submitted batch job 6800865
Submitted batch job 6800959
Submitted batch job 6801347
Submitted batch job 6801444
Submitted batch job 6801853
Submitted batch job 6802040
Submitted batch job 6802372
Submitted batch job 6802614
Submitted batch job 6802863
Submitted batch job 6803042
Submitted batch job 6803211
Submitted batch job 6803475
Submitted batch job 6803668
Submitted batch job 6803938
Submitted batch job 6804215
Submitted batch job 6804309
Submitted batch job 6804604
Submitted batch job 6804790
Submitted batch job 6805085
Submitted batch job 6805275
Submitted batch job 6805565
Submitted batch job 6805784
Submitted batch job 6806026
Submitted batch job 6806246
Submitted batch job 6806387
Submitted batch job 6806607
Submitted batch job 6806747
Submitted batch job 6806967
Submitted batch job 6807087
Submitted batch job 6807267
Submitted batch job 6807560
Submitted batch job 6807708
Submitted batch job 6807983
Submitted batch job 6808148
Submitted batch job 6808409
Submitted batch job 6808549
Submitted batch job 6808770
Submitted batch job 6808910
Submitted batch job 6809132
Submitted batch job 6809172
Submitted batch job 6809466
Submitted batch job 6809512
Submitted batch job 6809730
Submitted batch job 6809873
Submitted batch job 6810094
Submitted batch job 6810234
Submitted batch job 6810455
Submitted batch job 6810575
Submitted batch job 6810784
Submitted batch job 6810956
Submitted batch job 6811176
Submitted batch job 6811318
Submitted batch job 6811538
Submitted batch job 6811679
Submitted batch job 6811904
Submitted batch job 6812145
Submitted batch job 6812363
Submitted batch job 6812474
Submitted batch job 6812755
Submitted batch job 6812886
Submitted batch job 6813107
Submitted batch job 6813238
Submitted batch job 6813469
Submitted batch job 6813569
Submitted batch job 6813830
Submitted batch job 6813962
Submitted batch job 6814191
Submitted batch job 6814288
Submitted batch job 6814553
Submitted batch job 6814694
Submitted batch job 6814916
Submitted batch job 6815045
Submitted batch job 6815276
Submitted batch job 6815376
Submitted batch job 6815637
Submitted batch job 6815777
Submitted batch job 6815999
Submitted batch job 6816130
Submitted batch job 6816362
Submitted batch job 6816521
Submitted batch job 6816804
Submitted batch job 6816937
Submitted batch job 6817204
Submitted batch job 6817344
Submitted batch job 6817547
Submitted batch job 6817706
Submitted batch job 6817947
Submitted batch job 6817967
Submitted batch job 6818205
Submitted batch job 6818307
Submitted batch job 6818499
Submitted batch job 6818670
Submitted batch job 6818857
Submitted batch job 6818994
Submitted batch job 6819230
Submitted batch job 6819290
Submitted batch job 6819512
Submitted batch job 6819654
Submitted batch job 6819973
Submitted batch job 6820113
Submitted batch job 6820315
Submitted batch job 6820425
Submitted batch job 6820764
Submitted batch job 6820835
Submitted batch job 6821105
Submitted batch job 6821215
Submitted batch job 6821386
Submitted batch job 6821556
Submitted batch job 6821898
Submitted batch job 6821919
Submitted batch job 6822207
Submitted batch job 6822299
Submitted batch job 6822541
Submitted batch job 6822642
Submitted batch job 6822935
Submitted batch job 6823118
Submitted batch job 6823416
Submitted batch job 6823571
Submitted batch job 6823871
Submitted batch job 6824033
Submitted batch job 6824305
Submitted batch job 6824447
Submitted batch job 6824667
Submitted batch job 6824688
Submitted batch job 6824975
Submitted batch job 6825170
Submitted batch job 6825390
Submitted batch job 6825530
Submitted batch job 6825747
Submitted batch job 6825770
Submitted batch job 6825990
Submitted batch job 6826131
Submitted batch job 6826351
Submitted batch job 6826492
Submitted batch job 6826713
Submitted batch job 6826853
Submitted batch job 6827074
Submitted batch job 6827214
Submitted batch job 6827435
Submitted batch job 6827576
Submitted batch job 6827796
Submitted batch job 6827936
Submitted batch job 6828120
Submitted batch job 6828276
Submitted batch job 6828417
Submitted batch job 6828608
Submitted batch job 6828842
Submitted batch job 6829013
Submitted batch job 6829293
Submitted batch job 6829448
Submitted batch job 6829721
Submitted batch job 6829809
Submitted batch job 6830084
Submitted batch job 6830226
Submitted batch job 6830447
Submitted batch job 6830536
Submitted batch job 6830825
Submitted batch job 6831020
Submitted batch job 6831290
Submitted batch job 6831480
Submitted batch job 6831741
Submitted batch job 6831912
Submitted batch job 6832117
Submitted batch job 6832273
Submitted batch job 6832568
Submitted batch job 6832746
Submitted batch job 6832981
Submitted batch job 6833021
Submitted batch job 6833270
Submitted batch job 6833382
Submitted batch job 6833624
Submitted batch job 6833841
Submitted batch job 6834068
Submitted batch job 6834088
Submitted batch job 6834308
Submitted batch job 6834452
Submitted batch job 6834673
Submitted batch job 6834814
Submitted batch job 6835034
Submitted batch job 6835175
Submitted batch job 6835396
Submitted batch job 6835540
Submitted batch job 6835760
Submitted batch job 6835900
Submitted batch job 6836120
Submitted batch job 6836260
Submitted batch job 6836480
Submitted batch job 6836620
Submitted batch job 6836841
Submitted batch job 6836981
Submitted batch job 6837202
Submitted batch job 6837343
Submitted batch job 6837563
Submitted batch job 6837704
Submitted batch job 6837924
Submitted batch job 6838065
Submitted batch job 6838285
Submitted batch job 6838425
Submitted batch job 6838645
Submitted batch job 6838785
Submitted batch job 6839006
Submitted batch job 6839146
Submitted batch job 6839366
Submitted batch job 6839507
Submitted batch job 6839727
Submitted batch job 6839867
Submitted batch job 6840088
Submitted batch job 6840228
Submitted batch job 6840448
Submitted batch job 6840588
Submitted batch job 6840809
Submitted batch job 6840919
Submitted batch job 6841169
Submitted batch job 6841279
Submitted batch job 6841529
Submitted batch job 6841640
Submitted batch job 6841770
Submitted batch job 6841880
Submitted batch job 6842010
Submitted batch job 6842120
Submitted batch job 6842250
Submitted batch job 6842361
Submitted batch job 6842490
Submitted batch job 6842602
Submitted batch job 6842731
Submitted batch job 6842842
Submitted batch job 6843173
Submitted batch job 6843313
Submitted batch job 6843533
Submitted batch job 6843673
Submitted batch job 6843945
Submitted batch job 6844134
Submitted batch job 6844354
Submitted batch job 6844474
Submitted batch job 6844615
Submitted batch job 6844787
Submitted batch job 6844975
Submitted batch job 6845137
/sise/home/itaitz/EC-KitY/approx_statistics.py:131: UserWarning: Matplotlib is currently using agg, which is a non-GUI backend, so cannot show the figure.
  plt.show()
debug: random seed = 1685810916.2127345
Job cpu/6753167/24_1 timed out. error: Command '['sbatch', 'jobs/cpu/6753167/sbatch_24_1.sh']' timed out after 3600 seconds
[1.0, 0.0, 1.0, 1.0, 1.0, 1.0, 0.0, 1.0, 1.0, 1.0, 1.0, 1.0, 1.0, 1.0, 1.0, 1.0, 1.0, 1.0, 1.0, 0.0, 1.0, 1.0, 0.0, 1.0, 1.0, 0.0, 0.0, 1.0, 1.0, 1.0, 1.0, 1.0, 1.0, 1.0, 1.0, 0.0, 1.0, 1.0, 1.0, 1.0, 1.0, 1.0, 0.0, 1.0, 1.0, 1.0, 1.0, 1.0, 1.0, 0.0, 1.0, 1.0, 1.0, 0.0, 1.0, 1.0, 1.0, 1.0, 1.0, 1.0, 0.0, 0.0, 1.0, 1.0, 1.0, 1.0, 1.0, 1.0, 1.0, 1.0, 1.0, 1.0, 1.0, 1.0, 1.0, 0.0, 1.0, 1.0, 1.0, 1.0, 1.0, 0.0, 1.0, 1.0, 1.0, 0.0, 1.0, 1.0, 1.0, 1.0, 1.0, 0.0, 1.0, 1.0, 1.0, 1.0, 1.0, 1.0, 1.0, 0.0, 1.0, 1.0, 1.0, 1.0, 1.0, 1.0, 1.0, 0.0, 1.0, 1.0, 1.0, 1.0, 1.0, 0.0, 1.0, 1.0, 1.0, 1.0, 1.0, 1.0, 1.0, 1.0, 1.0, 1.0, 1.0, 1.0, 1.0, 1.0, 1.0, 1.0, 1.0, 1.0, 1.0, 1.0, 1.0, 0.0, 1.0, 1.0, 1.0, 1.0, 1.0, 1.0, 1.0, 1.0, 0.0, 0.0, 0.0, 1.0, 0.0, 1.0, 1.0, 1.0, 1.0, 1.0, 1.0, 1.0, 0.0, 1.0, 1.0, 1.0, 1.0, 1.0, 1.0, 1.0, 0.0, 1.0, 1.0, 1.0, 0.0, 1.0, 0.0, 0.0, 1.0, 1.0, 1.0, 1.0, 1.0, 1.0, 1.0, 1.0, 0.0, 1.0, 0.0, 0.0, 0.0, 1.0, 0.0, 1.0, 0.0, 1.0, 1.0, 1.0, 1.0, 1.0, 1.0, 1.0, 1.0, 1.0, 0.0, 1.0, 0.0, 1.0, 0.0, 1.0, 0.0, 1.0, 0.0, 1.0, 1.0, 1.0, 1.0, 1.0, 1.0, 1.0, 1.0, 1.0, 0.0, 1.0, 0.0, 1.0, 0.0, 1.0, 0.0, 0.0, 0.0, 1.0, 0.0, 1.0, 0.0, 1.0, 0.0, 0.0, 1.0, 1.0, 0.0, 0.0, 0.0, 1.0, 0.0, 1.0, 0.0, 1.0, 0.0, 0.0, 0.0, 0.0, 0.0, 1.0, 0.0, 1.0, 0.0, 1.0, 0.0, 1.0, 0.0, 0.0, 0.0, 1.0, 0.0, 0.0, 0.0, 0.0, 0.0, 0.0, 0.0, 0.0, 0.0, 0.0, 0.0, 1.0, 0.0, 1.0, 0.0, 0.0, 0.0, 0.0, 0.0, 0.0, 0.0, 0.0, 0.0, 0.0, 0.0, 0.0, 0.0, 0.0, 0.0, 0.0, 0.0, 0.0, 0.0, 0.0, 0.0, 0.0, 0.0, 0.0, 0.0, 0.0, 0.0, 0.0, 0.0, 0.0, 0.0, 0.0, 0.0, 0.0, 0.0, 0.0, 0.0, 0.0, 0.0, 0.0, 0.0, 0.0, 0.0, 0.0, 0.0, 0.0, 0.0, 0.0, 0.0, 0.0, 0.0, 0.0]
Approximations: 0.865
Total time: 359.74987214500004
mean_approx_fitnesses = [-9426.26, -8465.92, -7826.09, -7471.73, -7127.78, -6731.2, -6471.91, -6356.83, -6160.13, -6113.51, -5991.09, -6046.95, -5976.03, -5937.79, -5935.92, -5831.953594356728, -7237.14, -5804.946707086138, -8099.08, -5853.95, -5679.83, -5632.6, -5761.017615872782, -6988.33, -5570.469752154434, -7664.76, -5599.55, -5527.34, -5437.87, -5420.07, -5555.091422974268, -7275.92, -5457.310790227123, -6712.869577430421, -7941.421100411521, -7170.369292187767, -7125.598923082982, -7319.714738343149, -7585.583770020669, -7134.604271891759, -7643.089247214651, -7610.614049820949, -6996.5074422582775, -7070.735968867846, -7132.984491133139, -7392.951734005565, -7149.507826330865, -7182.178291478389, -7338.108005627542, -7245.008195539906, -7242.533734369502, -7022.353865568559, -7235.421109790504, -7733.6757486838105, -7327.105953786869, -7291.268000152631, -7379.642115293023, -6496.199436144542, -6872.226326482923, -7222.40776838949, -7233.437397892291, -6949.783925254766, -6507.36165114937, -7203.5631896613095, -6924.978570583022, -7117.611725754446, -7232.393020030397, -6149.884687137988, -7310.315603935862, -7381.789920875972, -8021.607996806934, -7113.55162431883, -7970.04055052534, -7103.228068728369, -6725.967502602117, -6587.433758887919, -7382.271295095725, -6841.082037852808, -6737.087517762273, -7276.7215552660355, -7229.805998851208, -7113.191078213026, -6948.740347767699, -7082.54927448658, -7415.709939287647, -6953.664022812612, -7119.53598881861, -7647.215724580564, -7136.548322075759, -7731.099382699504, -7423.252935823335, -7454.701152622809, -7019.249179165682, -7176.915816117502, -6970.9854686222025, -6753.746446827656, -7431.600897561895, -6922.769522799607, -7324.720125121434, -7305.22250761709, -6874.855449297872, -7399.223868218268, -7292.502649982216, -6912.90792685585, -6818.643563361373, -6831.248567413469, -7336.3680622210795, -7278.896123848767, -7600.439039647425, -7342.4682443352895, -7345.862704607227, -6757.277117959713, -6764.969220093929, -7327.948833393411, -7138.76705475166, -7157.411515023272, -7584.893302735606, -7111.757158149746, -6991.290565936842, -7262.222159512017, -6881.52398911143, -7198.367690981061, -7404.214994701582, -6842.370517052544, -7247.889993802159, -7156.277063518427, -6974.190204100659, -6849.362081429458, -6450.638529333195, -7307.1516243075475, -6645.754558608878, -6999.776801460384, -6976.471282983133, -6924.901198638261, -6968.458432289925, -6902.651873073502, -6667.455266833101, -6715.479765809873, -7197.559369049339, -7094.230664948193, -7527.703696340758, -7494.096101430098, -7018.633813745863, -6917.730830968538, -7351.0491206746165, -7359.3402935673, -7089.024725613912, -6613.087809207174, -7171.540354712768, -7193.134102640748, -7047.4399210704905, -7204.542929785028, -7667.622952905531, -7070.2719534817825, -6934.882326000948, -6614.520780713622, -7313.520858683764, -7503.767610422843, -7545.146622045813, -7365.692540426601, -7586.349304471814, -7142.105704573862, -7093.55360423842, -7379.51316145539, -7340.891657382823, -7089.505737344842, -7242.980395005944, -7033.810053377394, -7152.190231388157, -6994.062288915683, -7346.64909597414, -7279.495421225844, -7046.778019450591, -7081.610879741956, -7048.899155887402, -7331.010064106763, -6789.226957939977, -6879.86692320772, -6964.824079773878, -6468.848728428902, -6388.7168317002825, -7853.035380476704, -7892.17143361071, -6981.889976434475, -7236.445559410363, -7324.713383560115, -6626.326754968808, -7468.405507925207, -7666.588285744185, -7105.829877639388, -7659.516613933425, -6903.173689407928, -6782.743536259239, -6943.365109691892, -7530.364670072121, -7094.686696284654, -6900.181692675908, -7484.018674045942, -6945.038293422247, -8033.090332608142]
median_approx_fitnesses = [-9121.5, -8410.5, -7851.0, -7362.0, -7037.0, -6595.5, -6313.5, -6295.0, -6101.5, -6037.5, -5982.0, -5912.5, -5866.0, -5852.0, -5856.0, -5746.726103649236, -5734.0, -5600.659212593599, -5773.5, -5620.0, -5507.5, -5507.0, -5452.771590970951, -5524.5, -5426.312931751668, -5712.5, -5408.5, -5358.5, -5383.0, -5299.0, -5323.734325912363, -5466.5, -5272.988054516098, -5224.019662482093, -5235.87396906974, -5201.663281199114, -5219.444729311399, -5184.617065630298, -5151.851995897261, -5172.387550855507, -5170.236227574998, -5277.743383795271, -5167.754179381051, -5085.943819919916, -5193.099391317952, -5188.020263357435, -5104.103065046103, -5101.568728289596, -5162.415674315183, -5376.996324369891, -5150.088072074084, -5089.1986882642705, -5094.42768308021, -5080.957842764077, -5272.06691442832, -5093.302232890848, -5033.42584523328, -5097.270537810084, -5139.986206136175, -5111.795082054003, -5143.786730456897, -5091.556074872038, -5137.610274110801, -5070.718528592795, -5146.9715685854735, -5088.31110846985, -5107.224688474056, -5050.463659367384, -5137.700033451816, -5064.976970388447, -5123.874212156708, -5143.771027055649, -5086.70387568731, -5012.132547272839, -5072.112662888092, -5120.007062695688, -4768.982121232733, -4920.10592317754, -4857.69996811867, -5096.266930913129, -5046.50916308938, -5091.970082546502, -5140.162157680183, -5072.167460439716, -5073.032269278234, -5132.8973489304135, -5050.726326192909, -5112.022577623811, -5103.6528395204405, -5081.331152038332, -5091.13554533067, -5099.648994888028, -5112.96020277125, -5034.2695427950275, -5028.697895815292, -5043.251114322113, -5154.262130730789, -5047.301814802795, -5056.148658927836, -5039.312188389653, -5117.888803182659, -5076.24154528404, -5048.5894469671875, -5054.324021475841, -5036.202597897429, -5073.302356622131, -5005.340934732276, -4999.452291226038, -5012.306928465685, -4979.809737394187, -5058.605808820916, -5014.296883878389, -5061.45477066712, -5053.395541062053, -5076.396689491108, -5039.602497164557, -5067.995049843228, -5035.35831895557, -5101.677655912945, -5052.451099530654, -5125.965574102467, -5073.386663644704, -5069.063750612662, -5091.181139547163, -5223.264574014651, -5124.246226008077, -5021.48040399979, -5037.1563217910225, -5067.706342598933, -5022.256593414606, -5034.568297967362, -5011.443818695341, -5122.913507868669, -5009.354690303703, -5038.837720425041, -5005.191177041557, -5034.391604139899, -5070.485880066019, -5026.302986850498, -5115.789032307379, -5072.218493271974, -5057.758678895934, -5090.087496932585, -5054.350213023781, -5057.78115309468, -5088.415420372732, -5080.18291476432, -5071.018518476047, -5117.239762046776, -5112.612998409527, -5123.283388472133, -5098.360652745734, -5159.416056162318, -5138.264951027757, -5106.607923957001, -5169.684190595395, -5159.458666461103, -5190.162420685192, -5190.896459789525, -5194.390495961747, -5186.133778740965, -5193.139045072463, -5173.788766220832, -5181.429137892366, -5193.233165493115, -5179.257609541979, -5189.264105966733, -5187.832490848501, -5194.223018876157, -5196.017485520326, -5195.658670858587, -5189.904456404407, -5200.840993131995, -5195.644826103564, -5213.103437715239, -5187.371943506409, -5238.51006188975, -5220.143419004718, -5242.320437655666, -5262.9993722679355, -5229.306391212896, -5229.317989255294, -5231.822850257173, -5222.043306808708, -5206.380580810926, -5234.46781879065, -5208.860495933188, -5198.9614270655, -5226.2728584827855, -5211.413071658584, -5222.115195885206, -5255.902911047611, -5220.513401285318, -5226.899100045863, -5189.149043592088, -5199.140200985497, -5226.4891384101975, -5201.830483266278, -5223.415896665418, -5213.911821390997]
max_approx_fitnesses = [-6307.0, -6426.0, -6081.0, -5885.0, -5609.0, -5217.0, -5210.0, -5143.0, -5221.0, -5208.0, -5049.0, -5141.0, -4937.0, -4911.0, -4966.0, -5181.820793288798, -5003.0, -5149.601177217433, -4717.0, -4665.0, -4723.0, -4830.0, -5094.953263823798, -4808.0, -5018.757922717188, -4468.0, -4446.0, -4693.0, -4458.0, -4611.0, -4904.040734491029, -4521.0, -5042.822959172601, -5022.487471733168, -5042.836969189246, -5007.392155537556, -5017.525625364786, -5055.769564398821, -5002.800073701812, -4922.989750319834, -5007.209949111155, -5112.431644305125, -4952.605831503533, -4848.98132551567, -5014.789935257593, -5048.3350974488785, -4681.668587895769, -4923.987278224835, -4986.204549507376, -5111.860658924537, -5011.395273255737, -4969.433041157899, -5025.755465680657, -5030.95496790676, -5169.7051115509785, -5093.302232890848, -5033.42584523328, -5085.827075030982, -5103.726764476058, -5071.542991606973, -5133.412458904404, -5075.555037653254, -5123.748502164359, -5069.15627112642, -5077.262254777768, -5088.31110846985, -5079.481275227507, -5049.83125570465, -5097.035802985645, -5064.976970388447, -5123.874212156708, -4996.090680335012, -4926.692820380147, -4729.495289700426, -4825.981686809393, -4934.591540169844, -4768.982121232733, -4879.733003091253, -4774.792819159247, -5004.4838728016075, -4973.772479784762, -5079.821045737333, -5070.53707385624, -5072.167460439716, -5073.032269278234, -5132.8973489304135, -5050.726326192909, -5112.022577623811, -5103.6528395204405, -5081.331152038332, -5091.13554533067, -5099.648994888028, -5112.96020277125, -5034.2695427950275, -5028.697895815292, -5043.251114322113, -5154.262130730789, -5047.301814802795, -5056.148658927836, -5039.312188389653, -5117.888803182659, -5076.24154528404, -5048.5894469671875, -5054.324021475841, -5036.202597897429, -5073.302356622131, -5005.340934732276, -4999.452291226038, -5012.306928465685, -4979.809737394187, -5010.566414709172, -4973.228675019956, -5061.45477066712, -5053.217498230564, -4982.719682427267, -4968.715994836657, -5015.278569344677, -4978.645027463952, -5047.562427203869, -5034.108263044305, -5121.688266993864, -4975.529763087747, -4962.056744616271, -4761.5225788269745, -5006.162488329695, -4839.312406848858, -4880.024278028357, -4929.953715235455, -4971.856232788539, -4879.380754762466, -4950.758639175499, -4841.073546123091, -5048.98550389388, -4991.42995022295, -5033.208069618284, -4983.700862362213, -5034.391604139899, -5070.485880066019, -5026.302986850498, -5115.789032307379, -5072.218493271974, -5057.758678895934, -5090.087496932585, -5054.350213023781, -4907.212955373998, -4946.864168418981, -4917.198764736762, -4933.811506054641, -5098.854494546997, -5064.787855173981, -5102.09488228366, -5095.533699136464, -5151.45149480765, -5136.739768729871, -5083.7448882606495, -5145.649817717025, -5159.458666461103, -5190.162420685192, -5190.896459789525, -5194.390495961747, -5186.133778740965, -5193.139045072463, -5173.788766220832, -5181.429137892366, -5193.233165493115, -5179.257609541979, -5189.264105966733, -5187.832490848501, -5194.223018876157, -5196.017485520326, -5195.658670858587, -5189.904456404407, -5200.840993131995, -5195.644826103564, -5213.103437715239, -5187.371943506409, -5238.51006188975, -5220.143419004718, -5242.320437655666, -5262.9993722679355, -5229.306391212896, -5229.317989255294, -5231.822850257173, -5222.043306808708, -5206.380580810926, -5234.46781879065, -5208.860495933188, -5198.9614270655, -5226.2728584827855, -5211.413071658584, -5222.115195885206, -5255.902911047611, -5220.513401285318, -5226.899100045863, -5189.149043592088, -5199.140200985497, -5226.4891384101975, -5201.830483266278, -5223.415896665418, -5213.911821390997]
min_approx_fitnesses = [-13398.0, -10986.0, -10576.0, -14314.0, -10360.0, -11175.0, -13833.0, -9236.0, -9604.0, -7848.0, -8075.0, -9082.0, -13417.0, -8029.0, -8315.0, -8172.8373891674255, -16872.0, -10167.696749358958, -27051.0, -11712.0, -8826.0, -8635.0, -11572.705648698175, -22602.0, -9206.696284785143, -24722.0, -9512.0, -8703.0, -6985.0, -7455.0, -7830.709219078923, -23581.0, -9910.1380648447, -22758.28791019187, -23406.541401388786, -20549.996586709174, -16385.864331627756, -19132.76432340477, -19506.16467858417, -23304.052459813473, -24890.35015032761, -22719.652519043528, -24405.79435840533, -16473.56089910751, -21736.64322101826, -21504.736343365308, -23482.23564367913, -20796.528928651216, -21408.772995096235, -19318.92471271182, -19729.56284381998, -22123.641909481277, -24713.440650380122, -20807.179276142393, -19136.656887585334, -21711.95241976175, -21010.82412855458, -16889.487373682012, -20398.964316348098, -21660.219273241266, -19518.902783531063, -20457.639229116823, -18655.80629831953, -21869.855215162097, -22306.238475364866, -23479.315599347323, -23592.09554903761, -16857.64794301408, -21953.056578596297, -22726.95960170286, -20564.811595512077, -23340.460523030786, -23491.13094295297, -20498.348146924476, -19773.596628020834, -19064.148480757493, -20421.868420661667, -17655.393997819392, -17157.652657539344, -23384.479642913713, -16938.890533078287, -16422.088830493583, -20521.337011629344, -24345.873440251748, -22723.416605324615, -17656.607944777625, -20239.938283659118, -22199.848204891823, -18377.586711429423, -23440.269463966993, -19434.24411325812, -23717.427806253305, -21123.870905779684, -18351.885318990033, -19014.14461133124, -20562.104792010992, -21428.818662784957, -19829.16267659437, -22087.03459786601, -22208.187224015506, -18624.612249709957, -19262.280508467684, -17784.15750199252, -21674.158585767815, -17497.527846778703, -19677.308115152184, -24631.699713891918, -18455.74940306431, -20516.07821532795, -22535.198702890993, -21528.38278703986, -21007.861674430547, -22468.439121958378, -20459.098362006942, -19777.26314862164, -22456.721473323847, -25663.906935565064, -19145.945413775, -19061.45447772261, -20103.96534939204, -19058.804938459965, -22052.73363442018, -24364.928351765357, -16871.591666073087, -22004.842826013963, -24133.312874961677, -20455.37982792092, -18643.22346463187, -17413.181544732837, -19594.651454222738, -19324.688776085204, -20339.426124117945, -19200.247067069788, -19615.05967778215, -20132.78533850106, -19054.461889866696, -18404.584019989048, -17169.2337473647, -18409.865806688937, -20825.26845701452, -20355.883513384844, -19737.579912816545, -22549.267308921157, -18856.162136481074, -20760.179608725575, -22506.745933242943, -15677.272136536736, -18605.678886039088, -19016.865116406727, -17506.610131450045, -18105.847400758554, -19961.60296147543, -20264.913892779943, -18790.862134263498, -20670.93049068857, -17114.83912771533, -18383.04273011905, -18748.45103805836, -19314.16489231567, -23841.49319952094, -18896.08759136362, -20492.02623626649, -21374.607581821987, -19621.905489385063, -19580.13413913587, -21256.19626409292, -19064.68786053191, -20395.69426813105, -19902.915664632415, -19808.73658521314, -19784.96015150745, -23507.08675225048, -21162.2401788447, -16913.776518453473, -17706.748217980334, -18608.98755101646, -15464.738813011816, -19283.83184196089, -15209.909183217123, -17101.034481081395, -17358.529431402694, -21979.331558843434, -20714.050237676114, -19107.347132457588, -24200.224284303436, -19971.29279461668, -18041.6472041694, -21792.91860999349, -24202.494534146186, -18347.57189055214, -21442.134509828924, -17824.749718872743, -19191.749670524972, -20492.908230200628, -20009.839319001618, -21499.76059839784, -19289.507578311364, -15986.181403620729, -19471.453383522337, -20483.082580191378]
mean_fitnesses = [-9426.26, -8465.92, -7826.09, -7471.73, -7127.78, -6731.2, -6471.91, -6356.83, -6160.13, -6113.51, -5991.09, -6046.95, -5976.03, -5937.79, -5935.92, -5910.65, -5933.4, -5912.73, -5712.76, -5819.11, -5679.78, -5650.81, -5682.96, -inf, -5913.44, -5497.91, -5521.71, -5521.97, -5506.42, -5519.98, -5451.97, -5420.07, -5469.93, -5524.96, -5414.62, -5430.46, -5373.57, -5454.32, -5407.52, -5428.96, -5409.44, -5461.02, -5436.11, -5355.74, -5351.45, -5362.4, -5412.39, -5255.52, -5257.72, -5225.87, -5216.25, -5175.33, -5341.81, -5074.88, -5119.32, -5119.41, -5154.46, -5119.5, -5217.76, -5093.68, -5204.84, -5160.05, -5152.62, -5169.12, -5218.84, -5142.17, -5147.92, -5106.46, -5250.58, -5153.57, -5266.48, -5306.86, -5050.82, -5187.12, -5165.39, -5124.99, -5204.71, -5051.82, -5038.98, -5093.95, -5212.56, -5048.71, -5259.6, -5090.89, -5121.99, -5107.17, -5180.67, -5071.86, -5110.85, -5107.24, -5053.93, -5161.09, -5041.64, -5151.46, -5066.63, -5022.4, -5040.95, -5101.64, -4977.95, -5074.97, -5096.91, -5122.77, -4929.08, -5052.82, -5119.47, -5171.66, -5041.75, -5037.27, -4937.57, -4982.09, -5072.47, -5201.39, -4991.08, -5022.65, -4954.58, -5044.18, -5084.95, -5200.76, -4963.32, -5055.03, -4951.86, -5001.06, -5033.17, -5000.67, -4951.78, -5026.27, -5128.95, -4960.98, -5058.7, -4887.28, -4964.41, -4871.44, -4948.07, -5050.26, -4875.71, -4944.83, -5016.07, -5102.47, -4972.05, -5086.22, -5035.7, -4933.06, -5067.46, -5049.31, -5017.45, -5076.26, -5058.41, -5053.98, -4895.57, -5111.21, -4994.56, -5005.67, -4931.93, -4900.65, -4920.71, -5073.59, -5003.03, -4882.86, -4985.52, -5071.94, -5034.34, -5029.33, -4949.44, -5069.54, -4903.6, -4985.21, -4947.67, -4940.4, -4950.83, -4992.24, -4981.06, -5060.2, -4976.13, -4956.01, -4876.82, -4832.61, -4959.36, -4919.4, -4964.69, -4915.44, -5018.86, -5021.62, -4937.21, -4866.88, -4952.38, -5018.15, -5046.26, -4959.42, -5033.71, -4955.13, -4922.81, -4897.82, -4975.19, -4920.02, -4855.72, -4854.57, -5077.95, -4940.78, -4928.33, -4987.36]
median_fitnesses = [-9121.5, -8410.5, -7851.0, -7362.0, -7037.0, -6595.5, -6313.5, -6295.0, -6101.5, -6037.5, -5982.0, -5912.5, -5866.0, -5852.0, -5856.0, -5824.5, -5876.0, -5753.5, -5615.0, -5611.0, -5584.5, -5588.5, -5553.5, -inf, -5556.0, -5376.5, -5454.0, -5408.0, -5356.0, -5364.5, -5316.0, -5259.5, -5329.5, -5377.5, -5314.0, -5318.0, -5266.0, -5360.5, -5317.0, -5284.0, -5219.0, -5334.5, -5327.0, -5274.0, -5323.0, -5252.0, -5253.5, -5227.0, -5180.0, -5089.5, -5094.5, -5060.0, -5063.0, -4948.5, -5034.0, -5066.5, -5066.0, -5098.0, -5045.0, -4940.5, -5028.5, -5001.5, -5036.0, -5040.0, -5000.0, -4921.0, -4999.0, -5070.0, -4990.5, -4993.0, -5113.0, -5029.0, -4998.0, -5070.5, -5039.5, -4991.5, -5071.0, -4971.0, -4920.0, -5006.0, -5003.5, -4969.0, -5059.5, -4965.0, -4956.5, -4951.5, -4992.5, -4915.5, -4984.0, -4998.0, -4959.5, -4989.0, -4952.0, -4882.0, -4943.0, -4930.0, -5039.0, -5000.5, -4930.5, -4939.5, -4967.0, -4975.0, -4920.0, -4948.0, -4952.0, -4939.0, -4889.5, -5041.5, -4836.0, -4913.5, -4868.0, -4892.5, -4956.5, -4926.0, -4875.0, -4932.0, -4969.5, -5002.5, -4872.0, -4939.0, -4829.0, -4963.0, -4902.0, -4911.0, -4824.5, -4856.5, -4932.0, -4837.0, -4859.0, -4868.5, -4930.5, -4881.0, -4841.0, -4866.0, -4854.0, -4831.0, -4822.0, -4926.5, -4825.0, -4853.5, -4879.0, -4836.0, -4924.0, -4972.0, -4907.0, -4915.0, -4992.0, -4914.0, -4846.5, -4996.5, -4833.0, -4834.0, -4884.5, -4859.0, -4846.0, -4878.0, -4955.5, -4835.0, -4795.0, -4896.5, -4899.5, -4927.0, -4915.5, -4841.0, -4795.0, -4834.5, -4820.0, -4781.5, -4868.5, -4776.0, -4922.0, -4960.0, -4837.0, -4885.0, -4822.0, -4776.5, -4811.0, -4823.5, -4868.0, -4891.5, -4811.5, -4820.5, -4893.5, -4772.0, -4907.5, -4928.5, -4894.5, -4935.0, -4923.0, -4835.0, -4805.5, -4852.5, -4777.5, -4812.0, -4802.0, -4694.5, -4843.5, -4807.5, -4779.5, -4939.5]
max_fitnesses = [-6307.0, -6426.0, -6081.0, -5885.0, -5609.0, -5217.0, -5210.0, -5143.0, -5221.0, -5208.0, -5049.0, -5141.0, -4937.0, -4911.0, -4966.0, -4634.0, -4934.0, -4557.0, -4721.0, -4702.0, -4847.0, -4521.0, -4579.0, -inf, -4782.0, -4610.0, -4405.0, -4732.0, -4579.0, -4460.0, -4697.0, -4549.0, -4537.0, -4585.0, -4512.0, -4570.0, -4506.0, -4404.0, -4545.0, -4602.0, -4521.0, -4555.0, -4398.0, -4282.0, -4540.0, -4415.0, -4347.0, -4305.0, -4381.0, -4062.0, -4281.0, -4332.0, -4189.0, -4030.0, -4296.0, -4172.0, -4238.0, -4050.0, -4333.0, -4139.0, -4057.0, -4431.0, -4334.0, -4259.0, -4181.0, -4402.0, -4162.0, -4023.0, -4248.0, -4139.0, -4212.0, -4039.0, -3954.0, -4027.0, -4389.0, -4182.0, -4100.0, -4216.0, -3899.0, -4129.0, -3832.0, -4258.0, -4107.0, -4147.0, -4160.0, -4267.0, -4124.0, -3969.0, -4215.0, -4259.0, -4140.0, -4002.0, -4102.0, -4172.0, -4087.0, -4093.0, -3939.0, -3907.0, -3860.0, -4142.0, -4108.0, -4091.0, -3989.0, -4110.0, -4094.0, -3981.0, -3888.0, -4145.0, -3968.0, -4082.0, -3895.0, -3949.0, -4255.0, -3907.0, -4004.0, -4048.0, -4302.0, -4004.0, -4111.0, -4176.0, -3646.0, -4121.0, -4056.0, -3972.0, -3765.0, -4153.0, -4190.0, -3776.0, -3848.0, -3842.0, -4228.0, -3876.0, -3941.0, -4070.0, -4168.0, -4122.0, -4043.0, -4123.0, -4040.0, -4152.0, -4089.0, -4058.0, -4135.0, -4046.0, -3887.0, -4174.0, -4002.0, -4181.0, -4080.0, -4028.0, -3867.0, -4127.0, -3626.0, -4127.0, -4095.0, -4027.0, -4013.0, -4114.0, -4173.0, -4056.0, -3979.0, -4053.0, -4271.0, -4122.0, -3950.0, -4118.0, -4111.0, -3887.0, -4091.0, -3883.0, -3794.0, -4072.0, -4093.0, -4066.0, -3536.0, -3880.0, -4046.0, -4026.0, -3971.0, -3854.0, -4130.0, -4015.0, -3804.0, -4132.0, -3862.0, -4019.0, -4043.0, -4082.0, -4265.0, -3898.0, -3842.0, -3915.0, -4055.0, -3813.0, -3980.0, -4141.0, -4126.0, -4037.0, -3993.0, -3988.0]
min_fitnesses = [-13398.0, -10986.0, -10576.0, -14314.0, -10360.0, -11175.0, -13833.0, -9236.0, -9604.0, -7848.0, -8075.0, -9082.0, -13417.0, -8029.0, -8315.0, -7906.0, -7707.0, -13078.0, -7993.0, -14150.0, -9253.0, -8160.0, -8697.0, -inf, -13477.0, -7586.0, -7176.0, -8887.0, -13589.0, -10259.0, -8641.0, -9815.0, -8640.0, -8387.0, -7433.0, -8229.0, -8132.0, -10730.0, -8112.0, -8882.0, -9314.0, -9816.0, -7233.0, -8212.0, -7005.0, -8412.0, -12640.0, -6920.0, -7920.0, -8088.0, -7354.0, -8341.0, -12752.0, -7451.0, -8135.0, -6296.0, -8998.0, -7276.0, -8866.0, -8461.0, -9137.0, -8959.0, -7039.0, -7638.0, -9164.0, -11717.0, -8133.0, -7816.0, -12654.0, -14156.0, -9154.0, -16694.0, -6817.0, -12489.0, -8535.0, -9371.0, -9241.0, -6483.0, -7725.0, -8883.0, -12751.0, -6400.0, -9659.0, -7446.0, -8339.0, -8566.0, -9026.0, -7762.0, -11929.0, -8057.0, -6545.0, -8304.0, -6966.0, -9897.0, -9143.0, -7243.0, -6585.0, -7480.0, -7445.0, -9660.0, -8730.0, -9293.0, -6798.0, -7108.0, -8200.0, -9393.0, -12696.0, -6964.0, -8033.0, -9151.0, -8185.0, -12894.0, -6335.0, -7342.0, -7219.0, -6968.0, -7004.0, -11680.0, -6668.0, -7035.0, -7709.0, -7262.0, -8748.0, -7638.0, -12469.0, -9340.0, -9164.0, -7829.0, -12246.0, -6345.0, -7471.0, -5929.0, -7209.0, -7927.0, -7004.0, -7154.0, -9441.0, -8687.0, -8871.0, -12640.0, -9305.0, -6793.0, -12067.0, -8093.0, -6988.0, -13803.0, -8302.0, -7890.0, -7791.0, -8462.0, -11859.0, -12858.0, -7652.0, -7117.0, -6450.0, -12408.0, -7304.0, -7725.0, -8807.0, -9977.0, -8145.0, -8259.0, -6470.0, -10273.0, -6786.0, -9559.0, -8870.0, -7884.0, -7706.0, -8767.0, -6733.0, -7533.0, -8410.0, -7567.0, -7750.0, -6304.0, -9219.0, -8530.0, -8478.0, -7086.0, -12463.0, -11701.0, -8779.0, -6275.0, -7747.0, -7146.0, -9808.0, -7028.0, -10360.0, -8105.0, -8445.0, -7043.0, -7941.0, -6538.0, -7115.0, -7893.0, -11895.0, -7695.0, -8048.0, -6717.0]
approx_errors = [1488.177204495576, 1115.0581540413802, 903.54995716948, 823.1872722374541, 685.0835431107101, 722.701017218897, 637.2123208580902, 580.1273496062221, 543.6907256525518, 555.0373046039771, 568.0459966636855, 480.5100490858774, 476.8457806622013, 439.7385674223677, 458.1808127060838, 450.06919396152017, 448.4530400209772, 410.12863682398, 418.878350443073, 414.6671256211107, 411.42269090429903, 400.91603024139937, 408.1362938815933, 407.0585117074392, 400.1334653802326, 405.1266603176252, 414.2338270633673, 392.29082079910705, 406.3485983206119, 400.99609853806083, 389.6471611902255, 398.09982459319116, 389.82794618947634, 391.67435807445145, 388.6658047092614, 384.9461926468592, 376.2492966299499, 387.8985055195696, 381.7838337043449, 382.3201211588121, 378.92942104164314, 373.51073782849653, 389.9597364079203, 380.71492738671054, 380.8668720273224, 383.0484479878148, 382.52739216207345, 369.9379228250077, 386.6256703687652, 373.9333941745196, 379.6318493107772, 377.0953345503413, 361.5550137004579, 386.1591219906756, 379.3074726545585, 384.5457908237176, 375.8773244313824, 377.3115800147518, 382.6660353658597, 380.0788742275524, 376.21594157316713, 395.94610821042875, 394.84237436412167, 395.5889696480926, 407.69647598012557, 381.9901046441141, 380.8115915262333, 375.80876347111166, 394.24526374069114, 393.96604378115427, 381.56093495292885, 387.74087250809544, 398.50762913486886, 402.7876414426203, 394.7139282084109, 393.71838925601355, 408.35422295924405, 407.44010438292156, 392.34895957752707, 402.65696294128173, 392.31993674731643, 419.4342287587153, 414.2787619822081, 402.1994027777653, 401.3095790042737, 413.2363541342317, 398.12742227342125, 427.9221107521576, 404.57095065795517, 423.66802174592885, 420.3976746018596, 421.4097752171944, 427.5939637264366, 415.8150511856276, 426.265041466867, 419.697586424617, 408.24482114206893, 426.4695528496807, 421.59983158268807, 417.54907481718686, 410.83243456619624, 412.4747235038927, 414.50956898610656, 425.67124744441935, 434.49562298538945, 433.49939256340673, 416.7448418906163, 426.26851263345617, 441.09748573961605, 427.8646990458233, 429.78253916249815, 440.3127246730328, 431.59363377756534, 443.3712987703439, 439.1446119694483, 433.32788689611795, 436.725182691722, 443.26019717865915, 436.2949891482426, 432.41552634869714, 439.88579149970275, 445.95258081070887, 440.53372561214616, 455.82441210070846, 429.6804585593168, 429.0649063133808, 425.34843349368003, 445.7361385587598, 444.2154416444126, 431.8002331038047, 442.32976098749094, 446.0292422812616, 431.05640770182043, 425.32711541814064, 426.6762920243071, 425.0785557263757, 436.77625316685095, 450.19951378943443, 419.0159416854513, 437.35992283828494, 445.13346081649814, 440.2687093860156, 436.72858232931975, 433.6500843328531, 430.53270679666224, 434.5336493431614, 429.59988948776163, 423.7598512213261, 428.64510138571904, 414.5328096149158, 419.9426674552945, 416.3299221761119, 421.94763779720233, 424.8106226007419, 409.1810424864606, 410.46179369197745, 412.0549831924486, 419.2365049002523, 425.2569273457707, 420.95713015442647, 412.66402878986446, 421.2359301483766, 393.9089354068132, 409.2052452016737, 408.0860992063435, 412.4139598181555, 413.70919330664043, 406.570779458838, 414.35533301208625, 393.187670542817, 404.88928125603644, 415.28184647530315, 415.70680589858847, 413.12204471214545, 418.9861629865606, 425.40007599087767, 411.35331773575444, 425.3457002291736, 417.73428926710085, 408.229722111267, 411.54183746304517, 413.30806578602915, 425.8457525113525, 422.97116360263567, 404.62618178410577, 412.67994820755416, 425.46772915771254, 424.92168591380806, 428.30827582958017, 423.15391670953926, 417.9562448867542, 412.6501582096799, 408.9765118810712, 404.697859141181, 409.5164683192411, 404.6887980608814, 414.22439449020015, 416.4598739581097, 417.8347402783549, 415.12539473876785]
