SLURM_JOBID=6651429
SLURM_JOB_NODELIST=cs-cpu-15
Submitted batch job 6651430
Submitted batch job 6651616
Submitted batch job 6651897
Submitted batch job 6652184
Submitted batch job 6652392
Submitted batch job 6652759
Submitted batch job 6652892
Submitted batch job 6653226
Submitted batch job 6653416
Submitted batch job 6653716
Submitted batch job 6653916
Submitted batch job 6654238
Submitted batch job 6654258
Submitted batch job 6654480
Submitted batch job 6654651
Submitted batch job 6654867
Submitted batch job 6655067
Submitted batch job 6655349
Submitted batch job 6655572
Submitted batch job 6655888
Submitted batch job 6656006
Submitted batch job 6656339
Submitted batch job 6656542
Submitted batch job 6656919
Submitted batch job 6657043
Submitted batch job 6657390
Submitted batch job 6657501
Submitted batch job 6657900
Submitted batch job 6658097
Submitted batch job 6658488
Submitted batch job 6658623
Submitted batch job 6658986
Submitted batch job 6659162
Submitted batch job 6659451
Submitted batch job 6659582
Submitted batch job 6659867
Submitted batch job 6659994
Submitted batch job 6660459
Submitted batch job 6660630
Submitted batch job 6660936
Submitted batch job 6661152
Submitted batch job 6661383
Submitted batch job 6661510
Submitted batch job 6661790
Submitted batch job 6661832
Submitted batch job 6662117
Submitted batch job 6662405
Submitted batch job 6662673
Submitted batch job 6662889
Submitted batch job 6663193
Submitted batch job 6663304
Submitted batch job 6663513
Submitted batch job 6663698
Submitted batch job 6664062
Submitted batch job 6664249
Submitted batch job 6664528
Submitted batch job 6664659
Submitted batch job 6665000
Submitted batch job 6665227
Submitted batch job 6665446
Submitted batch job 6665657
Submitted batch job 6665889
Submitted batch job 6666086
Submitted batch job 6666415
Submitted batch job 6666526
Submitted batch job 6666860
Submitted batch job 6667066
Submitted batch job 6667355
Submitted batch job 6667573
Submitted batch job 6667801
Submitted batch job 6668014
Submitted batch job 6668243
Submitted batch job 6668846
Submitted batch job 6669260
Submitted batch job 6669525
Submitted batch job 6669762
Submitted batch job 6669910
Submitted batch job 6670145
Submitted batch job 6670294
Submitted batch job 6670586
Submitted batch job 6670799
Submitted batch job 6671029
Submitted batch job 6671246
Submitted batch job 6671474
Submitted batch job 6671695
Submitted batch job 6671928
Submitted batch job 6672143
Submitted batch job 6672373
Submitted batch job 6672590
Submitted batch job 6672824
Submitted batch job 6673047
Submitted batch job 6673275
Submitted batch job 6673487
Submitted batch job 6673733
Submitted batch job 6673913
Submitted batch job 6674154
Submitted batch job 6674343
Submitted batch job 6674679
Submitted batch job 6674899
Submitted batch job 6675195
Submitted batch job 6675347
Submitted batch job 6675649
Submitted batch job 6675797
Submitted batch job 6676032
Submitted batch job 6676121
Submitted batch job 6676475
Submitted batch job 6676692
Submitted batch job 6676929
Submitted batch job 6677148
Submitted batch job 6677392
Submitted batch job 6677544
Submitted batch job 6677786
Submitted batch job 6678011
Submitted batch job 6678248
Submitted batch job 6678471
Submitted batch job 6678720
Submitted batch job 6678880
Submitted batch job 6679115
Submitted batch job 6679274
Submitted batch job 6679452
Submitted batch job 6679634
Submitted batch job 6679886
Submitted batch job 6680025
Submitted batch job 6680261
Submitted batch job 6680465
Submitted batch job 6680699
Submitted batch job 6680844
Submitted batch job 6681139
Submitted batch job 6681315
Submitted batch job 6681495
Submitted batch job 6681713
Submitted batch job 6681941
Submitted batch job 6682159
Submitted batch job 6682400
Submitted batch job 6682614
Submitted batch job 6682848
Submitted batch job 6683063
Submitted batch job 6683326
Submitted batch job 6683539
Submitted batch job 6683777
Submitted batch job 6683941
Submitted batch job 6684181
Submitted batch job 6684397
Submitted batch job 6684645
Submitted batch job 6684861
Submitted batch job 6685113
Submitted batch job 6685264
Submitted batch job 6685538
Submitted batch job 6685725
Submitted batch job 6686007
Submitted batch job 6686182
Submitted batch job 6686408
Submitted batch job 6686590
Submitted batch job 6686883
Submitted batch job 6686982
Submitted batch job 6687207
Submitted batch job 6687403
Submitted batch job 6687596
Submitted batch job 6687690
Submitted batch job 6688005
Submitted batch job 6688171
Submitted batch job 6688472
Submitted batch job 6688714
Submitted batch job 6688984
Submitted batch job 6689143
Submitted batch job 6689387
Submitted batch job 6689495
Submitted batch job 6689819
Submitted batch job 6690022
Submitted batch job 6690308
Submitted batch job 6690477
Submitted batch job 6690765
Submitted batch job 6690872
Submitted batch job 6691113
Submitted batch job 6691309
Submitted batch job 6691512
Submitted batch job 6691672
Submitted batch job 6691933
Submitted batch job 6692172
Submitted batch job 6692390
Submitted batch job 6692587
Submitted batch job 6692840
Submitted batch job 6693027
Submitted batch job 6693306
Submitted batch job 6693452
Submitted batch job 6693730
Submitted batch job 6693926
Submitted batch job 6694142
Submitted batch job 6694316
Submitted batch job 6694552
Submitted batch job 6694740
Submitted batch job 6694961
Submitted batch job 6695150
Submitted batch job 6695426
Submitted batch job 6695583
Submitted batch job 6695857
Submitted batch job 6696057
Submitted batch job 6696307
Submitted batch job 6696490
Submitted batch job 6696846
Submitted batch job 6696930
Submitted batch job 6697298
Submitted batch job 6697369
Submitted batch job 6697662
Submitted batch job 6697811
Submitted batch job 6698178
Submitted batch job 6698278
Submitted batch job 6698600
Submitted batch job 6698691
Submitted batch job 6699058
Submitted batch job 6699079
Submitted batch job 6699294
Submitted batch job 6699519
Submitted batch job 6699780
Submitted batch job 6699938
Submitted batch job 6700192
Submitted batch job 6700400
Submitted batch job 6700646
Submitted batch job 6700740
Submitted batch job 6700939
Submitted batch job 6701120
Submitted batch job 6701311
Submitted batch job 6701460
Submitted batch job 6701658
Submitted batch job 6701809
Submitted batch job 6702041
Submitted batch job 6702133
Submitted batch job 6702301
Submitted batch job 6702384
Submitted batch job 6702661
Submitted batch job 6702767
Submitted batch job 6703101
Submitted batch job 6703178
Submitted batch job 6703541
Submitted batch job 6703616
Submitted batch job 6703981
Submitted batch job 6704054
Submitted batch job 6704323
Submitted batch job 6704542
Submitted batch job 6704861
Submitted batch job 6704940
Submitted batch job 6705301
Submitted batch job 6705380
Submitted batch job 6705741
Submitted batch job 6705827
Submitted batch job 6706181
Submitted batch job 6706259
Submitted batch job 6706625
Submitted batch job 6706702
Submitted batch job 6707067
Submitted batch job 6707178
Submitted batch job 6707508
Submitted batch job 6707667
Submitted batch job 6707950
Submitted batch job 6708059
Submitted batch job 6708389
Submitted batch job 6708471
Submitted batch job 6708837
Submitted batch job 6708910
Submitted batch job 6709197
Submitted batch job 6709270
Submitted batch job 6709636
Submitted batch job 6709781
Submitted batch job 6710026
Submitted batch job 6710181
Submitted batch job 6710497
Submitted batch job 6710520
Submitted batch job 6710725
Submitted batch job 6710880
Submitted batch job 6711087
Submitted batch job 6711229
Submitted batch job 6711543
Submitted batch job 6711757
Submitted batch job 6712003
Submitted batch job 6712174
Submitted batch job 6712456
Submitted batch job 6712617
Submitted batch job 6712985
Submitted batch job 6713057
Submitted batch job 6713345
Submitted batch job 6713445
Submitted batch job 6713712
Submitted batch job 6713849
Submitted batch job 6714161
Submitted batch job 6714245
Submitted batch job 6714460
Submitted batch job 6714686
Submitted batch job 6714941
Submitted batch job 6715091
Submitted batch job 6715350
Submitted batch job 6715567
Submitted batch job 6715826
Submitted batch job 6715975
Submitted batch job 6716233
Submitted batch job 6716444
Submitted batch job 6716692
Submitted batch job 6716850
Submitted batch job 6717117
Submitted batch job 6717330
Submitted batch job 6717595
Submitted batch job 6717711
Submitted batch job 6717974
Submitted batch job 6718123
Submitted batch job 6718369
Submitted batch job 6718545
Submitted batch job 6718912
Submitted batch job 6719014
Submitted batch job 6719352
Submitted batch job 6719424
Submitted batch job 6719788
Submitted batch job 6719813
Submitted batch job 6720140
Submitted batch job 6720305
Submitted batch job 6720672
Submitted batch job 6720713
Submitted batch job 6721033
Submitted batch job 6721073
Submitted batch job 6721344
Submitted batch job 6721466
Submitted batch job 6721685
Submitted batch job 6721753
Submitted batch job 6721926
Submitted batch job 6722013
Submitted batch job 6722213
Submitted batch job 6722233
Submitted batch job 6722405
Submitted batch job 6722473
Submitted batch job 6722593
Submitted batch job 6722695
Submitted batch job 6722887
Submitted batch job 6722974
Submitted batch job 6723174
Submitted batch job 6723214
Submitted batch job 6723405
Submitted batch job 6723454
Submitted batch job 6723654
Submitted batch job 6723694
Submitted batch job 6723894
Submitted batch job 6723934
Submitted batch job 6724134
Submitted batch job 6724174
Submitted batch job 6724374
Submitted batch job 6724414
Submitted batch job 6724614
Submitted batch job 6724654
Submitted batch job 6724874
Submitted batch job 6724947
Submitted batch job 6725167
Submitted batch job 6725254
Submitted batch job 6725454
Submitted batch job 6725494
Submitted batch job 6725694
Submitted batch job 6725714
Submitted batch job 6725887
Submitted batch job 6725954
Submitted batch job 6726074
Submitted batch job 6726180
Submitted batch job 6726367
Submitted batch job 6726454
Submitted batch job 6726655
Submitted batch job 6726695
Submitted batch job 6726895
Submitted batch job 6726935
Submitted batch job 6727155
Submitted batch job 6727228
Submitted batch job 6727448
Submitted batch job 6727515
Submitted batch job 6727615
Submitted batch job 6727635
Submitted batch job 6727735
Submitted batch job 6727756
Submitted batch job 6727856
Submitted batch job 6727876
Submitted batch job 6727976
Submitted batch job 6727996
Submitted batch job 6728096
Submitted batch job 6728116
Submitted batch job 6728216
Submitted batch job 6728236
Submitted batch job 6728336
Submitted batch job 6728356
Submitted batch job 6728456
Submitted batch job 6728476
Submitted batch job 6728576
Submitted batch job 6728596
Submitted batch job 6728696
Submitted batch job 6728716
Submitted batch job 6728817
Submitted batch job 6728837
Submitted batch job 6728937
Submitted batch job 6728957
Submitted batch job 6729057
Submitted batch job 6729077
Submitted batch job 6729177
Submitted batch job 6729197
Submitted batch job 6729297
Submitted batch job 6729317
Submitted batch job 6729417
Submitted batch job 6729437
Submitted batch job 6729537
Submitted batch job 6729557
/sise/home/itaitz/EC-KitY/approx_statistics.py:121: UserWarning: Matplotlib is currently using agg, which is a non-GUI backend, so cannot show the figure.
  plt.show()
debug: random seed = 1685722419.9024832
[1.0, 1.0, 1.0, 1.0, 1.0, 1.0, 1.0, 1.0, 1.0, 0.0, 1.0, 1.0, 1.0, 1.0, 0.0, 1.0, 1.0, 1.0, 1.0, 1.0, 1.0, 1.0, 1.0, 1.0, 1.0, 1.0, 1.0, 1.0, 1.0, 1.0, 1.0, 1.0, 1.0, 1.0, 1.0, 0.0, 1.0, 1.0, 1.0, 1.0, 1.0, 0.0, 1.0, 1.0, 1.0, 1.0, 1.0, 1.0, 0.0, 0.0, 1.0, 1.0, 1.0, 1.0, 1.0, 1.0, 1.0, 0.0, 0.0, 1.0, 0.0, 1.0, 1.0, 1.0, 1.0, 1.0, 1.0, 1.0, 1.0, 1.0, 1.0, 1.0, 1.0, 0.0, 1.0, 1.0, 1.0, 1.0, 1.0, 0.0, 1.0, 1.0, 1.0, 1.0, 1.0, 1.0, 1.0, 0.0, 1.0, 1.0, 1.0, 1.0, 1.0, 1.0, 1.0, 1.0, 1.0, 0.0, 1.0, 1.0, 1.0, 1.0, 1.0, 1.0, 1.0, 1.0, 1.0, 1.0, 1.0, 0.0, 1.0, 1.0, 1.0, 1.0, 1.0, 1.0, 1.0, 0.0, 1.0, 1.0, 1.0, 1.0, 1.0, 0.0, 1.0, 1.0, 1.0, 0.0, 1.0, 1.0, 1.0, 1.0, 1.0, 1.0, 1.0, 1.0, 1.0, 1.0, 1.0, 1.0, 1.0, 1.0, 1.0, 1.0, 0.0, 1.0, 1.0, 1.0, 1.0, 1.0, 1.0, 1.0, 1.0, 1.0, 1.0, 1.0, 1.0, 1.0, 1.0, 1.0, 1.0, 0.0, 1.0, 1.0, 1.0, 1.0, 0.0, 1.0, 0.0, 1.0, 0.0, 1.0, 1.0, 1.0, 1.0, 1.0, 1.0, 1.0, 1.0, 1.0, 0.0, 0.0, 0.0, 1.0, 0.0, 1.0, 0.0, 1.0, 0.0, 1.0, 1.0, 1.0, 1.0, 1.0, 0.0, 1.0, 1.0, 1.0, 0.0, 1.0, 0.0, 1.0, 0.0, 1.0, 0.0, 1.0, 0.0, 1.0, 1.0, 1.0, 1.0, 1.0, 1.0, 1.0, 1.0, 1.0, 0.0, 1.0, 0.0, 1.0, 0.0, 1.0, 0.0, 1.0, 0.0, 1.0, 0.0, 1.0, 1.0, 1.0, 0.0, 1.0, 0.0, 0.0, 0.0, 0.0, 0.0, 1.0, 0.0, 1.0, 0.0, 1.0, 0.0, 1.0, 0.0, 0.0, 0.0, 1.0, 0.0, 0.0, 0.0, 1.0, 0.0, 0.0, 0.0, 0.0, 0.0, 0.0, 0.0, 0.0, 0.0, 0.0, 0.0, 0.0, 0.0, 0.0, 0.0, 0.0, 0.0, 1.0, 0.0, 0.0, 0.0, 0.0, 0.0, 0.0, 0.0, 0.0, 0.0, 0.0, 0.0, 0.0, 0.0, 0.0, 0.0, 0.0, 0.0, 0.0, 0.0, 0.0, 0.0, 0.0, 0.0, 0.0, 0.0, 0.0, 0.0, 0.0, 0.0, 0.0, 0.0, 0.0, 0.0, 0.0, 0.0, 0.0, 0.0, 0.0, 0.0, 0.0, 0.0, 0.0, 0.0, 0.0, 0.0, 0.0, 0.0, 0.0, 0.0, 0.0, 0.0, 0.0, 0.0, 0.0]
Approximations: 1.0
Total time: 3108.576024926
mean_approx_fitnesses = [-10082.05464811396, -9561.954129515483, -9669.275277136856, -9597.966689606437, -9805.937706580738, -9518.683530361397, -9021.43047505638, -8762.74159170083, -8603.977629897267, -8525.33610611032, -8455.44486610507, -8300.040873492755, -8285.252855055876, -7967.431176986622, -7770.476908535642, -7736.714479329401, -7101.447766638027, -7556.412002046735, -7864.103075289752, -7144.590876522311, -7755.454964507308, -7668.918054173194, -7596.344118840337, -7359.86932876004, -7244.039155242532, -7930.364757225936, -7307.247706456322, -7371.557239146511, -7360.116905687535, -7869.85713451842, -7421.848744425198, -6949.90043448121, -7548.823487409448, -8587.52186219152, -7331.704565255635, -7988.3077340239515, -7835.814520368273, -7935.320279341569, -7645.670568368371, -7969.781141345139, -7519.575264726068, -7629.677515960826, -8020.427111218114, -7286.972156708508, -7993.062504666585, -7388.694517382118, -7714.316335643483, -8201.845310903436, -7958.441456160357, -7267.798430296181, -7446.83085037533, -7211.177704664196, -7622.509342316571, -7092.627739640384, -7614.502880969001, -7632.7584210037185, -7702.090153844374, -7217.443659132517, -8089.220571689855, -8105.826559449141, -7488.199847677441, -7931.874382214176, -8522.741292635172, -7688.39247538026, -8032.347129560338, -7612.553828110491, -8018.502019975094, -7603.650401056855, -7664.206393184298, -7670.817613136446, -8485.577286404476, -8258.607505323456, -7899.783897199118, -7787.782288613261, -8130.018813255198, -7514.0882468580085, -8501.514786237218, -7876.512135872585, -7731.547044559755, -8646.619452229725, -7592.551144831322, -8100.932112744315, -7483.872716173882, -8105.217970716349, -7822.316300075456, -8625.957818318506, -8211.478620119882, -8017.67188196952, -7206.109429595439, -6781.715425832133, -7362.910568440841, -7058.087048679442, -7343.631030658525, -7066.483790158757, -7744.73600702301, -7437.164827958253, -7723.821028180354, -7992.481073665549, -7527.319265637502, -7749.270297873714, -7221.729749392998, -8013.77778777276, -7817.33330439076, -7332.096471272183, -7656.683429282478, -8147.347673179324, -7602.740589028571, -7414.305440274179, -7767.6948429055265, -7536.490736509536, -7581.912349588766, -8145.240448355137, -7871.672807616016, -7446.663071217536, -7328.524643409989, -7868.391513676146, -7159.702529765131, -6961.583972312627, -7728.390390565956, -7715.334004631349, -7329.30793947026, -7367.975012411102, -7315.389157709657, -7332.327659644192, -7073.815895807983, -7566.413743826185, -7679.767839984291, -7462.887633802119, -7343.587188333868, -7419.806621697631, -7561.86728006245, -8187.577705603545, -7662.52870189808, -7431.7631728430515, -7562.288403247425, -7110.096034756309, -7931.469820755932, -6827.316579140339, -6929.796787104127, -7081.139616088064, -8511.936993812395, -7250.334296918672, -7156.652338355085, -6943.2036689863335, -7525.437592638423, -7255.723175517308, -7437.6420501932225, -7565.823957216951, -7400.719962990866, -7529.465945017848, -7766.860145496506, -7281.654625447609, -7532.813261376503, -7180.616432852873, -7482.971714014751, -7511.6950475824415, -7462.793348459856, -7174.534957426913, -6927.78416080838, -7540.411636462452, -7525.766559940475, -7428.527400227578, -6962.525960763828, -6505.043497649083, -6964.506714233123, -7261.087211538575, -7035.686580242535, -6930.793127706603, -7144.017066094894, -6700.312208431153, -7403.155708180552, -7789.499345211887, -7179.69047508069, -6789.285956287142, -7403.44928404605, -7237.150353550404, -7276.477990561863, -6958.250111268538, -7624.526965149415, -7155.171085941248, -7083.7454028307875, -6953.948349215733, -7438.562846779968, -7070.129954999794, -7077.7823939274585, -7242.058613858127, -6833.077074816896, -7854.372766444774, -7250.100767660253, -7731.1000983603135, -6897.3993653434745, -7017.342876235529, -7464.597521352079, -7339.37243111287, -7904.480040109271, -7837.996964134737, -7811.760921658428, -7700.692670456143, -7424.562867148859, -7519.276427009076]
median_approx_fitnesses = [-10035.02859670625, -9499.899413257612, -9112.719246593817, -8742.447925134977, -8725.911646051103, -8229.922629441578, -8193.871190849577, -7439.583922016214, -7241.598808051205, -7211.163336459827, -7000.742309458463, -6295.949979848096, -6468.112692163797, -6274.507999156725, -6097.9070213714585, -6053.513266212969, -5809.614039632263, -5854.168845334316, -5861.33069187941, -5687.0114385876295, -5723.004428865997, -5991.539262581642, -5702.936799915962, -5695.906392704521, -5686.090297668619, -5677.57692459209, -5786.054221112861, -5745.515326190625, -5697.163213386601, -5663.344475570677, -5690.8933558540375, -5646.070396698867, -5668.488006195608, -5661.555438840614, -5562.345201132242, -6080.80768970085, -5616.757864983894, -5643.514148759277, -5777.557244623518, -5714.808856096724, -5788.839238433815, -5846.978143261282, -5579.619931648247, -5789.810139897425, -5765.3362316017265, -5685.457262988041, -5703.604283816116, -5813.542789795155, -5686.088485986705, -5708.2771597280025, -5670.204212416898, -5720.875767310625, -5705.543114599135, -5720.418103978851, -5714.2708474711, -5822.975156176082, -5677.8160806453, -5706.905659707752, -5658.4607698327345, -5683.401955078467, -5722.397319929123, -6148.670259178809, -5847.045393089606, -5754.178693348507, -5603.818728954071, -5720.55585538338, -5795.433983877239, -5783.314629370003, -5807.8717993804075, -5841.06958816601, -5835.6156006343645, -5766.157738615901, -5684.757077424154, -5627.514669357679, -5811.029828174715, -5807.864311593517, -5763.876741446853, -5742.211381597115, -5800.381618422754, -5749.119901537484, -5826.98798682061, -5765.249639328107, -5767.816550859618, -5730.537618143129, -5777.624124665719, -5805.850117888014, -5693.831125070228, -5719.828219272806, -5663.439964825637, -5702.092752875478, -5420.914620223222, -5545.600810929916, -5621.952120326559, -5561.044529564122, -5715.553427626288, -5586.486894714211, -5681.718820511589, -5713.125792721987, -5782.200594044261, -5787.679274610493, -5709.161389370893, -5620.5672312533825, -5692.283582222093, -5691.647648560534, -5754.947382739225, -5807.359246445167, -5853.3061975210985, -5655.336194627047, -5771.205569235519, -5771.790261016053, -5670.904227585246, -5703.3129427347685, -5680.313970655312, -5705.384121863817, -5628.88466502948, -5581.195528889637, -5722.728500803827, -5621.767412596519, -5706.05789974819, -5612.366745198713, -5564.663425211303, -5573.244112282247, -5421.678635808027, -5448.2437143239895, -5447.013747318821, -5460.590244535375, -5542.924455079574, -5493.7782292623815, -5478.487775936026, -5426.317875356939, -5515.001063552454, -5501.514172455414, -5497.901531809659, -5310.508285708755, -5354.352900757123, -5299.487388774589, -5348.747665494124, -5355.800826867438, -5298.756924843228, -5378.2961317033605, -5422.726562996881, -5328.112817524579, -5368.243246505825, -5389.922725644346, -5589.129320375807, -5489.554597955726, -5476.177743362576, -5515.734452944189, -5499.300108189967, -5466.963657065793, -5456.932096116161, -5342.461611281875, -5346.947716054781, -5261.553924920974, -5306.73007469854, -5266.662069022834, -5353.169256499541, -5318.470550788543, -5304.449749915577, -5266.11416237933, -5366.821644395681, -5351.417858815901, -5317.7720952815835, -5354.208553371518, -5367.248482587984, -5412.169033238799, -5378.721909674052, -5359.116872607694, -5406.177246874982, -5364.932869312601, -5354.423158951229, -5361.037723665144, -5356.4399856201035, -5360.698582960838, -5323.232425003449, -5344.08903681958, -5372.427004312442, -5395.320119309461, -5432.922729074397, -5413.355148078363, -5420.673484852823, -5423.865699912245, -5440.547757554046, -5384.083441864779, -5384.027704066431, -5401.7013752352905, -5379.427552819425, -5368.386789905238, -5399.909637656045, -5412.905037890812, -5445.636135771036, -5457.779354008791, -5438.986065091132, -5430.0080240578445, -5372.821634704727, -5363.298687455692, -5408.863709974474, -5417.469029893566, -5384.878365568866, -5430.472767283893]
max_approx_fitnesses = [-6837.046182462393, -6585.110978411823, -5197.428822535921, -4524.7811002666895, -5784.968266638243, -5846.567622210587, -5669.999519206485, -5977.7462910401155, -5236.545262970052, -5522.61773165434, -5020.91135600473, -4441.120819433821, -5322.678449084862, -5241.9582920176035, -5143.334267872098, -5029.964052499647, -5062.652171106078, -5176.635353813941, -4532.560504194578, -5168.146590872326, -5234.592409587873, -4828.815963205354, -4727.237739088636, -4455.878250288533, -5259.495606432913, -4774.954872005579, -5419.805318190476, -5180.650925658158, -4861.546960745527, -5338.94523432849, -5178.236907749129, -4621.652795700473, -5258.624764097576, -5237.162758283286, -4444.727713494745, -4675.518260347748, -5176.999891064717, -5158.894879286325, -4829.293594193185, -5132.023669633276, -5370.52202775556, -5099.1247021293875, -5321.036411590503, -5548.351666946972, -5550.005905922173, -5410.896272874852, -5639.209087605079, -5570.865937107597, -5634.205849984652, -5582.230841330847, -5598.561150298023, -5677.443920139545, -5661.880239058304, -5673.985380271457, -5685.419410048724, -5822.97515617608, -5677.816080645298, -4793.840013335357, -5305.343570796389, -5210.805407870659, -5310.2743338291475, -5627.341644534299, -5214.269887230788, -5174.001109154917, -5379.820816850744, -5465.648993096196, -5618.1920571347055, -5528.098164462879, -5602.635215700995, -5608.940069959564, -5738.485173915529, -5655.996967021336, -5627.804120319832, -5568.121784197445, -5811.029828174713, -5805.0741482234225, -5763.876741446853, -5742.211381597115, -5800.381618422754, -5749.1199015374805, -5826.98798682061, -5765.249639328107, -5767.816550859618, -5730.5376181431275, -5777.624124665714, -5761.687699194466, -5455.404923903114, -5448.505680191778, -5331.064974019551, -5504.289549654328, -5420.914620223222, -5545.600810929916, -5621.952120326559, -5561.044529564122, -5715.553427626286, -5586.486894714211, -5472.737210967687, -5454.327568580717, -5487.505526572186, -5518.8695425807, -5474.1079714306925, -5620.567231253379, -5692.283582222093, -5691.647648560533, -5754.947382739223, -5807.359246445165, -5853.306197521097, -5655.336194627047, -5771.205569235512, -5771.790261016053, -5670.904227585243, -5703.312942734765, -5477.607579404948, -5475.724544467323, -5338.381076966958, -5253.534195957913, -5621.310943486045, -5517.254403796471, -5476.421658437814, -5426.001864879738, -5423.574192628628, -5555.250100892123, -5421.678635808026, -5441.643938938665, -5441.256187792364, -5452.076527289439, -5477.3847001660015, -5320.46716140733, -5254.783917021998, -5172.643401170091, -5244.746545319724, -5275.652374839707, -5393.024983290246, -5310.508285708755, -5354.352900757123, -5299.487388774589, -5348.747665494124, -5327.199449615862, -5298.756924843226, -5378.296131703357, -5422.726562996879, -5259.188897544604, -5300.812943476914, -5186.843835498663, -5264.7860205595425, -5433.051648493689, -5448.416568937477, -5451.756192304218, -5401.972057229934, -5413.091180321857, -5360.247220003343, -5289.30184480818, -5344.149198788242, -5249.380309201537, -5290.381534510318, -5236.138590236102, -5338.456723831669, -5291.245130680252, -5298.455089865265, -5236.656595893433, -5347.392904741575, -5327.713366671198, -5317.7720952815835, -5354.208553371518, -5367.248482587984, -5412.169033238799, -5378.721909674052, -5359.1168726076885, -5406.177246874982, -5364.932869312595, -5354.423158951229, -5361.037723665144, -5356.4399856201035, -5360.698582960838, -5323.232425003445, -5344.08903681958, -5372.427004312442, -5331.294563274218, -5372.754222303365, -5361.5943132434695, -5391.212960908873, -5423.865699912245, -5440.547757554046, -5384.0834418647755, -5384.02770406643, -5401.7013752352905, -5379.427552819425, -5368.386789905238, -5399.909637656041, -5412.9050378908105, -5445.636135771034, -5457.779354008784, -5438.986065091125, -5430.0080240578445, -5372.821634704727, -5363.298687455692, -5408.863709974474, -5417.469029893566, -5384.878365568866, -5430.472767283893]
min_approx_fitnesses = [-12462.560043473046, -12825.409640424936, -14994.325647250123, -21039.476138704493, -18500.978700542197, -17387.235562608144, -18553.353571969164, -19018.046114835834, -19015.32815289864, -17130.557706522093, -20319.361153312566, -23959.300325933655, -17569.297475304284, -17400.340178211965, -17297.569230136018, -21388.794022814076, -19175.991551989267, -18418.198082763385, -19057.71343296086, -19376.43844635306, -17410.491592405226, -21505.746616844917, -20152.720299966408, -18884.88056444264, -21009.5989009818, -22687.08280973685, -19104.54201911307, -15112.107766568768, -21795.0301605485, -22258.53194421472, -22832.82490861748, -17452.30290551328, -20884.088801693662, -22372.1544016174, -19670.34356529767, -19549.83953430532, -21794.934871402926, -23024.150427922643, -21227.180852261175, -19632.57586916403, -21941.989180068318, -17784.982517747845, -22557.153210363613, -18084.910385266005, -23676.323903514087, -17792.413980483016, -20415.31086403044, -21041.66351514342, -23031.64809573127, -20373.291195552938, -16768.860764696467, -17227.58508230192, -19819.873966058847, -19550.69249074476, -17184.115138832025, -24071.486228792986, -20211.287577975607, -20105.992334641032, -20256.915396154724, -24095.85456554433, -18538.246771178256, -24801.21892813735, -23136.908041549686, -21149.341257500328, -24181.624487231795, -21769.82005048266, -21887.290957694906, -19280.590325372108, -18640.897128906043, -20317.158942459042, -22492.844403621162, -18510.621294482175, -25066.922299942893, -19926.16515329608, -19842.497531497436, -19466.74627783855, -24359.188204362974, -21982.274417137924, -18632.890478394656, -19377.844985995325, -19698.44329781366, -20892.45405736421, -17880.246686703427, -21598.62684352004, -18279.47697213027, -22992.195926283348, -20223.20138390139, -19387.283587767255, -18209.554414198337, -14553.17438999232, -19726.55579007738, -17316.86983462628, -19203.584256879123, -23630.745982378714, -19993.530101255896, -18032.469235074208, -17672.376993803897, -22406.49652208507, -18788.365717536515, -19451.82589832154, -21251.005172063735, -19800.287341359533, -22732.418860818972, -18985.658596970232, -17239.320598092527, -22160.829377426686, -18824.219947028578, -18015.506131134276, -19312.741393066288, -21240.25105026284, -21776.488873429455, -18989.368359048236, -19826.729237480886, -22762.815221891426, -22754.931350034043, -20453.164984893076, -17088.584835917056, -15039.47262180904, -21329.183005934374, -19357.713886666355, -19684.61654633802, -17454.87666289886, -23470.035781505263, -19288.964111630485, -17536.39451554966, -22192.631688564798, -21880.94916036257, -18874.70228130458, -19706.39195606985, -19241.642829778753, -22323.921779421624, -19947.409577345214, -18599.50127247466, -20510.505586789488, -19471.55675410401, -21191.709230376197, -25504.881339832766, -18325.69258810337, -19434.60119008399, -21426.104944375627, -25456.41834481913, -22256.582641192435, -15285.28481222149, -22577.261781494068, -21180.787051741972, -21577.277618924105, -21097.18663883691, -18772.016295139692, -18552.485326985516, -20558.340221223003, -20440.4480403616, -18697.001967638404, -20602.23673177544, -20143.136527091938, -17914.76945101145, -16743.48406127523, -25463.938505526232, -20938.967633319855, -24214.753035502952, -19611.629790627187, -22019.8744209613, -20085.335561227887, -17827.263754409007, -19726.98608288292, -18948.456668273648, -20460.32533509031, -20249.115632057186, -24204.420376460803, -18395.340011950128, -15129.059793627484, -21363.19488234597, -25017.957470331847, -18687.381074771947, -20381.941930645546, -17680.482953518753, -16831.933319823915, -16489.070443637796, -22023.873584498473, -18360.357567210056, -17102.84262792191, -21211.220603190457, -18646.40283609684, -18229.92097096074, -18026.017565147737, -19643.958790912144, -16632.98617976374, -18833.251426878596, -19856.28886589696, -20552.842386036973, -17796.822492613308, -20565.454292653314, -19404.60533918499, -17298.252982462178, -20913.872516635594, -18732.99702426101, -23976.00641425301, -20915.791831155686, -21117.10049350963, -17359.616260606646, -19113.601836789134]
mean_fitnesses = [-9974.19, -9014.27, -8004.89, -7645.3, -7311.39, -7281.62, -6997.59, -7045.97, -6767.95, -6488.28, -6430.84, -6150.26, -6095.66, -5786.96, -5778.75, -5914.99, -5812.68, -5715.24, -5664.56, -5592.26, -5659.74, -5744.17, -5646.28, -5579.99, -5497.87, -5590.93, -5469.89, -5367.76, -5464.58, -5335.98, -5304.88, -5342.38, -5334.24, -5195.33, -5388.78, -5316.21, -5354.49, -5236.45, -5269.2, -5238.28, -5178.95, -5273.38, -5157.76, -5190.62, -5080.42, -5143.47, -5207.79, -5188.84, -4991.81, -5017.97, -5053.87, -5063.62, -4983.96, -4995.11, -5096.46, -5006.46, -5105.04, -5104.93, -4980.94, -5111.66, -4950.32, -4998.24, -4957.72, -4989.83, -5091.06, -5128.59, -4986.85, -4934.11, -5086.03, -5044.99, -5008.09, -4942.39, -5008.78, -4936.26, -5100.13, -5079.77, -4936.93, -4897.79, -5039.73, -4856.53, -4868.48, -4841.78, -4924.69, -4928.99, -4909.98, -5020.16, -4925.18, -4897.86, -4862.46, -4878.55, -4969.23, -4980.97, -5038.87, -5039.74, -4956.05, -5084.84, -5112.06, -4891.67, -5020.98, -4902.22, -4970.82, -4969.67, -4844.09, -4944.4, -5046.09, -5070.97, -4895.08, -4989.19, -4951.97, -4874.04, -4933.45, -5007.67, -4976.42, -4953.18, -4947.71, -4858.44, -5000.72, -5022.67, -4916.43, -5038.64, -4980.27, -4925.99, -4875.05, -5023.47, -5015.11, -4955.79, -4990.6, -4936.61, -4864.92, -5017.64, -4967.56, -5054.6, -5013.96, -4967.2, -4854.61, -5025.88, -4807.86, -4906.13, -4951.38, -4968.91, -4978.48, -5015.77, -4951.72, -4940.22, -4793.16, -5055.0, -5000.31, -4914.15, -4950.31, -4974.68, -4922.44, -4945.85, -4946.79, -5006.83, -4967.45, -4815.75, -4983.33, -4864.03, -4912.71, -4936.52, -4887.83, -4856.38, -4848.3, -4814.0, -4958.53, -4962.45, -4800.2, -4886.44, -4777.76, -4804.57, -4801.98, -4847.54, -4832.64, -4824.51, -4825.92, -4719.3, -4867.18, -4826.75, -4809.38, -4992.74, -4879.71, -4767.26, -4996.17, -4847.76, -4734.32, -4857.86, -4796.24, -4940.83, -4850.98, -4740.34, -4818.74, -4792.95, -4885.62, -4766.53, -4863.46, -4780.6, -4758.74, -4867.63, -4920.92, -4897.09]
median_fitnesses = [-9856.0, -9036.5, -7963.0, -7435.0, -7163.5, -7100.0, -6986.0, -6786.0, -6715.0, -6490.0, -6182.5, -6099.0, -5973.0, -5738.5, -5666.5, -5714.5, -5657.5, -5606.5, -5638.0, -5538.0, -5553.0, -5505.5, -5450.0, -5485.0, -5421.0, -5498.0, -5384.5, -5319.5, -5313.0, -5154.0, -5222.5, -5174.5, -5204.5, -5140.5, -5195.5, -5229.5, -5147.5, -5140.5, -5104.0, -5031.0, -5068.5, -5171.5, -5096.5, -5004.5, -5005.0, -5001.5, -4984.5, -4967.0, -4881.5, -4931.5, -4897.5, -4883.0, -4881.5, -4861.5, -5011.0, -4918.0, -4871.5, -4947.5, -4931.0, -4970.5, -4850.5, -4889.5, -4956.0, -4819.5, -4903.0, -4976.5, -4883.0, -4904.5, -4961.0, -4897.5, -4938.5, -4859.0, -4886.0, -4875.0, -4928.5, -4851.5, -4868.5, -4821.0, -4834.0, -4796.0, -4772.0, -4756.0, -4780.5, -4843.5, -4763.5, -4864.5, -4803.5, -4817.5, -4774.5, -4772.5, -4829.0, -4958.5, -4760.0, -4877.0, -4800.5, -4943.0, -4937.0, -4837.0, -4875.5, -4846.5, -4870.5, -4858.5, -4819.0, -4843.5, -4859.0, -4891.0, -4836.0, -4867.0, -4806.5, -4810.5, -4836.5, -4826.5, -4813.5, -4864.0, -4847.0, -4783.0, -4775.5, -4857.5, -4861.0, -4844.5, -4817.0, -4852.5, -4774.5, -4806.5, -4906.0, -4867.0, -4878.0, -4779.0, -4840.5, -4869.0, -4812.5, -4810.5, -4852.5, -4817.5, -4774.0, -4832.5, -4698.5, -4803.0, -4790.0, -4802.0, -4808.0, -4798.0, -4816.0, -4686.5, -4748.0, -4866.0, -4844.5, -4776.0, -4864.5, -4830.5, -4723.5, -4829.0, -4899.5, -4754.0, -4768.0, -4778.0, -4801.0, -4804.0, -4826.5, -4830.5, -4780.0, -4728.5, -4759.0, -4683.5, -4846.5, -4893.0, -4727.5, -4830.5, -4727.0, -4752.5, -4749.5, -4714.5, -4751.5, -4663.0, -4653.0, -4709.5, -4689.5, -4744.5, -4709.5, -4817.5, -4697.0, -4672.0, -4812.0, -4644.0, -4741.5, -4693.0, -4708.0, -4743.0, -4761.5, -4678.0, -4717.0, -4745.5, -4762.5, -4651.5, -4702.0, -4657.5, -4678.5, -4737.5, -4845.0, -4713.5]
max_fitnesses = [-6669.0, -6567.0, -6508.0, -6382.0, -6247.0, -6261.0, -5638.0, -5973.0, -5464.0, -5018.0, -5031.0, -4978.0, -4768.0, -4813.0, -4938.0, -4723.0, -4955.0, -4728.0, -4603.0, -4864.0, -4729.0, -4650.0, -4641.0, -4434.0, -4813.0, -4214.0, -4680.0, -4401.0, -4342.0, -4408.0, -4416.0, -4199.0, -4260.0, -4245.0, -4291.0, -4390.0, -4251.0, -4436.0, -4255.0, -4358.0, -4059.0, -4194.0, -4247.0, -4107.0, -4296.0, -4025.0, -4155.0, -4195.0, -4218.0, -4077.0, -4072.0, -4061.0, -4126.0, -4258.0, -4078.0, -3956.0, -4184.0, -4021.0, -3910.0, -4050.0, -4149.0, -4149.0, -4064.0, -4236.0, -4274.0, -4143.0, -3978.0, -3628.0, -3992.0, -4113.0, -4138.0, -4022.0, -4249.0, -4083.0, -3998.0, -4193.0, -4167.0, -3986.0, -4094.0, -4066.0, -4154.0, -3818.0, -3987.0, -4113.0, -4143.0, -3883.0, -4125.0, -3892.0, -4002.0, -4052.0, -3992.0, -4042.0, -4079.0, -3790.0, -4126.0, -4054.0, -3965.0, -3990.0, -3941.0, -4160.0, -3979.0, -4064.0, -4121.0, -4081.0, -4064.0, -4107.0, -3968.0, -3692.0, -3932.0, -3973.0, -4004.0, -4140.0, -3979.0, -3920.0, -3876.0, -3972.0, -3858.0, -3812.0, -4013.0, -4117.0, -4010.0, -4119.0, -3957.0, -3918.0, -3952.0, -3964.0, -4057.0, -4005.0, -4049.0, -3985.0, -3972.0, -4187.0, -3934.0, -4060.0, -3837.0, -4135.0, -3847.0, -3987.0, -3967.0, -4059.0, -4045.0, -3878.0, -3854.0, -3977.0, -3999.0, -3838.0, -3802.0, -4069.0, -4138.0, -4196.0, -4101.0, -3718.0, -3946.0, -3834.0, -3923.0, -4041.0, -3981.0, -3984.0, -4210.0, -4017.0, -3896.0, -3900.0, -3911.0, -3841.0, -3972.0, -4047.0, -3593.0, -3844.0, -3932.0, -3855.0, -3478.0, -3864.0, -3815.0, -3909.0, -3889.0, -3514.0, -3968.0, -3979.0, -3955.0, -4091.0, -3760.0, -3610.0, -3921.0, -3626.0, -3823.0, -3998.0, -3848.0, -3896.0, -3972.0, -3689.0, -3592.0, -3965.0, -3954.0, -3898.0, -3787.0, -3900.0, -3751.0, -3628.0, -3851.0, -3824.0]
min_fitnesses = [-15435.0, -13394.0, -10062.0, -15353.0, -12181.0, -14559.0, -13456.0, -14477.0, -9471.0, -8948.0, -13667.0, -8743.0, -9112.0, -7832.0, -9550.0, -9869.0, -9308.0, -13559.0, -7523.0, -7715.0, -8746.0, -12787.0, -13874.0, -9813.0, -8660.0, -7921.0, -8875.0, -7309.0, -7941.0, -8606.0, -6705.0, -10775.0, -8754.0, -8041.0, -12857.0, -6913.0, -13057.0, -7421.0, -9585.0, -8351.0, -8432.0, -7240.0, -9737.0, -13013.0, -6964.0, -12501.0, -8019.0, -12381.0, -7069.0, -7111.0, -8699.0, -8894.0, -6712.0, -7479.0, -9127.0, -7178.0, -12397.0, -8615.0, -7198.0, -8423.0, -6726.0, -7098.0, -6672.0, -8562.0, -12295.0, -9659.0, -6796.0, -6828.0, -7950.0, -7819.0, -7844.0, -6762.0, -7488.0, -6435.0, -8375.0, -9958.0, -7425.0, -6604.0, -12699.0, -7308.0, -7186.0, -7174.0, -8005.0, -6968.0, -7339.0, -12031.0, -7223.0, -8486.0, -6662.0, -6929.0, -7332.0, -7269.0, -12136.0, -11994.0, -9227.0, -9530.0, -10304.0, -7513.0, -7618.0, -8321.0, -8467.0, -9181.0, -5797.0, -6883.0, -12842.0, -9524.0, -7675.0, -11989.0, -12712.0, -8296.0, -8210.0, -7766.0, -7640.0, -7165.0, -8185.0, -7267.0, -12245.0, -9544.0, -8171.0, -12571.0, -12608.0, -6612.0, -7780.0, -9112.0, -10035.0, -8169.0, -8105.0, -11639.0, -8125.0, -7979.0, -7142.0, -12384.0, -12302.0, -8848.0, -7201.0, -11805.0, -9565.0, -7283.0, -7915.0, -8759.0, -7955.0, -12409.0, -7404.0, -12667.0, -6455.0, -9498.0, -8105.0, -8854.0, -8017.0, -8983.0, -9236.0, -7506.0, -7325.0, -12404.0, -7709.0, -6715.0, -9441.0, -9123.0, -6776.0, -8545.0, -8295.0, -7199.0, -6587.0, -6944.0, -8888.0, -7304.0, -7191.0, -9557.0, -6614.0, -6926.0, -9010.0, -7276.0, -7027.0, -8137.0, -12428.0, -6782.0, -7723.0, -9037.0, -7135.0, -8256.0, -9785.0, -6239.0, -10101.0, -9501.0, -5561.0, -12751.0, -6930.0, -12724.0, -8299.0, -6255.0, -7102.0, -7751.0, -8024.0, -7191.0, -7453.0, -7190.0, -6295.0, -12136.0, -7657.0, -10702.0]
approx_errors = [2001.556266446761, 1861.3979394110866, 1796.4493609065123, 1751.883027083358, 1595.6797327274498, 1481.3314465615865, 1507.1025003507887, 1513.287776353742, 1402.4925666302795, 1355.8399929252766, 1250.4525806803258, 1259.3827734271483, 1321.5139635055311, 1317.7947875965501, 1243.830886649387, 1274.3458766625004, 1138.947026479007, 1247.225631387312, 1342.8967514284855, 1265.4158354326999, 1361.7766549030046, 1242.5721911746243, 1164.6111467527605, 1283.3617768495446, 1069.6562500576936, 1205.7490025622153, 1012.083471852844, 1030.8327127590328, 1048.6645347571512, 1100.7141436385573, 1084.7550403949795, 992.098917921976, 979.9650366327013, 1045.7544029419257, 1106.8852750642873, 1103.111314002361, 1081.8784999895033, 1102.469409393377, 1009.9856182518046, 1041.3279690758457, 1041.332984447778, 950.6601422250031, 1108.2748972800225, 1010.4878494065766, 1035.0074051325562, 1027.8784944940219, 903.7818059225093, 1009.1515964776175, 958.4938395005711, 923.0391384408437, 897.3702789961853, 921.5926672558007, 915.6458522987358, 851.4136945904407, 827.2174519436503, 897.1541713374558, 924.8862841433506, 863.8003333080528, 891.6600599624513, 891.2348144254642, 859.8185092975376, 849.3604618387914, 847.1047926528712, 752.2552252681709, 809.4100163258832, 863.9763238929723, 815.7802801002763, 765.0974848895053, 774.6423315163547, 759.7570362582707, 700.1683803860022, 720.8737940247261, 738.8190744361758, 659.1054606217585, 690.6695126440186, 655.5580641551184, 646.2056096100065, 668.9870855057139, 669.342975128518, 673.7181664387185, 580.6980942507143, 670.0726410713088, 636.3040033985153, 620.9144683312085, 628.2571021221285, 640.0957543287724, 638.6823993594147, 616.0334615551938, 625.1793091399095, 578.7552795894612, 606.5736445207165, 620.9459359316683, 588.2263034469721, 590.6336875877633, 572.6773405958493, 591.2757062373959, 582.7481479885923, 609.0872858980332, 586.194920044478, 555.6033930888294, 550.0988595693344, 586.0928050788157, 614.9505578922959, 600.1220897848855, 577.5399169552209, 586.1339820082522, 595.7169632985751, 571.9127450333003, 565.4766741589518, 580.975797039163, 538.5964246139666, 575.2320194347639, 586.8305964651468, 587.9818633577252, 572.594757023765, 587.5745109165512, 563.511524449168, 614.3302053566316, 590.4007332964402, 579.7113590403064, 601.7444171866547, 548.6868955231588, 558.4475554463044, 568.9332447747418, 571.3238438336625, 560.2371975760518, 555.8304041369693, 565.551305880122, 593.725605711898, 540.6224045327962, 549.4868081695678, 547.2350376717471, 542.4920571421771, 565.3354356849753, 534.1603043591502, 550.0527336454429, 549.0279047484918, 534.8933762977712, 545.5879543676691, 520.2921526893871, 534.8410913828208, 525.0915274104192, 520.0929757311483, 543.4321345636973, 523.259031598146, 534.52416054581, 505.75407403050696, 525.7861400118093, 533.7116593542078, 505.0280579827027, 524.316750115635, 531.807320224963, 487.98928223694406, 476.25187308918834, 511.3016122554605, 490.3824244753444, 512.6010349460684, 500.412032609941, 495.8410858388988, 517.5316544404653, 519.2231492884443, 519.1467459468039, 502.57005394444536, 492.6250035920112, 491.4074293569852, 498.6593039864869, 522.0399548387577, 520.0010008199894, 496.8192187456425, 488.46701065401095, 496.45435446910375, 491.1951977887318, 484.35493296607757, 483.64421229128544, 471.94255892662267, 472.85358166209943, 478.3706891720585, 481.5295050025855, 488.377412702513, 495.3682763283999, 473.2573761209985, 489.86749381487635, 478.0906775287602, 486.44982938571184, 492.7881288841211, 488.2102227724484, 469.44628008010994, 484.7832710508788, 489.15524953467394, 486.1492114898019, 470.91698904130106, 475.5982326311521, 456.5058695953366, 457.52508154750404, 459.3656038182287, 462.88495336898444, 468.58294231045494, 457.01760215024666, 452.43381991693315, 464.6595252397892]
