SLURM_JOBID=6753248
SLURM_JOB_NODELIST=ise-cpu-11
Submitted batch job 6753782
Submitted batch job 6753945
Submitted batch job 6754266
Submitted batch job 6754573
Submitted batch job 6754842
Submitted batch job 6755078
Submitted batch job 6755322
Submitted batch job 6755566
Submitted batch job 6755803
Submitted batch job 6756156
Submitted batch job 6756357
Submitted batch job 6756763
Submitted batch job 6757087
Submitted batch job 6757305
Submitted batch job 6757636
Submitted batch job 6757932
Submitted batch job 6758195
Submitted batch job 6758453
Submitted batch job 6758792
Submitted batch job 6759078
Submitted batch job 6759341
Submitted batch job 6759572
Submitted batch job 6759755
Submitted batch job 6760143
Submitted batch job 6760324
Submitted batch job 6760769
Submitted batch job 6760878
Submitted batch job 6761158
Submitted batch job 6761328
Submitted batch job 6761607
Submitted batch job 6761741
Submitted batch job 6761969
Submitted batch job 6762100
Submitted batch job 6762388
Submitted batch job 6762592
Submitted batch job 6762775
Submitted batch job 6762991
Submitted batch job 6763125
Submitted batch job 6763464
Submitted batch job 6763604
Submitted batch job 6763735
Submitted batch job 6763868
Submitted batch job 6763996
Submitted batch job 6764159
Submitted batch job 6764195
Submitted batch job 6764518
Submitted batch job 6764574
Submitted batch job 6764756
Submitted batch job 6764826
Submitted batch job 6765028
Submitted batch job 6765060
Submitted batch job 6765185
Submitted batch job 6765332
Submitted batch job 6765581
Submitted batch job 6765711
Submitted batch job 6765914
Submitted batch job 6765964
Submitted batch job 6766272
Submitted batch job 6766344
Submitted batch job 6766573
Submitted batch job 6766664
Submitted batch job 6766854
Submitted batch job 6767045
Submitted batch job 6767330
Submitted batch job 6767425
Submitted batch job 6767675
Submitted batch job 6768044
Submitted batch job 6768296
Submitted batch job 6768538
Submitted batch job 6768934
Submitted batch job 6769152
Submitted batch job 6769423
Submitted batch job 6769630
Submitted batch job 6769898
Submitted batch job 6770141
Submitted batch job 6770405
Submitted batch job 6770604
Submitted batch job 6770806
Submitted batch job 6771003
Submitted batch job 6771290
Submitted batch job 6771568
Submitted batch job 6771869
Submitted batch job 6772056
Submitted batch job 6772285
Submitted batch job 6772510
Submitted batch job 6772753
Submitted batch job 6772907
Submitted batch job 6773244
Submitted batch job 6773456
Submitted batch job 6773745
Submitted batch job 6773929
Submitted batch job 6774194
Submitted batch job 6774930
Submitted batch job 6776042
Submitted batch job 6776472
Submitted batch job 6776932
Submitted batch job 6777092
Submitted batch job 6777706
Submitted batch job 6778148
Submitted batch job 6779179
Submitted batch job 6779674
Submitted batch job 6780223
Submitted batch job 6780387
Submitted batch job 6780764
Submitted batch job 6781506
Submitted batch job 6782463
Submitted batch job 6782709
Submitted batch job 6783115
Submitted batch job 6783584
Submitted batch job 6783843
Submitted batch job 6784019
Submitted batch job 6784272
Submitted batch job 6784512
Submitted batch job 6784776
Submitted batch job 6785034
Submitted batch job 6785312
Submitted batch job 6785536
Submitted batch job 6785753
Submitted batch job 6785975
Submitted batch job 6786205
Submitted batch job 6786385
Submitted batch job 6786714
Submitted batch job 6786941
Submitted batch job 6787177
Submitted batch job 6787496
Submitted batch job 6787685
Submitted batch job 6787983
Submitted batch job 6788177
Submitted batch job 6788374
Submitted batch job 6788620
Submitted batch job 6788846
Submitted batch job 6789077
Submitted batch job 6789242
Submitted batch job 6789570
Submitted batch job 6789738
Submitted batch job 6790059
Submitted batch job 6790200
Submitted batch job 6790537
Submitted batch job 6790715
Submitted batch job 6791023
Submitted batch job 6791175
Submitted batch job 6791495
Submitted batch job 6791675
Submitted batch job 6791963
Submitted batch job 6792158
Submitted batch job 6792459
Submitted batch job 6792616
Submitted batch job 6792953
Submitted batch job 6793121
Submitted batch job 6793443
Submitted batch job 6793620
Submitted batch job 6793919
Submitted batch job 6794052
Submitted batch job 6794432
Submitted batch job 6794574
Submitted batch job 6794886
Submitted batch job 6795082
Submitted batch job 6795380
Submitted batch job 6795538
Submitted batch job 6795887
Submitted batch job 6796154
Submitted batch job 6796365
Submitted batch job 6796630
Submitted batch job 6796949
Submitted batch job 6797114
Submitted batch job 6797437
Submitted batch job 6797598
Submitted batch job 6797818
Submitted batch job 6798034
Submitted batch job 6798355
Submitted batch job 6798529
Submitted batch job 6798842
Submitted batch job 6799012
Submitted batch job 6799321
Submitted batch job 6799486
Submitted batch job 6799823
Submitted batch job 6799962
Submitted batch job 6800300
Submitted batch job 6800442
Submitted batch job 6800762
Submitted batch job 6800956
Submitted batch job 6801287
Submitted batch job 6801397
Submitted batch job 6801744
Submitted batch job 6801899
Submitted batch job 6802157
Submitted batch job 6802348
Submitted batch job 6802583
Submitted batch job 6802756
Submitted batch job 6803071
Submitted batch job 6803222
Submitted batch job 6803556
Submitted batch job 6803715
Submitted batch job 6804090
Submitted batch job 6804308
Submitted batch job 6804534
Submitted batch job 6804717
Submitted batch job 6805065
Submitted batch job 6805203
Submitted batch job 6805533
Submitted batch job 6805585
Submitted batch job 6805815
Submitted batch job 6806046
Submitted batch job 6806346
Submitted batch job 6806407
Submitted batch job 6806707
Submitted batch job 6806767
Submitted batch job 6807067
Submitted batch job 6807127
Submitted batch job 6807428
Submitted batch job 6807468
Submitted batch job 6807666
Submitted batch job 6807828
Submitted batch job 6808045
Submitted batch job 6808089
Submitted batch job 6808342
Submitted batch job 6808449
Submitted batch job 6808667
Submitted batch job 6808810
Submitted batch job 6809035
Submitted batch job 6809237
Submitted batch job 6809492
Submitted batch job 6809632
Submitted batch job 6809817
Submitted batch job 6809993
Submitted batch job 6810214
Submitted batch job 6810304
Submitted batch job 6810636
Submitted batch job 6810817
Submitted batch job 6811063
Submitted batch job 6811216
Submitted batch job 6811504
Submitted batch job 6811579
Submitted batch job 6811866
Submitted batch job 6811924
Submitted batch job 6812246
Submitted batch job 6812266
Submitted batch job 6812475
Submitted batch job 6812713
Submitted batch job 6813010
Submitted batch job 6813128
Submitted batch job 6813412
Submitted batch job 6813509
Submitted batch job 6813804
Submitted batch job 6813850
Submitted batch job 6814153
Submitted batch job 6814232
Submitted batch job 6814517
Submitted batch job 6814594
Submitted batch job 6814884
Submitted batch job 6814936
Submitted batch job 6815227
Submitted batch job 6815316
Submitted batch job 6815609
Submitted batch job 6815677
Submitted batch job 6815967
Submitted batch job 6816019
Submitted batch job 6816327
Submitted batch job 6816402
Submitted batch job 6816703
Submitted batch job 6816724
Submitted batch job 6816864
Submitted batch job 6817084
Submitted batch job 6817278
Submitted batch job 6817466
Submitted batch job 6817686
Submitted batch job 6817774
Submitted batch job 6817927
Submitted batch job 6818040
Submitted batch job 6818358
Submitted batch job 6818501
Submitted batch job 6818856
Submitted batch job 6818930
Submitted batch job 6819231
Submitted batch job 6819389
Submitted batch job 6819613
Submitted batch job 6819653
Submitted batch job 6819862
Submitted batch job 6820013
Submitted batch job 6820276
Submitted batch job 6820354
Submitted batch job 6820627
Submitted batch job 6820695
Submitted batch job 6820899
Submitted batch job 6821055
Submitted batch job 6821195
Submitted batch job 6821316
Submitted batch job 6821719
Submitted batch job 6821778
Submitted batch job 6821918
Submitted batch job 6822132
Submitted batch job 6822279
Submitted batch job 6822440
Submitted batch job 6822641
Submitted batch job 6822759
Submitted batch job 6823001
Submitted batch job 6823092
Submitted batch job 6823341
Submitted batch job 6823482
Submitted batch job 6823702
Submitted batch job 6823822
Submitted batch job 6823962
Submitted batch job 6824164
Submitted batch job 6824325
Submitted batch job 6824535
Submitted batch job 6824756
Submitted batch job 6824909
Submitted batch job 6825049
Submitted batch job 6825248
Submitted batch job 6825410
Submitted batch job 6825614
Submitted batch job 6825838
Submitted batch job 6826010
Submitted batch job 6826231
Submitted batch job 6826372
Submitted batch job 6826592
Submitted batch job 6826733
Submitted batch job 6826954
Submitted batch job 6827094
Submitted batch job 6827315
Submitted batch job 6827455
Submitted batch job 6827676
Submitted batch job 6827816
Submitted batch job 6828002
Submitted batch job 6828175
Submitted batch job 6828397
Submitted batch job 6828437
Submitted batch job 6828669
Submitted batch job 6828778
Submitted batch job 6828964
Submitted batch job 6829139
Submitted batch job 6829358
Submitted batch job 6829400
Submitted batch job 6829627
Submitted batch job 6829762
Submitted batch job 6829979
Submitted batch job 6830105
Submitted batch job 6830391
Submitted batch job 6830467
Submitted batch job 6830688
Submitted batch job 6830708
Submitted batch job 6830928
Submitted batch job 6830949
Submitted batch job 6831194
Submitted batch job 6831331
Submitted batch job 6831629
Submitted batch job 6831672
Submitted batch job 6831892
Submitted batch job 6832012
Submitted batch job 6832215
Submitted batch job 6832394
Submitted batch job 6832612
Submitted batch job 6832657
Submitted batch job 6832872
Submitted batch job 6833084
Submitted batch job 6833362
Submitted batch job 6833482
Submitted batch job 6833705
Submitted batch job 6833745
Submitted batch job 6834033
Submitted batch job 6834180
Submitted batch job 6834399
Submitted batch job 6834543
Submitted batch job 6834763
Submitted batch job 6834905
Submitted batch job 6835124
Submitted batch job 6835266
Submitted batch job 6835417
Submitted batch job 6835629
Submitted batch job 6835781
Submitted batch job 6836020
Submitted batch job 6836240
Submitted batch job 6836380
Submitted batch job 6836600
Submitted batch job 6836741
Submitted batch job 6836961
Submitted batch job 6837101
Submitted batch job 6837323
Submitted batch job 6837463
Submitted batch job 6837684
Submitted batch job 6837824
Submitted batch job 6838045
Submitted batch job 6838185
Submitted batch job 6838405
Submitted batch job 6838545
Submitted batch job 6838765
Submitted batch job 6838905
Submitted batch job 6839126
Submitted batch job 6839266
Submitted batch job 6839487
Submitted batch job 6839627
Submitted batch job 6839847
Submitted batch job 6839987
Submitted batch job 6840208
Submitted batch job 6840348
Submitted batch job 6840568
Submitted batch job 6840688
Submitted batch job 6840829
Submitted batch job 6841008
Submitted batch job 6841189
Submitted batch job 6841364
/sise/home/itaitz/EC-KitY/approx_statistics.py:131: UserWarning: Matplotlib is currently using agg, which is a non-GUI backend, so cannot show the figure.
  plt.show()
debug: random seed = 1685811398.0671465
[1.0, 1.0, 1.0, 1.0, 1.0, 1.0, 1.0, 1.0, 1.0, 1.0, 1.0, 1.0, 0.0, 1.0, 0.0, 1.0, 1.0, 1.0, 1.0, 1.0, 1.0, 1.0, 0.0, 0.0, 1.0, 0.0, 1.0, 1.0, 1.0, 1.0, 1.0, 0.0, 1.0, 1.0, 1.0, 1.0, 1.0, 1.0, 1.0, 1.0, 1.0, 1.0, 1.0, 1.0, 1.0, 1.0, 1.0, 1.0, 1.0, 1.0, 1.0, 1.0, 1.0, 1.0, 0.0, 1.0, 1.0, 1.0, 0.0, 1.0, 1.0, 1.0, 1.0, 1.0, 1.0, 1.0, 0.0, 1.0, 1.0, 1.0, 1.0, 0.0, 1.0, 0.0, 1.0, 1.0, 1.0, 0.0, 1.0, 0.0, 1.0, 0.0, 1.0, 1.0, 1.0, 1.0, 1.0, 1.0, 1.0, 1.0, 1.0, 0.0, 1.0, 1.0, 1.0, 1.0, 1.0, 0.0, 1.0, 1.0, 1.0, 1.0, 1.0, 1.0, 1.0, 1.0, 1.0, 1.0, 1.0, 1.0, 1.0, 1.0, 1.0, 1.0, 1.0, 1.0, 1.0, 1.0, 1.0, 1.0, 1.0, 1.0, 1.0, 0.0, 1.0, 0.0, 0.0, 1.0, 1.0, 1.0, 1.0, 1.0, 1.0, 1.0, 1.0, 1.0, 1.0, 1.0, 1.0, 1.0, 1.0, 1.0, 1.0, 1.0, 0.0, 1.0, 0.0, 1.0, 0.0, 1.0, 1.0, 1.0, 1.0, 1.0, 1.0, 1.0, 0.0, 1.0, 1.0, 1.0, 1.0, 1.0, 1.0, 1.0, 1.0, 1.0, 1.0, 1.0, 0.0, 1.0, 0.0, 1.0, 1.0, 1.0, 1.0, 1.0, 1.0, 1.0, 1.0, 1.0, 0.0, 1.0, 0.0, 1.0, 1.0, 1.0, 0.0, 1.0, 0.0, 1.0, 1.0, 1.0, 1.0, 1.0, 1.0, 1.0, 1.0, 1.0, 0.0, 1.0, 0.0, 1.0, 0.0, 1.0, 0.0, 1.0, 0.0, 1.0, 1.0, 1.0, 1.0, 1.0, 1.0, 1.0, 1.0, 1.0, 0.0, 1.0, 0.0, 1.0, 0.0, 0.0, 0.0, 1.0, 0.0, 1.0, 0.0, 1.0, 0.0, 1.0, 0.0, 1.0, 1.0, 0.0, 0.0, 0.0, 0.0, 1.0, 0.0, 0.0, 0.0, 1.0, 0.0, 0.0, 0.0, 0.0, 0.0, 1.0, 0.0, 1.0, 0.0, 1.0, 0.0, 0.0, 0.0, 0.0, 0.0, 0.0, 0.0, 0.0, 0.0, 0.0, 0.0, 0.0, 0.0, 0.0, 0.0, 0.0, 0.0, 1.0, 0.0, 0.0, 0.0, 0.0, 0.0, 0.0, 0.0, 0.0, 0.0, 0.0, 0.0, 0.0, 0.0, 0.0, 0.0, 0.0, 0.0, 0.0, 0.0, 0.0, 0.0, 0.0, 0.0, 0.0, 0.0, 0.0, 0.0, 0.0, 0.0, 0.0, 0.0, 0.0, 0.0, 0.0, 0.0, 0.0, 0.0, 0.0, 0.0, 0.0, 0.0, 0.0, 0.0, 0.0, 0.0, 0.0, 0.0, 0.0, 0.0, 0.0, 0.0, 0.0, 0.0, 0.0]
Approximations: 1.0
Total time: 251.29084744600001
mean_approx_fitnesses = [-9926.108587519668, -9230.84837141664, -9043.677244541868, -8908.301950370633, -8455.28786734397, -8538.077185233285, -9348.698350160252, -8605.561913126932, -8191.89539350693, -8391.187015702384, -7687.393948232536, -7906.7691651488785, -7677.939448813894, -7907.316433877415, -8238.078047865456, -7458.586365813363, -8069.889278294723, -7486.518231912164, -7782.043688799434, -8019.441183847695, -8499.477479424935, -7339.886878967812, -7430.162224195321, -7511.046245364023, -7650.063196075689, -7369.998709539921, -7873.639289161856, -7775.133791301857, -7913.581935838467, -7919.536585992904, -7191.895765311626, -7774.121434170229, -7603.60390471794, -8087.51008041378, -8057.565182396713, -7529.593393635096, -7851.922207069023, -8045.086223219892, -7278.241651425307, -7492.93524863176, -6977.146405413468, -8012.281112093219, -7420.046678307999, -6915.222536679236, -7085.961267603284, -7729.559482239354, -7552.296458107016, -7210.40258522849, -8046.249713468648, -7410.585263700545, -7821.791609814362, -7747.72003716733, -7063.222356084012, -7444.33769441757, -7461.8044209490345, -7138.566345417988, -7664.073782486674, -7414.052039880917, -7592.491454486437, -7535.9386546819005, -8239.93930167644, -7403.129812086795, -7560.693274146104, -7484.905123340918, -7327.5760145450695, -6904.6330937600405, -7232.194900231306, -7750.907339110421, -7679.125523898769, -7941.90174598132, -7713.359152562301, -8300.869300599017, -7525.347543351726, -7305.890906545263, -8001.909195322355, -7148.745441160226, -7352.900923574492, -7242.180412167865, -7447.944055532546, -7862.547138864928, -8131.959012822979, -8099.904003561016, -8120.982709582717, -7929.408551202257, -7524.489457705731, -7059.795740003818, -7285.331050931727, -7757.888790018227, -7693.727479220831, -6985.834289422767, -7842.310944536622, -7777.829157878081, -7709.732192641756, -7040.366707141989, -7882.787462670311, -7602.734601069795, -7815.111329729689, -7530.54735675352, -7347.584884872653, -6934.521885996307, -7699.826904397082, -7414.750987109982, -7811.206067639433, -7936.088516664455, -7767.996004572176, -8047.35393437628, -7398.443483419534, -7937.98152941832, -8009.2263033794625, -7977.350006885872, -7603.564048787895, -7035.105992923627, -7781.845221521213, -7964.858571531013, -7483.3925902305455, -7353.271118357789, -7357.211157176103, -7481.473161419854, -7601.6712652628485, -7242.402930684146, -7727.217835546522, -7701.28162773294, -7498.906556427083, -7876.665726499012, -7208.754240908615, -7599.777085127791, -7323.332616958802, -7519.702587523796, -7479.689573984124, -7603.096500550569, -6581.887810561458, -7502.9439161275195, -7317.890917914737, -7677.378594332458, -7261.171684620062, -8052.609023245753, -7695.77763037601, -7874.343988041357, -7648.438760993837, -7672.919206334736, -7995.453721727432, -7488.347812806449, -7570.333424872613, -8125.988898115433, -7622.8043964658145, -7213.65841096702, -7517.832116277708, -7866.4711162741705, -7262.615798217441, -7138.1344485751, -7698.3294599701185, -7479.677359362644, -7423.822553758978, -7977.225022969247, -7379.450665339479, -8204.780994792041, -7567.353308651801, -7404.987240182348, -7464.955195403642, -7881.032327351929, -7083.853686617526, -7718.027628639762, -7672.89100397498, -8260.648421745329, -7580.073538768871, -7768.8107337347765, -7959.28706120517, -7555.264437034049, -7943.068666192804, -8061.425580231977, -7733.85076520315, -7964.341793098808, -7388.528360488529, -7428.049661499178, -7595.25284391314, -7526.205468399716, -7978.5945721013795, -7297.78460730482, -7044.7313140962415, -7492.410410944551, -7279.8435954026845, -7350.973012528682, -7766.464240364611, -7697.758021967756, -7780.829531520481, -7457.880822722406, -6965.805146715711, -7226.85673464599, -7493.586537861485, -7372.273652478636, -8415.183115073229, -7788.913073880194, -8226.316441926392, -7082.909344190841, -7051.740165923338, -7454.707177142953, -6964.886466967798, -6871.732786987867, -7481.74799690108, -6986.267035067637]
median_approx_fitnesses = [-9963.994126418718, -8810.448057869844, -8317.092347761554, -8169.98973714278, -8006.3467586855295, -7085.82507579997, -7966.005755871283, -6935.830200023236, -6787.762551051404, -6521.331146988408, -6375.759112834887, -6424.941851438791, -6210.786184097979, -6409.531944494767, -6329.044046098785, -6233.250089498491, -6191.589072429817, -6038.109228442825, -5973.389456384199, -5913.355480402988, -6110.146290785226, -5947.492742798924, -5905.467235086398, -5758.557878014497, -5985.725780264027, -6048.847620180106, -5950.773680552937, -5888.935516489295, -5826.521768507539, -5748.791496615759, -5594.980730088804, -5763.069047468613, -5715.955812034714, -5717.821954727806, -5670.179417491719, -5673.608600493464, -5657.073321120011, -5705.703138638724, -5620.668238001725, -5602.1483544707735, -5651.024184072965, -5673.953467899533, -5404.711808230337, -5492.875020333549, -5540.108100797261, -6295.807830665796, -5541.431692955746, -5490.322574062766, -5407.160974478, -5671.590902849772, -5472.5995358233085, -5854.409036383792, -5469.908734385024, -5471.281470771495, -5594.132059968984, -5452.601450904785, -5503.365440070684, -5482.476351982616, -5441.53733810674, -5602.523898502615, -5862.45321004898, -5520.488963039021, -5509.84790317463, -5556.606678848526, -5555.70216338984, -5571.1747281137905, -5585.439332485021, -5651.449578451999, -5630.715080730577, -5487.345476084569, -5531.132361740532, -5526.58528855632, -5547.297446187593, -5650.93198445463, -5655.1432933416945, -5608.807536622466, -5589.475993732613, -5620.117834230958, -5595.111155658407, -5602.635642717272, -5637.580993273543, -5665.89338678865, -5596.681632083302, -5601.406102140347, -5592.675380618413, -5665.624896606161, -5656.1872229319815, -5682.910303776476, -5575.559282530792, -5362.722990015816, -5453.325683816429, -5513.601956032906, -5460.724672838554, -5444.9909925137545, -5422.435297937558, -5512.020121481568, -5592.039343421475, -5446.947357775451, -5656.1912420489025, -5454.988655122153, -5571.234850408082, -5608.922955588929, -5569.97639745269, -5538.382686168245, -5633.971643779232, -5760.203964880899, -5641.507446049458, -5700.808027984305, -5704.247877614616, -5806.570445192903, -5739.20924748896, -5670.773833543477, -5676.564422313397, -5700.400748271513, -5669.627994739292, -5659.587301074611, -5675.848538798204, -5727.337934363106, -5647.579976384346, -5645.293955489053, -5573.151847165651, -5710.525061800039, -5564.675049756863, -5629.297653772168, -5649.434078256707, -5689.902662041952, -5718.288337131127, -5659.836790046285, -5719.809098095848, -5637.273825298376, -5666.723108883558, -5643.611116504015, -5650.260778748019, -5554.537457475197, -5636.103496831971, -5574.992859478856, -5581.236780777237, -5581.398108458887, -5579.494034922151, -5658.396040221163, -5553.100642331374, -5575.413031642969, -5560.901902165166, -5632.742767805696, -5614.398049073814, -5620.475767631651, -5637.901986401965, -5622.860300698398, -5607.6524445770065, -5617.372182448264, -5608.400672641195, -5581.308843879888, -5556.615253877651, -5505.18027268281, -5535.779140954259, -5528.039459833846, -5490.386733437223, -5544.375947936342, -5561.197588933831, -5471.887500284034, -5542.08257020111, -5507.231060759257, -5546.317986042104, -5468.589918558813, -5492.402621159756, -5496.1582478262135, -5559.55436329131, -5440.905316488988, -5486.07479729429, -5497.751709265911, -5490.5382073546425, -5514.386258727231, -5549.645356767529, -5549.886953689716, -5580.298881644443, -5527.037569789818, -5570.132068064637, -5468.681590386537, -5561.135006675817, -5552.261564440536, -5573.929207261002, -5517.236807331217, -5519.965520404814, -5588.883016496478, -5613.409230101137, -5574.296880738382, -5577.143869065099, -5593.866068229179, -5609.358882695598, -5654.453975857641, -5578.715664798065, -5547.893021720371, -5577.085308414229, -5608.453432089891, -5551.797040812278, -5624.8200288501885, -5619.81904352936, -5550.070539717926, -5532.659324082051, -5454.199757120339]
max_approx_fitnesses = [-6771.858398766978, -6078.802188744154, -6538.75183753276, -6168.889407095765, -5183.307391691913, -5348.27061587591, -5626.3176329326525, -6040.393783355998, -5044.620934183738, -5319.286178081929, -5012.77582791953, -5327.6037356058005, -5120.696455181023, -5593.160102552232, -5390.995054642066, -4991.27259332078, -5523.540285864274, -5283.289966271739, -5562.9197547362855, -5550.945999809432, -4835.445360822148, -4548.613163077545, -5088.842244797659, -5297.779202339465, -4677.682016870032, -5137.552080533153, -3900.252599566713, -5058.854890176546, -5152.517866751128, -5046.337398929176, -4722.029667627276, -5238.904019973843, -5428.300949820685, -5398.671234299669, -5338.3996942991, -5199.487836792598, -5334.695852767425, -5257.150145431002, -5410.729906382905, -5162.136039806366, -5247.799196449139, -5397.349524110006, -4669.871790823867, -4624.080012291772, -4183.509848218124, -4783.972367096863, -4920.393734132267, -5429.789077284406, -5254.356431763847, -5420.182098434991, -5088.676248979791, -5492.165868806906, -5469.908734385024, -5471.281470771495, -5594.132059968984, -5452.601450904785, -5147.5692712326345, -5172.67161756884, -5075.156854225843, -5294.64467151626, -5610.674560828547, -5520.488963039021, -5509.84790317463, -5556.606678848526, -5555.70216338984, -5571.1747281137905, -5585.439332485021, -5651.449578451999, -5630.715080730577, -4828.304051197523, -5531.132361740532, -5526.58528855632, -5547.297446187593, -5650.93198445463, -5655.1432933416945, -5608.807536622466, -5589.475993732613, -5620.117834230958, -5595.111155658407, -5602.635642717272, -5637.580993273543, -5665.89338678865, -5468.742850451699, -5304.269121431718, -5210.80716169788, -5218.868550609932, -5180.582927312767, -5310.980102512229, -5480.681503991014, -5146.551973592275, -5329.157741465659, -5392.369049216271, -5333.572372083763, -5364.83397699345, -5393.420192029627, -5344.136708662494, -5503.332944057782, -5446.947357775451, -5641.824215477054, -5454.988655122153, -5571.234850408082, -5608.922955588929, -5569.97639745269, -5538.382686168245, -5633.971643779232, -5760.203964880899, -5641.507446049458, -5700.808027984305, -5570.175247979998, -5604.837121370727, -5739.20924748896, -5670.773833543477, -5676.564422313397, -5595.957259657471, -5585.893525690262, -5587.525400623208, -5612.2399409667505, -5642.696564217689, -5621.379523930329, -5639.703269626854, -5533.243351404002, -5681.607930972161, -5546.686498443745, -5592.174953075979, -5649.434078256707, -5689.902662041952, -5718.288337131127, -5659.836790046285, -5719.809098095848, -5637.273825298376, -5666.723108883558, -5643.611116504015, -5650.260778748019, -5554.537457475197, -5636.103496831971, -5574.992859478856, -5581.236780777237, -5581.398108458887, -5579.494034922151, -5658.396040221163, -5553.100642331374, -5575.413031642969, -5560.901902165166, -5501.197656480417, -5495.336525871591, -5485.100405516245, -5483.921784443251, -5376.403508742693, -5518.638857615679, -5520.736369331229, -5521.683757629184, -5488.074624628105, -5457.83276937437, -5464.963019450954, -5492.783807687983, -5502.764776083981, -5466.947098971381, -5521.969061323962, -5543.535084334213, -5471.887500284034, -5542.08257020111, -5507.231060759257, -5546.317986042104, -5468.589918558813, -5492.402621159756, -5496.1582478262135, -5559.55436329131, -5440.905316488988, -5486.07479729429, -5497.751709265911, -5490.5382073546425, -5514.386258727231, -5549.645356767529, -5549.886953689716, -5580.298881644443, -5527.037569789818, -5570.132068064637, -5468.681590386537, -5561.135006675817, -5552.261564440536, -5573.929207261002, -5517.236807331217, -5519.965520404814, -5588.883016496478, -5613.409230101137, -5574.296880738382, -5577.143869065099, -5593.866068229179, -5609.358882695598, -5654.453975857641, -5578.715664798065, -5547.893021720371, -5577.085308414229, -5501.94043632347, -5439.116580555581, -5520.062263767855, -5507.57754816444, -5434.596848460336, -5532.659324082051, -5454.199757120339]
min_approx_fitnesses = [-14123.595318575106, -13985.439644798511, -16503.305779116847, -13981.64075837965, -15339.841353180193, -17589.763176045395, -17647.995868599668, -18774.2914937495, -16819.2562157735, -17265.47765433574, -16571.014353602848, -15470.651518477853, -18226.96352593592, -19046.702309810753, -18740.71394132913, -18167.73834688607, -22329.39520879702, -19147.125699663586, -16038.02021091123, -19523.569431699092, -19868.46624808897, -16712.644091329606, -18462.23862900881, -19770.128008579093, -18180.04311827221, -20543.21387932793, -19119.21807429216, -19905.554344195105, -19881.19678688633, -18920.649042237575, -18204.20835100337, -21509.14715784002, -21627.723946124133, -23087.9995879888, -19303.85282489619, -18407.703432334834, -21316.290773259552, -16833.606083832692, -17397.628706746586, -21692.151545615674, -15691.880637169741, -22602.931188571547, -20543.25873761136, -22344.788862195415, -17723.879046052178, -20950.395256324024, -19756.515097036227, -22425.984561908404, -21468.09587162736, -20399.116176901516, -20370.961361129524, -20656.845957836245, -19663.409228260647, -19935.88012159282, -19471.72596955827, -19833.218026880255, -20811.534090545916, -18676.56941095975, -27023.39069711873, -17672.761876713455, -22802.16448687151, -17554.67635018946, -22144.501185673056, -25268.435984386066, -17178.721160942714, -20375.530256981794, -18618.463339442, -21056.81517882698, -19925.239088948416, -23286.897005927425, -24219.449697543685, -20628.681418638942, -17415.58317080255, -21779.033915705382, -20831.155210801277, -23094.849509365216, -17194.075857392567, -19114.88866842021, -19752.575603828394, -20925.707352950558, -20149.291200812644, -24897.524757124498, -21189.866470526067, -19950.43741961248, -22302.363740882207, -19904.124218379897, -22880.394853892056, -23499.204806133075, -20485.51081904371, -25076.777830611172, -18909.17594340645, -18786.420127181387, -22310.820472382187, -20638.050690257744, -20123.306675502445, -21408.100617636617, -21759.87613088715, -22598.6831404357, -25575.847686712834, -22329.98503943294, -17900.695802879047, -17468.958168029923, -18477.314509960972, -19485.207789386237, -21789.031397142946, -24407.380358928734, -22092.655184098137, -22360.022944128355, -19694.193773847208, -22072.24114689236, -19522.96187202746, -21875.54902260794, -19486.45707932576, -21734.89148628693, -17669.03835218108, -20264.426981654993, -24895.698407926895, -22657.039243528685, -26893.821129037395, -23807.589091317466, -21812.30895593588, -17899.30608519892, -17941.880526534464, -19189.83336919084, -19450.60496312848, -18098.39797979888, -17340.656154800054, -21733.226122990916, -26750.82861178091, -19151.039660537605, -19275.887981957094, -22073.707485989205, -17949.332097072627, -20217.942032206665, -19844.87017045083, -23627.666504944173, -20906.211222481863, -22573.461385660365, -22319.401673870998, -23467.785882515833, -18375.878251968374, -20165.389315444954, -22785.84571575927, -21225.424678436793, -25583.8729599616, -18269.103584280412, -21469.71014599334, -16274.479967566667, -23348.415409335554, -20425.714161581836, -22369.329792059358, -20559.11800483893, -22623.21624715922, -23248.469595171413, -17504.43847297547, -23804.114820315604, -18757.433693961855, -16853.484472870026, -17535.69010902474, -24316.547611541, -21402.52342881228, -21128.809008838045, -24809.755313268317, -20514.6231492545, -18263.190662445148, -24542.345259647554, -18445.470230833504, -18865.976657121624, -26991.349349844633, -21010.40528695396, -16032.586336941591, -22711.442621191614, -21056.062166031363, -23282.628762568733, -21808.075809012906, -20534.783293038035, -19453.441948199867, -14633.940589087104, -17526.133567212113, -21087.592034303383, -18382.012005507626, -23525.436352997003, -17121.952225768193, -18073.267005499325, -19140.670955529822, -17505.79592617012, -13943.418161232863, -22964.424994124773, -23419.05313311313, -24896.725212248166, -20212.556061584455, -18297.432296865823, -22052.084064599683, -18669.81275935217, -16615.3608815822, -24517.17978583174, -25802.003751103395, -20011.43155842557, -21034.388735466993, -16908.85113459064]
mean_fitnesses = [-9946.57, -8470.41, -7432.57, -7138.38, -7028.0, -6790.84, -6677.76, -6727.0, -6582.8, -6363.9, -6474.63, -6305.86, -6163.62, -6265.62, -6093.29, -6155.89, -6014.76, -5872.91, -5849.85, -5717.13, -5675.43, -5653.02, -5673.32, -5626.47, -5620.16, -5566.43, -5407.74, -5482.27, -5452.85, -5520.77, -5512.61, -5441.87, -5477.13, -5453.89, -5561.73, -5566.99, -5509.73, -5499.0, -5438.6, -5456.9, -5276.66, -5367.63, -5537.31, -5356.6, -5197.61, -5230.51, -5277.81, -5226.48, -5191.4, -5218.67, -5118.34, -5087.27, -5140.49, -5230.08, -5074.66, -5098.03, -5207.68, -5072.14, -4957.66, -5203.27, -5134.35, -5065.14, -5148.7, -5009.3, -5030.95, -5184.6, -4968.6, -4922.65, -5044.5, -5123.73, -5102.15, -4970.23, -5092.54, -4971.16, -4970.72, -5007.51, -5049.45, -5051.01, -4991.74, -4934.39, -5140.68, -4920.73, -5015.75, -4897.94, -5058.49, -5032.68, -5158.69, -5038.65, -5030.81, -4936.29, -5040.2, -5078.48, -4922.62, -4986.42, -4904.0, -5112.58, -4972.04, -4978.16, -5066.2, -4986.08, -4964.47, -4891.48, -4833.8, -4907.93, -5194.96, -5024.44, -4926.65, -5027.05, -5027.95, -5140.72, -5013.76, -4997.32, -4943.91, -4977.84, -4844.82, -5017.84, -4915.25, -4913.21, -4966.98, -4911.32, -5019.1, -5054.98, -4830.39, -4920.19, -5100.52, -5007.4, -4951.33, -5017.99, -4888.82, -4965.15, -4941.33, -4959.42, -4946.55, -4969.46, -5050.5, -4999.3, -4994.22, -4958.95, -5123.26, -4971.62, -4841.17, -4930.93, -5050.7, -4922.7, -5008.2, -4958.95, -4990.99, -4966.13, -4897.73, -4918.78, -4904.42, -4936.84, -5226.39, -4987.61, -4921.67, -4902.35, -4957.17, -4880.89, -4912.14, -4879.35, -4850.75, -4945.98, -4889.12, -4913.27, -4943.33, -4895.87, -4980.46, -4865.48, -4905.61, -4896.2, -5018.93, -4950.34, -5008.78, -4926.39, -5005.4, -5077.59, -5022.05, -4835.76, -4888.35, -4865.26, -4892.93, -4930.82, -4896.57, -5037.22, -4954.31, -4914.84, -4995.18, -4835.81, -5012.0, -4910.29, -4870.99, -4919.99, -4764.61, -4962.35, -4942.42, -5077.49, -4908.79, -4846.89, -4937.49, -4969.87]
median_fitnesses = [-9893.5, -8329.0, -7348.0, -6980.5, -6916.0, -6730.0, -6571.5, -6487.0, -6446.0, -6350.0, -6256.0, -6213.5, -6098.0, -6087.5, -6017.0, -6046.0, -5918.5, -5806.0, -5797.0, -5682.0, -5573.5, -5562.5, -5469.5, -5491.5, -5548.0, -5419.0, -5372.0, -5435.0, -5386.0, -5352.0, -5295.5, -5323.0, -5378.0, -5390.5, -5452.0, -5401.0, -5321.5, -5355.5, -5327.0, -5281.5, -5233.5, -5205.5, -5263.0, -5204.5, -5135.5, -5127.0, -5176.5, -5098.0, -5085.5, -5063.5, -5018.5, -4998.0, -4988.5, -4964.0, -4909.0, -4948.0, -5086.0, -5016.5, -4906.0, -4962.0, -4953.5, -4917.0, -5015.5, -4925.0, -4850.0, -4970.5, -4823.0, -4869.0, -4796.5, -4964.5, -4875.0, -4855.0, -4875.0, -4823.5, -4852.5, -4803.0, -4935.5, -4850.5, -4912.5, -4863.0, -4885.5, -4862.5, -4854.5, -4804.5, -4869.0, -4890.0, -4982.5, -4945.0, -4897.0, -4807.0, -4958.5, -4912.0, -4857.0, -4885.5, -4860.0, -4803.0, -4893.5, -4903.5, -4909.5, -4900.0, -4745.5, -4768.5, -4797.0, -4855.0, -4862.0, -4897.5, -4875.5, -4938.5, -4949.5, -4969.5, -4911.5, -4809.0, -4848.0, -4911.0, -4755.0, -4809.0, -4851.5, -4859.5, -4903.0, -4873.5, -4950.0, -4859.0, -4768.0, -4831.5, -4918.5, -4847.5, -4836.0, -4791.5, -4766.0, -4792.5, -4817.5, -4842.5, -4830.5, -4832.0, -4901.5, -4903.5, -4881.5, -4801.0, -4867.5, -4851.0, -4781.5, -4762.5, -4885.0, -4799.0, -4850.5, -4776.0, -4788.5, -4857.0, -4782.5, -4813.0, -4821.0, -4830.5, -4825.5, -4866.5, -4824.0, -4774.5, -4850.5, -4785.5, -4783.5, -4848.0, -4773.5, -4812.0, -4778.5, -4846.5, -4830.0, -4795.0, -4825.5, -4833.0, -4819.0, -4765.5, -4911.5, -4863.0, -4755.5, -4879.5, -4824.5, -4785.0, -4894.5, -4713.5, -4767.0, -4801.0, -4782.5, -4782.0, -4800.0, -4865.0, -4843.0, -4834.5, -4849.5, -4777.5, -4770.0, -4831.5, -4787.5, -4848.0, -4629.0, -4776.5, -4867.0, -4916.5, -4774.5, -4816.0, -4795.5, -4840.5]
max_fitnesses = [-6573.0, -6164.0, -6159.0, -6103.0, -5953.0, -5636.0, -5731.0, -5637.0, -5177.0, -5311.0, -5402.0, -5257.0, -5180.0, -5187.0, -5123.0, -4824.0, -4922.0, -4676.0, -4706.0, -4679.0, -4744.0, -4713.0, -4579.0, -4629.0, -4455.0, -4556.0, -4331.0, -4635.0, -4284.0, -4621.0, -4616.0, -4481.0, -4541.0, -4344.0, -4576.0, -4591.0, -4565.0, -4616.0, -4441.0, -4378.0, -4574.0, -4270.0, -4396.0, -4161.0, -4312.0, -4175.0, -3863.0, -4372.0, -4031.0, -4090.0, -4244.0, -3990.0, -4113.0, -4106.0, -3914.0, -4170.0, -3948.0, -3937.0, -4189.0, -4017.0, -3678.0, -4209.0, -4162.0, -3913.0, -4109.0, -4063.0, -4174.0, -4128.0, -3619.0, -4200.0, -3799.0, -4077.0, -4004.0, -3938.0, -4056.0, -4169.0, -4067.0, -4139.0, -4182.0, -4014.0, -4077.0, -3920.0, -3887.0, -4031.0, -3971.0, -3862.0, -4191.0, -4102.0, -3923.0, -4238.0, -3968.0, -4016.0, -3839.0, -3841.0, -4095.0, -4344.0, -4030.0, -4013.0, -3961.0, -4042.0, -3996.0, -4090.0, -3834.0, -4081.0, -4122.0, -4152.0, -4019.0, -4007.0, -4176.0, -4038.0, -3827.0, -3899.0, -4028.0, -4142.0, -3827.0, -4063.0, -3896.0, -4220.0, -3877.0, -4083.0, -3911.0, -4100.0, -4052.0, -4061.0, -3936.0, -3730.0, -4057.0, -4021.0, -4027.0, -4115.0, -4093.0, -4149.0, -3961.0, -3947.0, -4114.0, -3802.0, -3867.0, -4056.0, -3998.0, -4013.0, -4048.0, -4168.0, -3879.0, -3898.0, -4208.0, -4016.0, -3591.0, -4123.0, -3983.0, -3896.0, -3898.0, -4005.0, -4044.0, -3989.0, -3958.0, -3903.0, -3909.0, -4106.0, -3839.0, -3500.0, -3916.0, -4209.0, -4114.0, -4111.0, -4061.0, -3833.0, -3984.0, -4026.0, -3812.0, -3932.0, -3970.0, -3720.0, -3897.0, -4119.0, -4074.0, -4071.0, -4134.0, -3921.0, -3935.0, -4020.0, -3842.0, -3916.0, -3879.0, -4240.0, -3940.0, -4041.0, -4020.0, -3632.0, -4126.0, -3859.0, -4022.0, -3934.0, -3987.0, -3918.0, -4064.0, -3977.0, -4089.0, -3833.0, -3811.0, -3900.0]
min_fitnesses = [-14258.0, -12701.0, -10196.0, -12567.0, -9759.0, -9141.0, -8292.0, -9666.0, -9578.0, -8159.0, -11210.0, -8257.0, -8428.0, -9509.0, -7437.0, -7917.0, -8201.0, -7949.0, -8377.0, -7636.0, -7564.0, -8083.0, -13591.0, -13253.0, -9412.0, -7885.0, -7670.0, -9276.0, -7838.0, -12355.0, -9272.0, -8824.0, -10406.0, -7375.0, -8841.0, -9146.0, -9972.0, -8395.0, -8535.0, -7811.0, -6937.0, -9521.0, -12365.0, -8390.0, -7943.0, -8903.0, -9220.0, -8737.0, -9704.0, -12231.0, -9262.0, -6772.0, -9196.0, -12266.0, -9415.0, -8341.0, -7422.0, -7800.0, -7088.0, -13177.0, -8636.0, -7979.0, -9126.0, -7546.0, -9281.0, -13360.0, -8057.0, -7828.0, -8389.0, -13437.0, -12405.0, -6683.0, -12347.0, -7108.0, -7586.0, -7051.0, -7656.0, -8600.0, -6878.0, -6851.0, -12860.0, -7099.0, -8377.0, -6797.0, -12629.0, -7420.0, -8843.0, -8245.0, -9886.0, -7531.0, -7157.0, -12512.0, -8056.0, -7766.0, -6170.0, -9451.0, -7440.0, -6793.0, -9005.0, -7513.0, -8252.0, -7492.0, -6833.0, -6985.0, -14355.0, -8021.0, -7491.0, -10305.0, -6768.0, -10184.0, -7849.0, -8375.0, -7545.0, -6944.0, -7499.0, -12744.0, -7406.0, -8511.0, -8539.0, -6933.0, -8681.0, -9076.0, -7909.0, -7557.0, -12084.0, -12486.0, -7516.0, -12440.0, -8203.0, -7766.0, -8052.0, -8370.0, -9100.0, -9963.0, -8067.0, -9244.0, -7671.0, -8214.0, -13507.0, -7412.0, -7280.0, -7352.0, -9378.0, -7469.0, -7977.0, -8694.0, -9524.0, -8493.0, -9170.0, -7621.0, -6992.0, -9269.0, -14439.0, -8999.0, -7395.0, -8221.0, -9795.0, -7193.0, -7652.0, -6906.0, -7327.0, -8353.0, -9534.0, -6498.0, -7811.0, -7805.0, -8623.0, -6378.0, -6647.0, -7846.0, -7309.0, -8268.0, -12939.0, -6724.0, -8655.0, -8944.0, -8343.0, -6788.0, -7437.0, -7305.0, -7482.0, -7243.0, -7233.0, -12360.0, -8410.0, -7060.0, -9547.0, -7074.0, -12228.0, -7018.0, -7963.0, -6509.0, -7094.0, -12688.0, -7561.0, -8291.0, -9030.0, -7575.0, -7222.0, -8107.0]
approx_errors = [2037.633588288747, 2009.586444615674, 1819.029924417527, 1718.577389647183, 1729.934789888043, 1509.4518861218428, 1423.4391643599793, 1351.5635490359243, 1430.9443820099852, 1427.0493476606255, 1356.046730939711, 1382.3561529617884, 1314.8675887990812, 1246.3252911708805, 1258.2369461481285, 1255.549185139747, 1158.8712004819888, 1300.193036239307, 1233.4552419681306, 1204.518187643074, 1127.389424375356, 1161.4400854857713, 1276.3711021366992, 1077.6385017822513, 1278.7892145132985, 1102.5829740945155, 1232.1346289557507, 1130.014373995137, 981.4225493727912, 1051.9184369215238, 1079.5163336947885, 945.8303107046376, 1050.8955242474456, 1035.194771111942, 962.1020425944668, 986.7920584854836, 974.6056720005727, 940.0109007026628, 973.79534869155, 984.8318418989857, 1059.2745322933306, 917.0504291426386, 926.6629801395299, 878.7133037595863, 952.9418697962402, 922.2872800672329, 928.0664014060161, 895.2951420338268, 1110.5911516031863, 936.7404036712373, 958.0177313361777, 968.1870946758753, 909.065793170946, 976.7819952807507, 850.6818844872395, 940.3202799884921, 941.5132969543988, 990.3666895267712, 992.5861355665274, 948.4337399293855, 1010.9041419947856, 912.2773984930378, 997.5748025645277, 1012.8041718782507, 1051.5863892390169, 977.2440841858476, 963.9286834237852, 1006.5744274448635, 980.245117514885, 885.6389257853294, 954.4406058125238, 931.0657078229324, 955.9119550792371, 864.7486567366778, 862.4663648101345, 884.4284831362803, 878.4233829901605, 932.5636348086038, 868.474382414549, 909.7202114860569, 916.2962480142064, 898.9126807176793, 837.0234844828823, 854.2714801545458, 834.222918517877, 835.3175479916584, 827.8049923532067, 816.1528124877076, 857.0874301873549, 786.7622391549558, 842.5580385799384, 869.6638735980085, 787.9599407799036, 814.8792304064254, 773.2671833134235, 795.3524678680733, 792.0865868153951, 798.003915162874, 758.5823973257874, 789.3917742957832, 772.3627712061233, 750.0189564280282, 775.1864123856913, 709.9707007739802, 751.6650887907398, 754.3930821401096, 775.462813522021, 719.2407242734553, 737.3725458660955, 738.4493840642132, 720.9738629783689, 715.1144855607448, 689.1962323429121, 714.891872604765, 698.1518804225562, 671.0264192777703, 726.0454820431565, 706.081321923874, 678.759295295475, 667.2237259334605, 668.5335893817233, 654.6331088092747, 662.4677637031483, 633.7334108967142, 655.9796594947192, 633.3424030440706, 637.3011609988766, 654.3631419348966, 631.6490606203671, 600.2700666033141, 639.2179447802288, 627.2577768601587, 615.3902754970536, 667.9857338225042, 596.7592461387065, 618.9910202356849, 625.1468896062846, 598.637846553148, 579.8765477684328, 634.050929290981, 584.3783863685015, 582.5118550712119, 606.1171938736263, 563.600593879013, 595.4881951843576, 554.2091993960056, 573.2207941617736, 561.2985714499771, 585.0986582497968, 552.3809450537341, 553.4431693697535, 537.132750205135, 545.2289748546044, 552.4401820975296, 574.2082865911448, 533.4311463907352, 543.1183385737259, 534.9227564619097, 530.5161162566961, 542.1586637954393, 532.8932350980479, 529.6475819494184, 543.1280111319802, 531.6471444167457, 505.9290982488631, 515.3670759946832, 542.1070632290038, 525.8757722893399, 521.6902998866925, 513.4884280020111, 508.8392814872678, 530.119486713733, 522.6814174103432, 506.6932027568277, 525.2304777510041, 507.0198367323821, 506.3474082899852, 501.5683945316791, 507.4161414275248, 505.08829287158795, 523.750595809394, 497.99177665717343, 512.9500642955464, 507.2945079457793, 512.914797240776, 499.637651397426, 517.465850352873, 494.93062644497223, 498.8897067230129, 524.7603978070271, 478.2213653276023, 492.2254962603008, 488.84022899774965, 487.5980613593675, 499.1990537875015, 488.0335591621901, 504.01399635673334, 502.5024051898043, 488.0817171274486, 493.73466367597683]
